2026-01-03 15:38:20 DEBUG BasicClientConnectionManager:161 - Get connection for route {s}->https://fakestoreapi.com:443
2026-01-03 15:38:20 DEBUG DefaultClientConnectionOperator:177 - Connecting to fakestoreapi.com:443
2026-01-03 15:38:21 DEBUG RequestAddCookies:123 - CookieSpec selected: ignoreCookies
2026-01-03 15:38:21 DEBUG RequestAuthCache:77 - Auth cache not set in the context
2026-01-03 15:38:21 DEBUG RequestTargetAuthentication:80 - Target auth state: UNCHALLENGED
2026-01-03 15:38:21 DEBUG RequestProxyAuthentication:89 - Proxy auth state: UNCHALLENGED
2026-01-03 15:38:21 DEBUG DefaultHttpClient:677 - Attempt 1 to execute request
2026-01-03 15:38:21 DEBUG DefaultClientConnection:274 - Sending request: POST /products HTTP/1.1
2026-01-03 15:38:21 DEBUG wire:73 -  >> "POST /products HTTP/1.1[\r][\n]"
2026-01-03 15:38:21 DEBUG wire:73 -  >> "Accept: */*[\r][\n]"
2026-01-03 15:38:21 DEBUG wire:73 -  >> "Content-Type: application/json[\r][\n]"
2026-01-03 15:38:21 DEBUG wire:73 -  >> "Content-Length: 162[\r][\n]"
2026-01-03 15:38:21 DEBUG wire:73 -  >> "Host: fakestoreapi.com[\r][\n]"
2026-01-03 15:38:21 DEBUG wire:73 -  >> "Connection: Keep-Alive[\r][\n]"
2026-01-03 15:38:21 DEBUG wire:73 -  >> "User-Agent: Apache-HttpClient/4.5.13 (Java/17.0.12)[\r][\n]"
2026-01-03 15:38:21 DEBUG wire:73 -  >> "Accept-Encoding: gzip,deflate[\r][\n]"
2026-01-03 15:38:21 DEBUG wire:73 -  >> "[\r][\n]"
2026-01-03 15:38:21 DEBUG headers:278 - >> POST /products HTTP/1.1
2026-01-03 15:38:21 DEBUG headers:281 - >> Accept: */*
2026-01-03 15:38:21 DEBUG headers:281 - >> Content-Type: application/json
2026-01-03 15:38:21 DEBUG headers:281 - >> Content-Length: 162
2026-01-03 15:38:21 DEBUG headers:281 - >> Host: fakestoreapi.com
2026-01-03 15:38:21 DEBUG headers:281 - >> Connection: Keep-Alive
2026-01-03 15:38:21 DEBUG headers:281 - >> User-Agent: Apache-HttpClient/4.5.13 (Java/17.0.12)
2026-01-03 15:38:21 DEBUG headers:281 - >> Accept-Encoding: gzip,deflate
2026-01-03 15:38:21 DEBUG wire:87 -  >> "{"title":"Wireless Mouse","price":25.99,"description":"electronic","category":"https://i.pravatar.cc/100","image":"Ergonomic wireless mouse with adjustable DPI."}"
2026-01-03 15:38:21 DEBUG wire:73 -  << "HTTP/1.1 201 Created[\r][\n]"
2026-01-03 15:38:21 DEBUG wire:73 -  << "Date: Sat, 03 Jan 2026 10:08:21 GMT[\r][\n]"
2026-01-03 15:38:21 DEBUG wire:73 -  << "Content-Type: application/json; charset=utf-8[\r][\n]"
2026-01-03 15:38:21 DEBUG wire:73 -  << "Content-Length: 170[\r][\n]"
2026-01-03 15:38:21 DEBUG wire:73 -  << "Connection: keep-alive[\r][\n]"
2026-01-03 15:38:21 DEBUG wire:73 -  << "access-control-allow-origin: *[\r][\n]"
2026-01-03 15:38:21 DEBUG wire:73 -  << "etag: W/"aa-xA4mb92oGt26tL+O96CWkjxFrSY"[\r][\n]"
2026-01-03 15:38:21 DEBUG wire:73 -  << "x-powered-by: Express[\r][\n]"
2026-01-03 15:38:21 DEBUG wire:73 -  << "cf-cache-status: DYNAMIC[\r][\n]"
2026-01-03 15:38:21 DEBUG wire:73 -  << "Nel: {"report_to":"cf-nel","success_fraction":0.0,"max_age":604800}[\r][\n]"
2026-01-03 15:38:21 DEBUG wire:73 -  << "Report-To: {"group":"cf-nel","max_age":604800,"endpoints":[{"url":"https://a.nel.cloudflare.com/report/v4?s=FPMQ3w6FETbOPZ2d4MLCnblV8zGIg5zZecm%2F9lQh1kKYdTYNYuKFwTUZGIrGhQgGSkFcpPEkZb3LttgvZav3NgunvoCBBPzgy9nxj%2BLaWbM%3D"}]}[\r][\n]"
2026-01-03 15:38:21 DEBUG wire:73 -  << "Server: cloudflare[\r][\n]"
2026-01-03 15:38:21 DEBUG wire:73 -  << "CF-RAY: 9b81b1c46cbf3ed9-BOM[\r][\n]"
2026-01-03 15:38:21 DEBUG wire:73 -  << "alt-svc: h3=":443"; ma=86400[\r][\n]"
2026-01-03 15:38:21 DEBUG wire:73 -  << "[\r][\n]"
2026-01-03 15:38:21 DEBUG DefaultClientConnection:259 - Receiving response: HTTP/1.1 201 Created
2026-01-03 15:38:21 DEBUG headers:262 - << HTTP/1.1 201 Created
2026-01-03 15:38:21 DEBUG headers:265 - << Date: Sat, 03 Jan 2026 10:08:21 GMT
2026-01-03 15:38:21 DEBUG headers:265 - << Content-Type: application/json; charset=utf-8
2026-01-03 15:38:21 DEBUG headers:265 - << Content-Length: 170
2026-01-03 15:38:21 DEBUG headers:265 - << Connection: keep-alive
2026-01-03 15:38:21 DEBUG headers:265 - << access-control-allow-origin: *
2026-01-03 15:38:21 DEBUG headers:265 - << etag: W/"aa-xA4mb92oGt26tL+O96CWkjxFrSY"
2026-01-03 15:38:21 DEBUG headers:265 - << x-powered-by: Express
2026-01-03 15:38:21 DEBUG headers:265 - << cf-cache-status: DYNAMIC
2026-01-03 15:38:21 DEBUG headers:265 - << Nel: {"report_to":"cf-nel","success_fraction":0.0,"max_age":604800}
2026-01-03 15:38:21 DEBUG headers:265 - << Report-To: {"group":"cf-nel","max_age":604800,"endpoints":[{"url":"https://a.nel.cloudflare.com/report/v4?s=FPMQ3w6FETbOPZ2d4MLCnblV8zGIg5zZecm%2F9lQh1kKYdTYNYuKFwTUZGIrGhQgGSkFcpPEkZb3LttgvZav3NgunvoCBBPzgy9nxj%2BLaWbM%3D"}]}
2026-01-03 15:38:21 DEBUG headers:265 - << Server: cloudflare
2026-01-03 15:38:21 DEBUG headers:265 - << CF-RAY: 9b81b1c46cbf3ed9-BOM
2026-01-03 15:38:21 DEBUG headers:265 - << alt-svc: h3=":443"; ma=86400
2026-01-03 15:38:21 DEBUG DefaultHttpClient:504 - Connection can be kept alive indefinitely
2026-01-03 15:38:21 DEBUG RestAssuredHttpBuilder:553 - Parsing response as: application/json; charset=utf-8
2026-01-03 15:38:21 DEBUG RestAssuredHttpBuilder:556 - Parsed data to instance of: class org.apache.http.conn.EofSensorInputStream
2026-01-03 15:38:21 DEBUG wire:87 -  << "{"id":21,"title":"Wireless Mouse","price":25.99,"description":"electronic","image":"Ergonomic wireless mouse with adjustable DPI.","category":"https://i.pravatar.cc/100"}"
2026-01-03 15:38:21 DEBUG BasicClientConnectionManager:200 - Releasing connection org.apache.http.impl.conn.ManagedClientConnectionImpl@52b46d52
2026-01-03 15:38:21 DEBUG BasicClientConnectionManager:225 - Connection can be kept alive indefinitely
2026-01-03 15:38:22 DEBUG BasicClientConnectionManager:161 - Get connection for route {s}->https://fakestoreapi.com:443
2026-01-03 15:38:22 DEBUG DefaultClientConnectionOperator:177 - Connecting to fakestoreapi.com:443
2026-01-03 15:38:22 DEBUG RequestAddCookies:123 - CookieSpec selected: ignoreCookies
2026-01-03 15:38:22 DEBUG RequestAuthCache:77 - Auth cache not set in the context
2026-01-03 15:38:22 DEBUG RequestTargetAuthentication:80 - Target auth state: UNCHALLENGED
2026-01-03 15:38:22 DEBUG RequestProxyAuthentication:89 - Proxy auth state: UNCHALLENGED
2026-01-03 15:38:22 DEBUG DefaultHttpClient:677 - Attempt 1 to execute request
2026-01-03 15:38:22 DEBUG DefaultClientConnection:274 - Sending request: DELETE /products/21 HTTP/1.1
2026-01-03 15:38:22 DEBUG wire:73 -  >> "DELETE /products/21 HTTP/1.1[\r][\n]"
2026-01-03 15:38:22 DEBUG wire:73 -  >> "Accept: */*[\r][\n]"
2026-01-03 15:38:22 DEBUG wire:73 -  >> "Host: fakestoreapi.com[\r][\n]"
2026-01-03 15:38:22 DEBUG wire:73 -  >> "Connection: Keep-Alive[\r][\n]"
2026-01-03 15:38:22 DEBUG wire:73 -  >> "User-Agent: Apache-HttpClient/4.5.13 (Java/17.0.12)[\r][\n]"
2026-01-03 15:38:22 DEBUG wire:73 -  >> "Accept-Encoding: gzip,deflate[\r][\n]"
2026-01-03 15:38:22 DEBUG wire:73 -  >> "[\r][\n]"
2026-01-03 15:38:22 DEBUG headers:278 - >> DELETE /products/21 HTTP/1.1
2026-01-03 15:38:22 DEBUG headers:281 - >> Accept: */*
2026-01-03 15:38:22 DEBUG headers:281 - >> Host: fakestoreapi.com
2026-01-03 15:38:22 DEBUG headers:281 - >> Connection: Keep-Alive
2026-01-03 15:38:22 DEBUG headers:281 - >> User-Agent: Apache-HttpClient/4.5.13 (Java/17.0.12)
2026-01-03 15:38:22 DEBUG headers:281 - >> Accept-Encoding: gzip,deflate
2026-01-03 15:38:23 DEBUG wire:73 -  << "HTTP/1.1 200 OK[\r][\n]"
2026-01-03 15:38:23 DEBUG wire:73 -  << "Date: Sat, 03 Jan 2026 10:08:23 GMT[\r][\n]"
2026-01-03 15:38:23 DEBUG wire:73 -  << "Content-Type: application/json; charset=utf-8[\r][\n]"
2026-01-03 15:38:23 DEBUG wire:73 -  << "Transfer-Encoding: chunked[\r][\n]"
2026-01-03 15:38:23 DEBUG wire:73 -  << "Connection: keep-alive[\r][\n]"
2026-01-03 15:38:23 DEBUG wire:73 -  << "access-control-allow-origin: *[\r][\n]"
2026-01-03 15:38:23 DEBUG wire:73 -  << "x-powered-by: Express[\r][\n]"
2026-01-03 15:38:23 DEBUG wire:73 -  << "cf-cache-status: DYNAMIC[\r][\n]"
2026-01-03 15:38:23 DEBUG wire:73 -  << "Nel: {"report_to":"cf-nel","success_fraction":0.0,"max_age":604800}[\r][\n]"
2026-01-03 15:38:23 DEBUG wire:73 -  << "Report-To: {"group":"cf-nel","max_age":604800,"endpoints":[{"url":"https://a.nel.cloudflare.com/report/v4?s=mUgW4i%2FK%2BOeK1B9kljLPFiuNosYmE2zNAK8%2FEbS%2BwWPFkTRN%2FzuKfTmlLkmU5RrB%2Bl2Xssn5XjD4mZ3C6Z8opBzYBUhvFs5Kl9HPS5BRT2I%3D"}]}[\r][\n]"
2026-01-03 15:38:23 DEBUG wire:73 -  << "Content-Encoding: gzip[\r][\n]"
2026-01-03 15:38:23 DEBUG wire:73 -  << "Server: cloudflare[\r][\n]"
2026-01-03 15:38:23 DEBUG wire:73 -  << "CF-RAY: 9b81b1cefca34019-BOM[\r][\n]"
2026-01-03 15:38:23 DEBUG wire:73 -  << "alt-svc: h3=":443"; ma=86400[\r][\n]"
2026-01-03 15:38:23 DEBUG wire:73 -  << "[\r][\n]"
2026-01-03 15:38:23 DEBUG DefaultClientConnection:259 - Receiving response: HTTP/1.1 200 OK
2026-01-03 15:38:23 DEBUG headers:262 - << HTTP/1.1 200 OK
2026-01-03 15:38:23 DEBUG headers:265 - << Date: Sat, 03 Jan 2026 10:08:23 GMT
2026-01-03 15:38:23 DEBUG headers:265 - << Content-Type: application/json; charset=utf-8
2026-01-03 15:38:23 DEBUG headers:265 - << Transfer-Encoding: chunked
2026-01-03 15:38:23 DEBUG headers:265 - << Connection: keep-alive
2026-01-03 15:38:23 DEBUG headers:265 - << access-control-allow-origin: *
2026-01-03 15:38:23 DEBUG headers:265 - << x-powered-by: Express
2026-01-03 15:38:23 DEBUG headers:265 - << cf-cache-status: DYNAMIC
2026-01-03 15:38:23 DEBUG headers:265 - << Nel: {"report_to":"cf-nel","success_fraction":0.0,"max_age":604800}
2026-01-03 15:38:23 DEBUG headers:265 - << Report-To: {"group":"cf-nel","max_age":604800,"endpoints":[{"url":"https://a.nel.cloudflare.com/report/v4?s=mUgW4i%2FK%2BOeK1B9kljLPFiuNosYmE2zNAK8%2FEbS%2BwWPFkTRN%2FzuKfTmlLkmU5RrB%2Bl2Xssn5XjD4mZ3C6Z8opBzYBUhvFs5Kl9HPS5BRT2I%3D"}]}
2026-01-03 15:38:23 DEBUG headers:265 - << Content-Encoding: gzip
2026-01-03 15:38:23 DEBUG headers:265 - << Server: cloudflare
2026-01-03 15:38:23 DEBUG headers:265 - << CF-RAY: 9b81b1cefca34019-BOM
2026-01-03 15:38:23 DEBUG headers:265 - << alt-svc: h3=":443"; ma=86400
2026-01-03 15:38:23 DEBUG DefaultHttpClient:504 - Connection can be kept alive indefinitely
2026-01-03 15:38:23 DEBUG RestAssuredHttpBuilder:553 - Parsing response as: application/json; charset=utf-8
2026-01-03 15:38:23 DEBUG wire:73 -  << "14[\r][\n]"
2026-01-03 15:38:23 DEBUG wire:87 -  << "[0x1f][0x8b][0x8][0x0][0x0][0x0][0x0][0x0][0x0][0xff][0x3][0x0][0x0][0x0][0x0][0x0][0x0][0x0][0x0][0x0]"
2026-01-03 15:38:23 DEBUG wire:73 -  << "[\r][\n]"
2026-01-03 15:38:23 DEBUG wire:73 -  << "0[\r][\n]"
2026-01-03 15:38:23 DEBUG wire:73 -  << "[\r][\n]"
2026-01-03 15:38:23 DEBUG RestAssuredHttpBuilder:556 - Parsed data to instance of: class org.apache.http.conn.EofSensorInputStream
2026-01-03 15:38:23 DEBUG BasicClientConnectionManager:200 - Releasing connection org.apache.http.impl.conn.ManagedClientConnectionImpl@5b1c32e4
2026-01-03 15:38:23 DEBUG BasicClientConnectionManager:225 - Connection can be kept alive indefinitely
2026-01-03 15:38:23 DEBUG BasicClientConnectionManager:161 - Get connection for route {s}->https://fakestoreapi.com:443
2026-01-03 15:38:23 DEBUG DefaultClientConnectionOperator:177 - Connecting to fakestoreapi.com:443
2026-01-03 15:38:23 DEBUG RequestAddCookies:123 - CookieSpec selected: ignoreCookies
2026-01-03 15:38:23 DEBUG RequestAuthCache:77 - Auth cache not set in the context
2026-01-03 15:38:23 DEBUG RequestTargetAuthentication:80 - Target auth state: UNCHALLENGED
2026-01-03 15:38:23 DEBUG RequestProxyAuthentication:89 - Proxy auth state: UNCHALLENGED
2026-01-03 15:38:23 DEBUG DefaultHttpClient:677 - Attempt 1 to execute request
2026-01-03 15:38:23 DEBUG DefaultClientConnection:274 - Sending request: POST /products HTTP/1.1
2026-01-03 15:38:23 DEBUG wire:73 -  >> "POST /products HTTP/1.1[\r][\n]"
2026-01-03 15:38:23 DEBUG wire:73 -  >> "Accept: */*[\r][\n]"
2026-01-03 15:38:23 DEBUG wire:73 -  >> "Content-Type: application/json[\r][\n]"
2026-01-03 15:38:23 DEBUG wire:73 -  >> "Content-Length: 164[\r][\n]"
2026-01-03 15:38:23 DEBUG wire:73 -  >> "Host: fakestoreapi.com[\r][\n]"
2026-01-03 15:38:23 DEBUG wire:73 -  >> "Connection: Keep-Alive[\r][\n]"
2026-01-03 15:38:23 DEBUG wire:73 -  >> "User-Agent: Apache-HttpClient/4.5.13 (Java/17.0.12)[\r][\n]"
2026-01-03 15:38:23 DEBUG wire:73 -  >> "Accept-Encoding: gzip,deflate[\r][\n]"
2026-01-03 15:38:23 DEBUG wire:73 -  >> "[\r][\n]"
2026-01-03 15:38:23 DEBUG headers:278 - >> POST /products HTTP/1.1
2026-01-03 15:38:23 DEBUG headers:281 - >> Accept: */*
2026-01-03 15:38:23 DEBUG headers:281 - >> Content-Type: application/json
2026-01-03 15:38:23 DEBUG headers:281 - >> Content-Length: 164
2026-01-03 15:38:23 DEBUG headers:281 - >> Host: fakestoreapi.com
2026-01-03 15:38:23 DEBUG headers:281 - >> Connection: Keep-Alive
2026-01-03 15:38:23 DEBUG headers:281 - >> User-Agent: Apache-HttpClient/4.5.13 (Java/17.0.12)
2026-01-03 15:38:23 DEBUG headers:281 - >> Accept-Encoding: gzip,deflate
2026-01-03 15:38:23 DEBUG wire:87 -  >> "{"title":"Gaming Keyboard","price":49.99,"description":"electronic","category":"https://i.pravatar.cc/101","image":"Mechanical gaming keyboard with RGB backlight."}"
2026-01-03 15:38:23 DEBUG wire:73 -  << "HTTP/1.1 201 Created[\r][\n]"
2026-01-03 15:38:23 DEBUG wire:73 -  << "Date: Sat, 03 Jan 2026 10:08:23 GMT[\r][\n]"
2026-01-03 15:38:23 DEBUG wire:73 -  << "Content-Type: application/json; charset=utf-8[\r][\n]"
2026-01-03 15:38:23 DEBUG wire:73 -  << "Content-Length: 172[\r][\n]"
2026-01-03 15:38:23 DEBUG wire:73 -  << "Connection: keep-alive[\r][\n]"
2026-01-03 15:38:23 DEBUG wire:73 -  << "access-control-allow-origin: *[\r][\n]"
2026-01-03 15:38:23 DEBUG wire:73 -  << "etag: W/"ac-Rhv349fOvDCKNPwhTDPgaBxDGco"[\r][\n]"
2026-01-03 15:38:23 DEBUG wire:73 -  << "x-powered-by: Express[\r][\n]"
2026-01-03 15:38:23 DEBUG wire:73 -  << "cf-cache-status: DYNAMIC[\r][\n]"
2026-01-03 15:38:23 DEBUG wire:73 -  << "Nel: {"report_to":"cf-nel","success_fraction":0.0,"max_age":604800}[\r][\n]"
2026-01-03 15:38:23 DEBUG wire:73 -  << "Report-To: {"group":"cf-nel","max_age":604800,"endpoints":[{"url":"https://a.nel.cloudflare.com/report/v4?s=aavuReiSmeXX6J4mZDXA1Vsf3a%2FQXLO0MzSL9W1TShj1ELUX7%2FZnh6wROlXpmxvqRrmtbxPenR6sVuExvFpBYX65WV2owg86cMWgTIlPPNA%3D"}]}[\r][\n]"
2026-01-03 15:38:23 DEBUG wire:73 -  << "Server: cloudflare[\r][\n]"
2026-01-03 15:38:23 DEBUG wire:73 -  << "CF-RAY: 9b81b1d1e865d7fb-BOM[\r][\n]"
2026-01-03 15:38:23 DEBUG wire:73 -  << "alt-svc: h3=":443"; ma=86400[\r][\n]"
2026-01-03 15:38:23 DEBUG wire:73 -  << "[\r][\n]"
2026-01-03 15:38:23 DEBUG DefaultClientConnection:259 - Receiving response: HTTP/1.1 201 Created
2026-01-03 15:38:23 DEBUG headers:262 - << HTTP/1.1 201 Created
2026-01-03 15:38:23 DEBUG headers:265 - << Date: Sat, 03 Jan 2026 10:08:23 GMT
2026-01-03 15:38:23 DEBUG headers:265 - << Content-Type: application/json; charset=utf-8
2026-01-03 15:38:23 DEBUG headers:265 - << Content-Length: 172
2026-01-03 15:38:23 DEBUG headers:265 - << Connection: keep-alive
2026-01-03 15:38:23 DEBUG headers:265 - << access-control-allow-origin: *
2026-01-03 15:38:23 DEBUG headers:265 - << etag: W/"ac-Rhv349fOvDCKNPwhTDPgaBxDGco"
2026-01-03 15:38:23 DEBUG headers:265 - << x-powered-by: Express
2026-01-03 15:38:23 DEBUG headers:265 - << cf-cache-status: DYNAMIC
2026-01-03 15:38:23 DEBUG headers:265 - << Nel: {"report_to":"cf-nel","success_fraction":0.0,"max_age":604800}
2026-01-03 15:38:23 DEBUG headers:265 - << Report-To: {"group":"cf-nel","max_age":604800,"endpoints":[{"url":"https://a.nel.cloudflare.com/report/v4?s=aavuReiSmeXX6J4mZDXA1Vsf3a%2FQXLO0MzSL9W1TShj1ELUX7%2FZnh6wROlXpmxvqRrmtbxPenR6sVuExvFpBYX65WV2owg86cMWgTIlPPNA%3D"}]}
2026-01-03 15:38:23 DEBUG headers:265 - << Server: cloudflare
2026-01-03 15:38:23 DEBUG headers:265 - << CF-RAY: 9b81b1d1e865d7fb-BOM
2026-01-03 15:38:23 DEBUG headers:265 - << alt-svc: h3=":443"; ma=86400
2026-01-03 15:38:23 DEBUG DefaultHttpClient:504 - Connection can be kept alive indefinitely
2026-01-03 15:38:23 DEBUG RestAssuredHttpBuilder:553 - Parsing response as: application/json; charset=utf-8
2026-01-03 15:38:23 DEBUG RestAssuredHttpBuilder:556 - Parsed data to instance of: class org.apache.http.conn.EofSensorInputStream
2026-01-03 15:38:23 DEBUG wire:87 -  << "{"id":21,"title":"Gaming Keyboard","price":49.99,"description":"electronic","image":"Mechanical gaming keyboard with RGB backlight.","category":"https://i.pravatar.cc/101"}"
2026-01-03 15:38:23 DEBUG BasicClientConnectionManager:200 - Releasing connection org.apache.http.impl.conn.ManagedClientConnectionImpl@16cb9989
2026-01-03 15:38:23 DEBUG BasicClientConnectionManager:225 - Connection can be kept alive indefinitely
2026-01-03 15:38:23 DEBUG BasicClientConnectionManager:161 - Get connection for route {s}->https://fakestoreapi.com:443
2026-01-03 15:38:23 DEBUG DefaultClientConnectionOperator:177 - Connecting to fakestoreapi.com:443
2026-01-03 15:38:23 DEBUG RequestAddCookies:123 - CookieSpec selected: ignoreCookies
2026-01-03 15:38:23 DEBUG RequestAuthCache:77 - Auth cache not set in the context
2026-01-03 15:38:23 DEBUG RequestTargetAuthentication:80 - Target auth state: UNCHALLENGED
2026-01-03 15:38:23 DEBUG RequestProxyAuthentication:89 - Proxy auth state: UNCHALLENGED
2026-01-03 15:38:23 DEBUG DefaultHttpClient:677 - Attempt 1 to execute request
2026-01-03 15:38:23 DEBUG DefaultClientConnection:274 - Sending request: DELETE /products/21 HTTP/1.1
2026-01-03 15:38:23 DEBUG wire:73 -  >> "DELETE /products/21 HTTP/1.1[\r][\n]"
2026-01-03 15:38:23 DEBUG wire:73 -  >> "Accept: */*[\r][\n]"
2026-01-03 15:38:23 DEBUG wire:73 -  >> "Host: fakestoreapi.com[\r][\n]"
2026-01-03 15:38:23 DEBUG wire:73 -  >> "Connection: Keep-Alive[\r][\n]"
2026-01-03 15:38:23 DEBUG wire:73 -  >> "User-Agent: Apache-HttpClient/4.5.13 (Java/17.0.12)[\r][\n]"
2026-01-03 15:38:23 DEBUG wire:73 -  >> "Accept-Encoding: gzip,deflate[\r][\n]"
2026-01-03 15:38:23 DEBUG wire:73 -  >> "[\r][\n]"
2026-01-03 15:38:23 DEBUG headers:278 - >> DELETE /products/21 HTTP/1.1
2026-01-03 15:38:23 DEBUG headers:281 - >> Accept: */*
2026-01-03 15:38:23 DEBUG headers:281 - >> Host: fakestoreapi.com
2026-01-03 15:38:23 DEBUG headers:281 - >> Connection: Keep-Alive
2026-01-03 15:38:23 DEBUG headers:281 - >> User-Agent: Apache-HttpClient/4.5.13 (Java/17.0.12)
2026-01-03 15:38:23 DEBUG headers:281 - >> Accept-Encoding: gzip,deflate
2026-01-03 15:38:24 DEBUG wire:73 -  << "HTTP/1.1 200 OK[\r][\n]"
2026-01-03 15:38:24 DEBUG wire:73 -  << "Date: Sat, 03 Jan 2026 10:08:24 GMT[\r][\n]"
2026-01-03 15:38:24 DEBUG wire:73 -  << "Content-Type: application/json; charset=utf-8[\r][\n]"
2026-01-03 15:38:24 DEBUG wire:73 -  << "Transfer-Encoding: chunked[\r][\n]"
2026-01-03 15:38:24 DEBUG wire:73 -  << "Connection: keep-alive[\r][\n]"
2026-01-03 15:38:24 DEBUG wire:73 -  << "access-control-allow-origin: *[\r][\n]"
2026-01-03 15:38:24 DEBUG wire:73 -  << "x-powered-by: Express[\r][\n]"
2026-01-03 15:38:24 DEBUG wire:73 -  << "cf-cache-status: DYNAMIC[\r][\n]"
2026-01-03 15:38:24 DEBUG wire:73 -  << "Nel: {"report_to":"cf-nel","success_fraction":0.0,"max_age":604800}[\r][\n]"
2026-01-03 15:38:24 DEBUG wire:73 -  << "Report-To: {"group":"cf-nel","max_age":604800,"endpoints":[{"url":"https://a.nel.cloudflare.com/report/v4?s=q4VAUZQ%2BsMP86Lxz%2BJD%2BX2wOFihH9cz1Z9O9spRgxMKGe5b%2Bhoamz1NrdHnhDn9cAIV%2FSQ2I2X9Aj9f3fIMbWL9g4XKkPX5yMp0Ls%2FzPIUg%3D"}]}[\r][\n]"
2026-01-03 15:38:24 DEBUG wire:73 -  << "Content-Encoding: gzip[\r][\n]"
2026-01-03 15:38:24 DEBUG wire:73 -  << "Server: cloudflare[\r][\n]"
2026-01-03 15:38:24 DEBUG wire:73 -  << "CF-RAY: 9b81b1d5ac1b4043-BOM[\r][\n]"
2026-01-03 15:38:24 DEBUG wire:73 -  << "alt-svc: h3=":443"; ma=86400[\r][\n]"
2026-01-03 15:38:24 DEBUG wire:73 -  << "[\r][\n]"
2026-01-03 15:38:24 DEBUG DefaultClientConnection:259 - Receiving response: HTTP/1.1 200 OK
2026-01-03 15:38:24 DEBUG headers:262 - << HTTP/1.1 200 OK
2026-01-03 15:38:24 DEBUG headers:265 - << Date: Sat, 03 Jan 2026 10:08:24 GMT
2026-01-03 15:38:24 DEBUG headers:265 - << Content-Type: application/json; charset=utf-8
2026-01-03 15:38:24 DEBUG headers:265 - << Transfer-Encoding: chunked
2026-01-03 15:38:24 DEBUG headers:265 - << Connection: keep-alive
2026-01-03 15:38:24 DEBUG headers:265 - << access-control-allow-origin: *
2026-01-03 15:38:24 DEBUG headers:265 - << x-powered-by: Express
2026-01-03 15:38:24 DEBUG headers:265 - << cf-cache-status: DYNAMIC
2026-01-03 15:38:24 DEBUG headers:265 - << Nel: {"report_to":"cf-nel","success_fraction":0.0,"max_age":604800}
2026-01-03 15:38:24 DEBUG headers:265 - << Report-To: {"group":"cf-nel","max_age":604800,"endpoints":[{"url":"https://a.nel.cloudflare.com/report/v4?s=q4VAUZQ%2BsMP86Lxz%2BJD%2BX2wOFihH9cz1Z9O9spRgxMKGe5b%2Bhoamz1NrdHnhDn9cAIV%2FSQ2I2X9Aj9f3fIMbWL9g4XKkPX5yMp0Ls%2FzPIUg%3D"}]}
2026-01-03 15:38:24 DEBUG headers:265 - << Content-Encoding: gzip
2026-01-03 15:38:24 DEBUG headers:265 - << Server: cloudflare
2026-01-03 15:38:24 DEBUG headers:265 - << CF-RAY: 9b81b1d5ac1b4043-BOM
2026-01-03 15:38:24 DEBUG headers:265 - << alt-svc: h3=":443"; ma=86400
2026-01-03 15:38:24 DEBUG DefaultHttpClient:504 - Connection can be kept alive indefinitely
2026-01-03 15:38:24 DEBUG RestAssuredHttpBuilder:553 - Parsing response as: application/json; charset=utf-8
2026-01-03 15:38:24 DEBUG wire:73 -  << "14[\r][\n]"
2026-01-03 15:38:24 DEBUG wire:87 -  << "[0x1f][0x8b][0x8][0x0][0x0][0x0][0x0][0x0][0x0][0xff][0x3][0x0][0x0][0x0][0x0][0x0][0x0][0x0][0x0][0x0]"
2026-01-03 15:38:24 DEBUG wire:73 -  << "[\r][\n]"
2026-01-03 15:38:24 DEBUG wire:73 -  << "0[\r][\n]"
2026-01-03 15:38:24 DEBUG wire:73 -  << "[\r][\n]"
2026-01-03 15:38:24 DEBUG RestAssuredHttpBuilder:556 - Parsed data to instance of: class org.apache.http.conn.EofSensorInputStream
2026-01-03 15:38:24 DEBUG BasicClientConnectionManager:200 - Releasing connection org.apache.http.impl.conn.ManagedClientConnectionImpl@7739aac4
2026-01-03 15:38:24 DEBUG BasicClientConnectionManager:225 - Connection can be kept alive indefinitely
2026-01-03 15:38:24 DEBUG BasicClientConnectionManager:161 - Get connection for route {s}->https://fakestoreapi.com:443
2026-01-03 15:38:24 DEBUG DefaultClientConnectionOperator:177 - Connecting to fakestoreapi.com:443
2026-01-03 15:38:24 DEBUG RequestAddCookies:123 - CookieSpec selected: ignoreCookies
2026-01-03 15:38:24 DEBUG RequestAuthCache:77 - Auth cache not set in the context
2026-01-03 15:38:24 DEBUG RequestTargetAuthentication:80 - Target auth state: UNCHALLENGED
2026-01-03 15:38:24 DEBUG RequestProxyAuthentication:89 - Proxy auth state: UNCHALLENGED
2026-01-03 15:38:24 DEBUG DefaultHttpClient:677 - Attempt 1 to execute request
2026-01-03 15:38:24 DEBUG DefaultClientConnection:274 - Sending request: POST /products HTTP/1.1
2026-01-03 15:38:24 DEBUG wire:73 -  >> "POST /products HTTP/1.1[\r][\n]"
2026-01-03 15:38:24 DEBUG wire:73 -  >> "Accept: */*[\r][\n]"
2026-01-03 15:38:24 DEBUG wire:73 -  >> "Content-Type: application/json[\r][\n]"
2026-01-03 15:38:24 DEBUG wire:73 -  >> "Content-Length: 175[\r][\n]"
2026-01-03 15:38:24 DEBUG wire:73 -  >> "Host: fakestoreapi.com[\r][\n]"
2026-01-03 15:38:24 DEBUG wire:73 -  >> "Connection: Keep-Alive[\r][\n]"
2026-01-03 15:38:24 DEBUG wire:73 -  >> "User-Agent: Apache-HttpClient/4.5.13 (Java/17.0.12)[\r][\n]"
2026-01-03 15:38:24 DEBUG wire:73 -  >> "Accept-Encoding: gzip,deflate[\r][\n]"
2026-01-03 15:38:24 DEBUG wire:73 -  >> "[\r][\n]"
2026-01-03 15:38:24 DEBUG headers:278 - >> POST /products HTTP/1.1
2026-01-03 15:38:24 DEBUG headers:281 - >> Accept: */*
2026-01-03 15:38:24 DEBUG headers:281 - >> Content-Type: application/json
2026-01-03 15:38:24 DEBUG headers:281 - >> Content-Length: 175
2026-01-03 15:38:24 DEBUG headers:281 - >> Host: fakestoreapi.com
2026-01-03 15:38:24 DEBUG headers:281 - >> Connection: Keep-Alive
2026-01-03 15:38:24 DEBUG headers:281 - >> User-Agent: Apache-HttpClient/4.5.13 (Java/17.0.12)
2026-01-03 15:38:24 DEBUG headers:281 - >> Accept-Encoding: gzip,deflate
2026-01-03 15:38:24 DEBUG wire:87 -  >> "{"title":"Bluetooth Headphones","price":79.99,"description":"electronics","category":"https://i.pravatar.cc/102","image":"Noise-canceling over-ear headphones with deep bass."}"
2026-01-03 15:38:24 DEBUG wire:73 -  << "HTTP/1.1 201 Created[\r][\n]"
2026-01-03 15:38:24 DEBUG wire:73 -  << "Date: Sat, 03 Jan 2026 10:08:24 GMT[\r][\n]"
2026-01-03 15:38:24 DEBUG wire:73 -  << "Content-Type: application/json; charset=utf-8[\r][\n]"
2026-01-03 15:38:24 DEBUG wire:73 -  << "Content-Length: 183[\r][\n]"
2026-01-03 15:38:24 DEBUG wire:73 -  << "Connection: keep-alive[\r][\n]"
2026-01-03 15:38:24 DEBUG wire:73 -  << "access-control-allow-origin: *[\r][\n]"
2026-01-03 15:38:24 DEBUG wire:73 -  << "etag: W/"b7-JUbbSy8coyGLGOrdKSlObQpKrEY"[\r][\n]"
2026-01-03 15:38:24 DEBUG wire:73 -  << "x-powered-by: Express[\r][\n]"
2026-01-03 15:38:24 DEBUG wire:73 -  << "cf-cache-status: DYNAMIC[\r][\n]"
2026-01-03 15:38:24 DEBUG wire:73 -  << "Nel: {"report_to":"cf-nel","success_fraction":0.0,"max_age":604800}[\r][\n]"
2026-01-03 15:38:24 DEBUG wire:73 -  << "Report-To: {"group":"cf-nel","max_age":604800,"endpoints":[{"url":"https://a.nel.cloudflare.com/report/v4?s=tDhgTDzbvYAS%2BTeiswnyoawxrQgZKG%2BIO%2BkoIB1dEI1RfAQhLxqABtzLSoUlwZTA2DSwLRBy92u48JO4qDdigfuNHf8vfGN%2FncI4czLx"}]}[\r][\n]"
2026-01-03 15:38:24 DEBUG wire:73 -  << "Server: cloudflare[\r][\n]"
2026-01-03 15:38:24 DEBUG wire:73 -  << "CF-RAY: 9b81b1d8886daa12-BOM[\r][\n]"
2026-01-03 15:38:24 DEBUG wire:73 -  << "alt-svc: h3=":443"; ma=86400[\r][\n]"
2026-01-03 15:38:24 DEBUG wire:73 -  << "[\r][\n]"
2026-01-03 15:38:24 DEBUG DefaultClientConnection:259 - Receiving response: HTTP/1.1 201 Created
2026-01-03 15:38:24 DEBUG headers:262 - << HTTP/1.1 201 Created
2026-01-03 15:38:24 DEBUG headers:265 - << Date: Sat, 03 Jan 2026 10:08:24 GMT
2026-01-03 15:38:24 DEBUG headers:265 - << Content-Type: application/json; charset=utf-8
2026-01-03 15:38:24 DEBUG headers:265 - << Content-Length: 183
2026-01-03 15:38:24 DEBUG headers:265 - << Connection: keep-alive
2026-01-03 15:38:24 DEBUG headers:265 - << access-control-allow-origin: *
2026-01-03 15:38:24 DEBUG headers:265 - << etag: W/"b7-JUbbSy8coyGLGOrdKSlObQpKrEY"
2026-01-03 15:38:24 DEBUG headers:265 - << x-powered-by: Express
2026-01-03 15:38:24 DEBUG headers:265 - << cf-cache-status: DYNAMIC
2026-01-03 15:38:24 DEBUG headers:265 - << Nel: {"report_to":"cf-nel","success_fraction":0.0,"max_age":604800}
2026-01-03 15:38:24 DEBUG headers:265 - << Report-To: {"group":"cf-nel","max_age":604800,"endpoints":[{"url":"https://a.nel.cloudflare.com/report/v4?s=tDhgTDzbvYAS%2BTeiswnyoawxrQgZKG%2BIO%2BkoIB1dEI1RfAQhLxqABtzLSoUlwZTA2DSwLRBy92u48JO4qDdigfuNHf8vfGN%2FncI4czLx"}]}
2026-01-03 15:38:24 DEBUG headers:265 - << Server: cloudflare
2026-01-03 15:38:24 DEBUG headers:265 - << CF-RAY: 9b81b1d8886daa12-BOM
2026-01-03 15:38:24 DEBUG headers:265 - << alt-svc: h3=":443"; ma=86400
2026-01-03 15:38:24 DEBUG DefaultHttpClient:504 - Connection can be kept alive indefinitely
2026-01-03 15:38:24 DEBUG RestAssuredHttpBuilder:553 - Parsing response as: application/json; charset=utf-8
2026-01-03 15:38:24 DEBUG RestAssuredHttpBuilder:556 - Parsed data to instance of: class org.apache.http.conn.EofSensorInputStream
2026-01-03 15:38:24 DEBUG wire:87 -  << "{"id":21,"title":"Bluetooth Headphones","price":79.99,"description":"electronics","image":"Noise-canceling over-ear headphones with deep bass.","category":"https://i.pravatar.cc/102"}"
2026-01-03 15:38:24 DEBUG BasicClientConnectionManager:200 - Releasing connection org.apache.http.impl.conn.ManagedClientConnectionImpl@451e2fa9
2026-01-03 15:38:24 DEBUG BasicClientConnectionManager:225 - Connection can be kept alive indefinitely
2026-01-03 15:38:24 DEBUG BasicClientConnectionManager:161 - Get connection for route {s}->https://fakestoreapi.com:443
2026-01-03 15:38:24 DEBUG DefaultClientConnectionOperator:177 - Connecting to fakestoreapi.com:443
2026-01-03 15:38:24 DEBUG RequestAddCookies:123 - CookieSpec selected: ignoreCookies
2026-01-03 15:38:24 DEBUG RequestAuthCache:77 - Auth cache not set in the context
2026-01-03 15:38:24 DEBUG RequestTargetAuthentication:80 - Target auth state: UNCHALLENGED
2026-01-03 15:38:24 DEBUG RequestProxyAuthentication:89 - Proxy auth state: UNCHALLENGED
2026-01-03 15:38:24 DEBUG DefaultHttpClient:677 - Attempt 1 to execute request
2026-01-03 15:38:24 DEBUG DefaultClientConnection:274 - Sending request: DELETE /products/21 HTTP/1.1
2026-01-03 15:38:24 DEBUG wire:73 -  >> "DELETE /products/21 HTTP/1.1[\r][\n]"
2026-01-03 15:38:24 DEBUG wire:73 -  >> "Accept: */*[\r][\n]"
2026-01-03 15:38:24 DEBUG wire:73 -  >> "Host: fakestoreapi.com[\r][\n]"
2026-01-03 15:38:24 DEBUG wire:73 -  >> "Connection: Keep-Alive[\r][\n]"
2026-01-03 15:38:24 DEBUG wire:73 -  >> "User-Agent: Apache-HttpClient/4.5.13 (Java/17.0.12)[\r][\n]"
2026-01-03 15:38:24 DEBUG wire:73 -  >> "Accept-Encoding: gzip,deflate[\r][\n]"
2026-01-03 15:38:24 DEBUG wire:73 -  >> "[\r][\n]"
2026-01-03 15:38:24 DEBUG headers:278 - >> DELETE /products/21 HTTP/1.1
2026-01-03 15:38:24 DEBUG headers:281 - >> Accept: */*
2026-01-03 15:38:24 DEBUG headers:281 - >> Host: fakestoreapi.com
2026-01-03 15:38:24 DEBUG headers:281 - >> Connection: Keep-Alive
2026-01-03 15:38:24 DEBUG headers:281 - >> User-Agent: Apache-HttpClient/4.5.13 (Java/17.0.12)
2026-01-03 15:38:24 DEBUG headers:281 - >> Accept-Encoding: gzip,deflate
2026-01-03 15:38:25 DEBUG wire:73 -  << "HTTP/1.1 200 OK[\r][\n]"
2026-01-03 15:38:25 DEBUG wire:73 -  << "Date: Sat, 03 Jan 2026 10:08:25 GMT[\r][\n]"
2026-01-03 15:38:25 DEBUG wire:73 -  << "Content-Type: application/json; charset=utf-8[\r][\n]"
2026-01-03 15:38:25 DEBUG wire:73 -  << "Transfer-Encoding: chunked[\r][\n]"
2026-01-03 15:38:25 DEBUG wire:73 -  << "Connection: keep-alive[\r][\n]"
2026-01-03 15:38:25 DEBUG wire:73 -  << "access-control-allow-origin: *[\r][\n]"
2026-01-03 15:38:25 DEBUG wire:73 -  << "x-powered-by: Express[\r][\n]"
2026-01-03 15:38:25 DEBUG wire:73 -  << "cf-cache-status: DYNAMIC[\r][\n]"
2026-01-03 15:38:25 DEBUG wire:73 -  << "Nel: {"report_to":"cf-nel","success_fraction":0.0,"max_age":604800}[\r][\n]"
2026-01-03 15:38:25 DEBUG wire:73 -  << "Report-To: {"group":"cf-nel","max_age":604800,"endpoints":[{"url":"https://a.nel.cloudflare.com/report/v4?s=lJVOjW%2FQn8GWDhGG58G6ek4TxNXVG%2BWRGljLdupLAWcKb4l4Zg1QmWMvIEBcncOjN9%2Bl3kgJ%2BFoJSDEdCXBGNYS4fKM8Rt6dyG4TiMn6xPw%3D"}]}[\r][\n]"
2026-01-03 15:38:25 DEBUG wire:73 -  << "Content-Encoding: gzip[\r][\n]"
2026-01-03 15:38:25 DEBUG wire:73 -  << "Server: cloudflare[\r][\n]"
2026-01-03 15:38:25 DEBUG wire:73 -  << "CF-RAY: 9b81b1dc2d72ff77-BOM[\r][\n]"
2026-01-03 15:38:25 DEBUG wire:73 -  << "alt-svc: h3=":443"; ma=86400[\r][\n]"
2026-01-03 15:38:25 DEBUG wire:73 -  << "[\r][\n]"
2026-01-03 15:38:25 DEBUG DefaultClientConnection:259 - Receiving response: HTTP/1.1 200 OK
2026-01-03 15:38:25 DEBUG headers:262 - << HTTP/1.1 200 OK
2026-01-03 15:38:25 DEBUG headers:265 - << Date: Sat, 03 Jan 2026 10:08:25 GMT
2026-01-03 15:38:25 DEBUG headers:265 - << Content-Type: application/json; charset=utf-8
2026-01-03 15:38:25 DEBUG headers:265 - << Transfer-Encoding: chunked
2026-01-03 15:38:25 DEBUG headers:265 - << Connection: keep-alive
2026-01-03 15:38:25 DEBUG headers:265 - << access-control-allow-origin: *
2026-01-03 15:38:25 DEBUG headers:265 - << x-powered-by: Express
2026-01-03 15:38:25 DEBUG headers:265 - << cf-cache-status: DYNAMIC
2026-01-03 15:38:25 DEBUG headers:265 - << Nel: {"report_to":"cf-nel","success_fraction":0.0,"max_age":604800}
2026-01-03 15:38:25 DEBUG headers:265 - << Report-To: {"group":"cf-nel","max_age":604800,"endpoints":[{"url":"https://a.nel.cloudflare.com/report/v4?s=lJVOjW%2FQn8GWDhGG58G6ek4TxNXVG%2BWRGljLdupLAWcKb4l4Zg1QmWMvIEBcncOjN9%2Bl3kgJ%2BFoJSDEdCXBGNYS4fKM8Rt6dyG4TiMn6xPw%3D"}]}
2026-01-03 15:38:25 DEBUG headers:265 - << Content-Encoding: gzip
2026-01-03 15:38:25 DEBUG headers:265 - << Server: cloudflare
2026-01-03 15:38:25 DEBUG headers:265 - << CF-RAY: 9b81b1dc2d72ff77-BOM
2026-01-03 15:38:25 DEBUG headers:265 - << alt-svc: h3=":443"; ma=86400
2026-01-03 15:38:25 DEBUG DefaultHttpClient:504 - Connection can be kept alive indefinitely
2026-01-03 15:38:25 DEBUG RestAssuredHttpBuilder:553 - Parsing response as: application/json; charset=utf-8
2026-01-03 15:38:25 DEBUG wire:73 -  << "14[\r][\n]"
2026-01-03 15:38:25 DEBUG wire:87 -  << "[0x1f][0x8b][0x8][0x0][0x0][0x0][0x0][0x0][0x0][0xff][0x3][0x0][0x0][0x0][0x0][0x0][0x0][0x0][0x0][0x0]"
2026-01-03 15:38:25 DEBUG wire:73 -  << "[\r][\n]"
2026-01-03 15:38:25 DEBUG wire:73 -  << "0[\r][\n]"
2026-01-03 15:38:25 DEBUG wire:73 -  << "[\r][\n]"
2026-01-03 15:38:25 DEBUG RestAssuredHttpBuilder:556 - Parsed data to instance of: class org.apache.http.conn.EofSensorInputStream
2026-01-03 15:38:25 DEBUG BasicClientConnectionManager:200 - Releasing connection org.apache.http.impl.conn.ManagedClientConnectionImpl@2c8b8de0
2026-01-03 15:38:25 DEBUG BasicClientConnectionManager:225 - Connection can be kept alive indefinitely
2026-01-03 15:38:25 DEBUG BasicClientConnectionManager:161 - Get connection for route {s}->https://fakestoreapi.com:443
2026-01-03 15:38:25 DEBUG DefaultClientConnectionOperator:177 - Connecting to fakestoreapi.com:443
2026-01-03 15:38:25 DEBUG RequestAddCookies:123 - CookieSpec selected: ignoreCookies
2026-01-03 15:38:25 DEBUG RequestAuthCache:77 - Auth cache not set in the context
2026-01-03 15:38:25 DEBUG RequestTargetAuthentication:80 - Target auth state: UNCHALLENGED
2026-01-03 15:38:25 DEBUG RequestProxyAuthentication:89 - Proxy auth state: UNCHALLENGED
2026-01-03 15:38:25 DEBUG DefaultHttpClient:677 - Attempt 1 to execute request
2026-01-03 15:38:25 DEBUG DefaultClientConnection:274 - Sending request: POST /products HTTP/1.1
2026-01-03 15:38:25 DEBUG wire:73 -  >> "POST /products HTTP/1.1[\r][\n]"
2026-01-03 15:38:25 DEBUG wire:73 -  >> "Accept: */*[\r][\n]"
2026-01-03 15:38:25 DEBUG wire:73 -  >> "Content-Type: application/json[\r][\n]"
2026-01-03 15:38:25 DEBUG wire:73 -  >> "Content-Length: 165[\r][\n]"
2026-01-03 15:38:25 DEBUG wire:73 -  >> "Host: fakestoreapi.com[\r][\n]"
2026-01-03 15:38:25 DEBUG wire:73 -  >> "Connection: Keep-Alive[\r][\n]"
2026-01-03 15:38:25 DEBUG wire:73 -  >> "User-Agent: Apache-HttpClient/4.5.13 (Java/17.0.12)[\r][\n]"
2026-01-03 15:38:25 DEBUG wire:73 -  >> "Accept-Encoding: gzip,deflate[\r][\n]"
2026-01-03 15:38:25 DEBUG wire:73 -  >> "[\r][\n]"
2026-01-03 15:38:25 DEBUG headers:278 - >> POST /products HTTP/1.1
2026-01-03 15:38:25 DEBUG headers:281 - >> Accept: */*
2026-01-03 15:38:25 DEBUG headers:281 - >> Content-Type: application/json
2026-01-03 15:38:25 DEBUG headers:281 - >> Content-Length: 165
2026-01-03 15:38:25 DEBUG headers:281 - >> Host: fakestoreapi.com
2026-01-03 15:38:25 DEBUG headers:281 - >> Connection: Keep-Alive
2026-01-03 15:38:25 DEBUG headers:281 - >> User-Agent: Apache-HttpClient/4.5.13 (Java/17.0.12)
2026-01-03 15:38:25 DEBUG headers:281 - >> Accept-Encoding: gzip,deflate
2026-01-03 15:38:25 DEBUG wire:87 -  >> "{"title":"Smart Watch","price":129.99,"description":"wearables","category":"https://i.pravatar.cc/103","image":"Fitness smartwatch with heart rate monitor and GPS."}"
2026-01-03 15:38:25 DEBUG wire:73 -  << "HTTP/1.1 201 Created[\r][\n]"
2026-01-03 15:38:25 DEBUG wire:73 -  << "Date: Sat, 03 Jan 2026 10:08:25 GMT[\r][\n]"
2026-01-03 15:38:25 DEBUG wire:73 -  << "Content-Type: application/json; charset=utf-8[\r][\n]"
2026-01-03 15:38:25 DEBUG wire:73 -  << "Content-Length: 173[\r][\n]"
2026-01-03 15:38:25 DEBUG wire:73 -  << "Connection: keep-alive[\r][\n]"
2026-01-03 15:38:25 DEBUG wire:73 -  << "access-control-allow-origin: *[\r][\n]"
2026-01-03 15:38:25 DEBUG wire:73 -  << "etag: W/"ad-9yaRlDcXsS+OBWGLxJLmrJO2QWU"[\r][\n]"
2026-01-03 15:38:25 DEBUG wire:73 -  << "x-powered-by: Express[\r][\n]"
2026-01-03 15:38:25 DEBUG wire:73 -  << "cf-cache-status: DYNAMIC[\r][\n]"
2026-01-03 15:38:25 DEBUG wire:73 -  << "Nel: {"report_to":"cf-nel","success_fraction":0.0,"max_age":604800}[\r][\n]"
2026-01-03 15:38:25 DEBUG wire:73 -  << "Report-To: {"group":"cf-nel","max_age":604800,"endpoints":[{"url":"https://a.nel.cloudflare.com/report/v4?s=V2hvoK9Rtccjas1Pg%2FTQKq8CYRE89zOwQJJYiGHfChowd3FM3qwZRNRKXDT2tb%2FZCffsbs%2FgienbeRN0qn0rKqtEKRAEpm%2FGbFerHtq%2BAfU%3D"}]}[\r][\n]"
2026-01-03 15:38:25 DEBUG wire:73 -  << "Server: cloudflare[\r][\n]"
2026-01-03 15:38:25 DEBUG wire:73 -  << "CF-RAY: 9b81b1df1c1b8b82-BOM[\r][\n]"
2026-01-03 15:38:25 DEBUG wire:73 -  << "alt-svc: h3=":443"; ma=86400[\r][\n]"
2026-01-03 15:38:25 DEBUG wire:73 -  << "[\r][\n]"
2026-01-03 15:38:25 DEBUG DefaultClientConnection:259 - Receiving response: HTTP/1.1 201 Created
2026-01-03 15:38:25 DEBUG headers:262 - << HTTP/1.1 201 Created
2026-01-03 15:38:25 DEBUG headers:265 - << Date: Sat, 03 Jan 2026 10:08:25 GMT
2026-01-03 15:38:25 DEBUG headers:265 - << Content-Type: application/json; charset=utf-8
2026-01-03 15:38:25 DEBUG headers:265 - << Content-Length: 173
2026-01-03 15:38:25 DEBUG headers:265 - << Connection: keep-alive
2026-01-03 15:38:25 DEBUG headers:265 - << access-control-allow-origin: *
2026-01-03 15:38:25 DEBUG headers:265 - << etag: W/"ad-9yaRlDcXsS+OBWGLxJLmrJO2QWU"
2026-01-03 15:38:25 DEBUG headers:265 - << x-powered-by: Express
2026-01-03 15:38:25 DEBUG headers:265 - << cf-cache-status: DYNAMIC
2026-01-03 15:38:25 DEBUG headers:265 - << Nel: {"report_to":"cf-nel","success_fraction":0.0,"max_age":604800}
2026-01-03 15:38:25 DEBUG headers:265 - << Report-To: {"group":"cf-nel","max_age":604800,"endpoints":[{"url":"https://a.nel.cloudflare.com/report/v4?s=V2hvoK9Rtccjas1Pg%2FTQKq8CYRE89zOwQJJYiGHfChowd3FM3qwZRNRKXDT2tb%2FZCffsbs%2FgienbeRN0qn0rKqtEKRAEpm%2FGbFerHtq%2BAfU%3D"}]}
2026-01-03 15:38:25 DEBUG headers:265 - << Server: cloudflare
2026-01-03 15:38:25 DEBUG headers:265 - << CF-RAY: 9b81b1df1c1b8b82-BOM
2026-01-03 15:38:25 DEBUG headers:265 - << alt-svc: h3=":443"; ma=86400
2026-01-03 15:38:25 DEBUG DefaultHttpClient:504 - Connection can be kept alive indefinitely
2026-01-03 15:38:25 DEBUG RestAssuredHttpBuilder:553 - Parsing response as: application/json; charset=utf-8
2026-01-03 15:38:25 DEBUG RestAssuredHttpBuilder:556 - Parsed data to instance of: class org.apache.http.conn.EofSensorInputStream
2026-01-03 15:38:25 DEBUG wire:87 -  << "{"id":21,"title":"Smart Watch","price":129.99,"description":"wearables","image":"Fitness smartwatch with heart rate monitor and GPS.","category":"https://i.pravatar.cc/103"}"
2026-01-03 15:38:25 DEBUG BasicClientConnectionManager:200 - Releasing connection org.apache.http.impl.conn.ManagedClientConnectionImpl@1fe8f5e8
2026-01-03 15:38:25 DEBUG BasicClientConnectionManager:225 - Connection can be kept alive indefinitely
2026-01-03 15:38:25 DEBUG BasicClientConnectionManager:161 - Get connection for route {s}->https://fakestoreapi.com:443
2026-01-03 15:38:25 DEBUG DefaultClientConnectionOperator:177 - Connecting to fakestoreapi.com:443
2026-01-03 15:38:25 DEBUG RequestAddCookies:123 - CookieSpec selected: ignoreCookies
2026-01-03 15:38:25 DEBUG RequestAuthCache:77 - Auth cache not set in the context
2026-01-03 15:38:25 DEBUG RequestTargetAuthentication:80 - Target auth state: UNCHALLENGED
2026-01-03 15:38:25 DEBUG RequestProxyAuthentication:89 - Proxy auth state: UNCHALLENGED
2026-01-03 15:38:25 DEBUG DefaultHttpClient:677 - Attempt 1 to execute request
2026-01-03 15:38:25 DEBUG DefaultClientConnection:274 - Sending request: DELETE /products/21 HTTP/1.1
2026-01-03 15:38:25 DEBUG wire:73 -  >> "DELETE /products/21 HTTP/1.1[\r][\n]"
2026-01-03 15:38:25 DEBUG wire:73 -  >> "Accept: */*[\r][\n]"
2026-01-03 15:38:25 DEBUG wire:73 -  >> "Host: fakestoreapi.com[\r][\n]"
2026-01-03 15:38:25 DEBUG wire:73 -  >> "Connection: Keep-Alive[\r][\n]"
2026-01-03 15:38:25 DEBUG wire:73 -  >> "User-Agent: Apache-HttpClient/4.5.13 (Java/17.0.12)[\r][\n]"
2026-01-03 15:38:25 DEBUG wire:73 -  >> "Accept-Encoding: gzip,deflate[\r][\n]"
2026-01-03 15:38:25 DEBUG wire:73 -  >> "[\r][\n]"
2026-01-03 15:38:25 DEBUG headers:278 - >> DELETE /products/21 HTTP/1.1
2026-01-03 15:38:25 DEBUG headers:281 - >> Accept: */*
2026-01-03 15:38:25 DEBUG headers:281 - >> Host: fakestoreapi.com
2026-01-03 15:38:25 DEBUG headers:281 - >> Connection: Keep-Alive
2026-01-03 15:38:25 DEBUG headers:281 - >> User-Agent: Apache-HttpClient/4.5.13 (Java/17.0.12)
2026-01-03 15:38:25 DEBUG headers:281 - >> Accept-Encoding: gzip,deflate
2026-01-03 15:38:26 DEBUG wire:73 -  << "HTTP/1.1 200 OK[\r][\n]"
2026-01-03 15:38:26 DEBUG wire:73 -  << "Date: Sat, 03 Jan 2026 10:08:26 GMT[\r][\n]"
2026-01-03 15:38:26 DEBUG wire:73 -  << "Content-Type: application/json; charset=utf-8[\r][\n]"
2026-01-03 15:38:26 DEBUG wire:73 -  << "Transfer-Encoding: chunked[\r][\n]"
2026-01-03 15:38:26 DEBUG wire:73 -  << "Connection: keep-alive[\r][\n]"
2026-01-03 15:38:26 DEBUG wire:73 -  << "access-control-allow-origin: *[\r][\n]"
2026-01-03 15:38:26 DEBUG wire:73 -  << "x-powered-by: Express[\r][\n]"
2026-01-03 15:38:26 DEBUG wire:73 -  << "cf-cache-status: DYNAMIC[\r][\n]"
2026-01-03 15:38:26 DEBUG wire:73 -  << "Nel: {"report_to":"cf-nel","success_fraction":0.0,"max_age":604800}[\r][\n]"
2026-01-03 15:38:26 DEBUG wire:73 -  << "Report-To: {"group":"cf-nel","max_age":604800,"endpoints":[{"url":"https://a.nel.cloudflare.com/report/v4?s=8ew9ZmBqxiw2Oh4ls96dkjM5jfu5e3FzbKJMRsWc4T%2BQsyR7PRyIUxHQ1nrZrmygstk3aR%2BozGeeKThbbq3%2Fd%2Fi%2FQwWfDfleaqxWvtk%2BavI%3D"}]}[\r][\n]"
2026-01-03 15:38:26 DEBUG wire:73 -  << "Content-Encoding: gzip[\r][\n]"
2026-01-03 15:38:26 DEBUG wire:73 -  << "Server: cloudflare[\r][\n]"
2026-01-03 15:38:26 DEBUG wire:73 -  << "CF-RAY: 9b81b1e2afd147ce-BOM[\r][\n]"
2026-01-03 15:38:26 DEBUG wire:73 -  << "alt-svc: h3=":443"; ma=86400[\r][\n]"
2026-01-03 15:38:26 DEBUG wire:73 -  << "[\r][\n]"
2026-01-03 15:38:26 DEBUG DefaultClientConnection:259 - Receiving response: HTTP/1.1 200 OK
2026-01-03 15:38:26 DEBUG headers:262 - << HTTP/1.1 200 OK
2026-01-03 15:38:26 DEBUG headers:265 - << Date: Sat, 03 Jan 2026 10:08:26 GMT
2026-01-03 15:38:26 DEBUG headers:265 - << Content-Type: application/json; charset=utf-8
2026-01-03 15:38:26 DEBUG headers:265 - << Transfer-Encoding: chunked
2026-01-03 15:38:26 DEBUG headers:265 - << Connection: keep-alive
2026-01-03 15:38:26 DEBUG headers:265 - << access-control-allow-origin: *
2026-01-03 15:38:26 DEBUG headers:265 - << x-powered-by: Express
2026-01-03 15:38:26 DEBUG headers:265 - << cf-cache-status: DYNAMIC
2026-01-03 15:38:26 DEBUG headers:265 - << Nel: {"report_to":"cf-nel","success_fraction":0.0,"max_age":604800}
2026-01-03 15:38:26 DEBUG headers:265 - << Report-To: {"group":"cf-nel","max_age":604800,"endpoints":[{"url":"https://a.nel.cloudflare.com/report/v4?s=8ew9ZmBqxiw2Oh4ls96dkjM5jfu5e3FzbKJMRsWc4T%2BQsyR7PRyIUxHQ1nrZrmygstk3aR%2BozGeeKThbbq3%2Fd%2Fi%2FQwWfDfleaqxWvtk%2BavI%3D"}]}
2026-01-03 15:38:26 DEBUG headers:265 - << Content-Encoding: gzip
2026-01-03 15:38:26 DEBUG headers:265 - << Server: cloudflare
2026-01-03 15:38:26 DEBUG headers:265 - << CF-RAY: 9b81b1e2afd147ce-BOM
2026-01-03 15:38:26 DEBUG headers:265 - << alt-svc: h3=":443"; ma=86400
2026-01-03 15:38:26 DEBUG DefaultHttpClient:504 - Connection can be kept alive indefinitely
2026-01-03 15:38:26 DEBUG RestAssuredHttpBuilder:553 - Parsing response as: application/json; charset=utf-8
2026-01-03 15:38:26 DEBUG wire:73 -  << "14[\r][\n]"
2026-01-03 15:38:26 DEBUG wire:87 -  << "[0x1f][0x8b][0x8][0x0][0x0][0x0][0x0][0x0][0x0][0xff][0x3][0x0][0x0][0x0][0x0][0x0][0x0][0x0][0x0][0x0]"
2026-01-03 15:38:26 DEBUG wire:73 -  << "[\r][\n]"
2026-01-03 15:38:26 DEBUG wire:73 -  << "0[\r][\n]"
2026-01-03 15:38:26 DEBUG wire:73 -  << "[\r][\n]"
2026-01-03 15:38:26 DEBUG RestAssuredHttpBuilder:556 - Parsed data to instance of: class org.apache.http.conn.EofSensorInputStream
2026-01-03 15:38:26 DEBUG BasicClientConnectionManager:200 - Releasing connection org.apache.http.impl.conn.ManagedClientConnectionImpl@73e4bb60
2026-01-03 15:38:26 DEBUG BasicClientConnectionManager:225 - Connection can be kept alive indefinitely
2026-01-03 15:38:26 DEBUG BasicClientConnectionManager:161 - Get connection for route {s}->https://fakestoreapi.com:443
2026-01-03 15:38:26 DEBUG DefaultClientConnectionOperator:177 - Connecting to fakestoreapi.com:443
2026-01-03 15:38:26 DEBUG RequestAddCookies:123 - CookieSpec selected: ignoreCookies
2026-01-03 15:38:26 DEBUG RequestAuthCache:77 - Auth cache not set in the context
2026-01-03 15:38:26 DEBUG RequestTargetAuthentication:80 - Target auth state: UNCHALLENGED
2026-01-03 15:38:26 DEBUG RequestProxyAuthentication:89 - Proxy auth state: UNCHALLENGED
2026-01-03 15:38:26 DEBUG DefaultHttpClient:677 - Attempt 1 to execute request
2026-01-03 15:38:26 DEBUG DefaultClientConnection:274 - Sending request: POST /products HTTP/1.1
2026-01-03 15:38:26 DEBUG wire:73 -  >> "POST /products HTTP/1.1[\r][\n]"
2026-01-03 15:38:26 DEBUG wire:73 -  >> "Accept: */*[\r][\n]"
2026-01-03 15:38:26 DEBUG wire:73 -  >> "Content-Type: application/json[\r][\n]"
2026-01-03 15:38:26 DEBUG wire:73 -  >> "Content-Length: 169[\r][\n]"
2026-01-03 15:38:26 DEBUG wire:73 -  >> "Host: fakestoreapi.com[\r][\n]"
2026-01-03 15:38:26 DEBUG wire:73 -  >> "Connection: Keep-Alive[\r][\n]"
2026-01-03 15:38:26 DEBUG wire:73 -  >> "User-Agent: Apache-HttpClient/4.5.13 (Java/17.0.12)[\r][\n]"
2026-01-03 15:38:26 DEBUG wire:73 -  >> "Accept-Encoding: gzip,deflate[\r][\n]"
2026-01-03 15:38:26 DEBUG wire:73 -  >> "[\r][\n]"
2026-01-03 15:38:26 DEBUG headers:278 - >> POST /products HTTP/1.1
2026-01-03 15:38:26 DEBUG headers:281 - >> Accept: */*
2026-01-03 15:38:26 DEBUG headers:281 - >> Content-Type: application/json
2026-01-03 15:38:26 DEBUG headers:281 - >> Content-Length: 169
2026-01-03 15:38:26 DEBUG headers:281 - >> Host: fakestoreapi.com
2026-01-03 15:38:26 DEBUG headers:281 - >> Connection: Keep-Alive
2026-01-03 15:38:26 DEBUG headers:281 - >> User-Agent: Apache-HttpClient/4.5.13 (Java/17.0.12)
2026-01-03 15:38:26 DEBUG headers:281 - >> Accept-Encoding: gzip,deflate
2026-01-03 15:38:26 DEBUG wire:87 -  >> "{"title":"Portable Speaker","price":39.99,"description":"audio","category":"https://i.pravatar.cc/104","image":"Waterproof Bluetooth speaker with 12-hour battery life."}"
2026-01-03 15:38:26 DEBUG wire:73 -  << "HTTP/1.1 201 Created[\r][\n]"
2026-01-03 15:38:26 DEBUG wire:73 -  << "Date: Sat, 03 Jan 2026 10:08:26 GMT[\r][\n]"
2026-01-03 15:38:26 DEBUG wire:73 -  << "Content-Type: application/json; charset=utf-8[\r][\n]"
2026-01-03 15:38:26 DEBUG wire:73 -  << "Content-Length: 177[\r][\n]"
2026-01-03 15:38:26 DEBUG wire:73 -  << "Connection: keep-alive[\r][\n]"
2026-01-03 15:38:26 DEBUG wire:73 -  << "access-control-allow-origin: *[\r][\n]"
2026-01-03 15:38:26 DEBUG wire:73 -  << "etag: W/"b1-7ZNczkOuFynENT9k+cbeVLbveqI"[\r][\n]"
2026-01-03 15:38:26 DEBUG wire:73 -  << "x-powered-by: Express[\r][\n]"
2026-01-03 15:38:26 DEBUG wire:73 -  << "cf-cache-status: DYNAMIC[\r][\n]"
2026-01-03 15:38:26 DEBUG wire:73 -  << "Nel: {"report_to":"cf-nel","success_fraction":0.0,"max_age":604800}[\r][\n]"
2026-01-03 15:38:26 DEBUG wire:73 -  << "Report-To: {"group":"cf-nel","max_age":604800,"endpoints":[{"url":"https://a.nel.cloudflare.com/report/v4?s=S1WvtZv6dp2XqlOA0TmIAFNJZRivegZdCu3%2FEDZQaE8AQTYlPMZAP3FVRrRUCiPrxGSsrVyp34UHh3qVUKadT%2F0uVdWwMpbC9bwtFANp1tQ%3D"}]}[\r][\n]"
2026-01-03 15:38:26 DEBUG wire:73 -  << "Server: cloudflare[\r][\n]"
2026-01-03 15:38:26 DEBUG wire:73 -  << "CF-RAY: 9b81b1e57aad46bc-BOM[\r][\n]"
2026-01-03 15:38:26 DEBUG wire:73 -  << "alt-svc: h3=":443"; ma=86400[\r][\n]"
2026-01-03 15:38:26 DEBUG wire:73 -  << "[\r][\n]"
2026-01-03 15:38:26 DEBUG DefaultClientConnection:259 - Receiving response: HTTP/1.1 201 Created
2026-01-03 15:38:26 DEBUG headers:262 - << HTTP/1.1 201 Created
2026-01-03 15:38:26 DEBUG headers:265 - << Date: Sat, 03 Jan 2026 10:08:26 GMT
2026-01-03 15:38:26 DEBUG headers:265 - << Content-Type: application/json; charset=utf-8
2026-01-03 15:38:26 DEBUG headers:265 - << Content-Length: 177
2026-01-03 15:38:26 DEBUG headers:265 - << Connection: keep-alive
2026-01-03 15:38:26 DEBUG headers:265 - << access-control-allow-origin: *
2026-01-03 15:38:26 DEBUG headers:265 - << etag: W/"b1-7ZNczkOuFynENT9k+cbeVLbveqI"
2026-01-03 15:38:26 DEBUG headers:265 - << x-powered-by: Express
2026-01-03 15:38:26 DEBUG headers:265 - << cf-cache-status: DYNAMIC
2026-01-03 15:38:26 DEBUG headers:265 - << Nel: {"report_to":"cf-nel","success_fraction":0.0,"max_age":604800}
2026-01-03 15:38:26 DEBUG headers:265 - << Report-To: {"group":"cf-nel","max_age":604800,"endpoints":[{"url":"https://a.nel.cloudflare.com/report/v4?s=S1WvtZv6dp2XqlOA0TmIAFNJZRivegZdCu3%2FEDZQaE8AQTYlPMZAP3FVRrRUCiPrxGSsrVyp34UHh3qVUKadT%2F0uVdWwMpbC9bwtFANp1tQ%3D"}]}
2026-01-03 15:38:26 DEBUG headers:265 - << Server: cloudflare
2026-01-03 15:38:26 DEBUG headers:265 - << CF-RAY: 9b81b1e57aad46bc-BOM
2026-01-03 15:38:26 DEBUG headers:265 - << alt-svc: h3=":443"; ma=86400
2026-01-03 15:38:26 DEBUG DefaultHttpClient:504 - Connection can be kept alive indefinitely
2026-01-03 15:38:26 DEBUG RestAssuredHttpBuilder:553 - Parsing response as: application/json; charset=utf-8
2026-01-03 15:38:26 DEBUG RestAssuredHttpBuilder:556 - Parsed data to instance of: class org.apache.http.conn.EofSensorInputStream
2026-01-03 15:38:26 DEBUG wire:87 -  << "{"id":21,"title":"Portable Speaker","price":39.99,"description":"audio","image":"Waterproof Bluetooth speaker with 12-hour battery life.","category":"https://i.pravatar.cc/104"}"
2026-01-03 15:38:26 DEBUG BasicClientConnectionManager:200 - Releasing connection org.apache.http.impl.conn.ManagedClientConnectionImpl@5e2a6991
2026-01-03 15:38:26 DEBUG BasicClientConnectionManager:225 - Connection can be kept alive indefinitely
2026-01-03 15:38:26 DEBUG DefaultClientConnection:180 - Connection 0.0.0.0:59052<->172.67.194.129:443 closed
2026-01-03 15:38:26 DEBUG DefaultClientConnection:180 - Connection 0.0.0.0:59051<->172.67.194.129:443 closed
2026-01-03 15:38:26 DEBUG DefaultClientConnection:180 - Connection 0.0.0.0:59050<->172.67.194.129:443 closed
2026-01-03 15:38:26 DEBUG DefaultClientConnection:180 - Connection 0.0.0.0:59056<->172.67.194.129:443 closed
2026-01-03 15:38:26 DEBUG DefaultClientConnection:180 - Connection 0.0.0.0:59055<->172.67.194.129:443 closed
2026-01-03 15:38:26 DEBUG DefaultClientConnection:180 - Connection 0.0.0.0:59054<->172.67.194.129:443 closed
2026-01-03 15:38:26 DEBUG DefaultClientConnection:180 - Connection 0.0.0.0:59053<->172.67.194.129:443 closed
2026-01-03 15:38:26 DEBUG BasicClientConnectionManager:161 - Get connection for route {s}->https://fakestoreapi.com:443
2026-01-03 15:38:26 DEBUG DefaultClientConnectionOperator:177 - Connecting to fakestoreapi.com:443
2026-01-03 15:38:26 DEBUG RequestAddCookies:123 - CookieSpec selected: ignoreCookies
2026-01-03 15:38:26 DEBUG RequestAuthCache:77 - Auth cache not set in the context
2026-01-03 15:38:26 DEBUG RequestTargetAuthentication:80 - Target auth state: UNCHALLENGED
2026-01-03 15:38:26 DEBUG RequestProxyAuthentication:89 - Proxy auth state: UNCHALLENGED
2026-01-03 15:38:26 DEBUG DefaultHttpClient:677 - Attempt 1 to execute request
2026-01-03 15:38:26 DEBUG DefaultClientConnection:274 - Sending request: DELETE /products/21 HTTP/1.1
2026-01-03 15:38:26 DEBUG wire:73 -  >> "DELETE /products/21 HTTP/1.1[\r][\n]"
2026-01-03 15:38:26 DEBUG wire:73 -  >> "Accept: */*[\r][\n]"
2026-01-03 15:38:26 DEBUG wire:73 -  >> "Host: fakestoreapi.com[\r][\n]"
2026-01-03 15:38:26 DEBUG wire:73 -  >> "Connection: Keep-Alive[\r][\n]"
2026-01-03 15:38:26 DEBUG wire:73 -  >> "User-Agent: Apache-HttpClient/4.5.13 (Java/17.0.12)[\r][\n]"
2026-01-03 15:38:26 DEBUG wire:73 -  >> "Accept-Encoding: gzip,deflate[\r][\n]"
2026-01-03 15:38:26 DEBUG wire:73 -  >> "[\r][\n]"
2026-01-03 15:38:26 DEBUG headers:278 - >> DELETE /products/21 HTTP/1.1
2026-01-03 15:38:26 DEBUG headers:281 - >> Accept: */*
2026-01-03 15:38:26 DEBUG headers:281 - >> Host: fakestoreapi.com
2026-01-03 15:38:26 DEBUG headers:281 - >> Connection: Keep-Alive
2026-01-03 15:38:26 DEBUG headers:281 - >> User-Agent: Apache-HttpClient/4.5.13 (Java/17.0.12)
2026-01-03 15:38:26 DEBUG headers:281 - >> Accept-Encoding: gzip,deflate
2026-01-03 15:38:27 DEBUG wire:73 -  << "HTTP/1.1 200 OK[\r][\n]"
2026-01-03 15:38:27 DEBUG wire:73 -  << "Date: Sat, 03 Jan 2026 10:08:27 GMT[\r][\n]"
2026-01-03 15:38:27 DEBUG wire:73 -  << "Content-Type: application/json; charset=utf-8[\r][\n]"
2026-01-03 15:38:27 DEBUG wire:73 -  << "Transfer-Encoding: chunked[\r][\n]"
2026-01-03 15:38:27 DEBUG wire:73 -  << "Connection: keep-alive[\r][\n]"
2026-01-03 15:38:27 DEBUG wire:73 -  << "access-control-allow-origin: *[\r][\n]"
2026-01-03 15:38:27 DEBUG wire:73 -  << "x-powered-by: Express[\r][\n]"
2026-01-03 15:38:27 DEBUG wire:73 -  << "cf-cache-status: DYNAMIC[\r][\n]"
2026-01-03 15:38:27 DEBUG wire:73 -  << "Nel: {"report_to":"cf-nel","success_fraction":0.0,"max_age":604800}[\r][\n]"
2026-01-03 15:38:27 DEBUG wire:73 -  << "Report-To: {"group":"cf-nel","max_age":604800,"endpoints":[{"url":"https://a.nel.cloudflare.com/report/v4?s=5AsI04lliiNr6%2FRuXmAG1z40LY9aOvejCwpisXR%2FaES1YrGD60Xpt7%2BVAyHzZ87d9xJasJVZ40pUl32zBIRAChf3M8ORVQoXJ1w8EBt0%2FJs%3D"}]}[\r][\n]"
2026-01-03 15:38:27 DEBUG wire:73 -  << "Content-Encoding: gzip[\r][\n]"
2026-01-03 15:38:27 DEBUG wire:73 -  << "Server: cloudflare[\r][\n]"
2026-01-03 15:38:27 DEBUG wire:73 -  << "CF-RAY: 9b81b1e8eb443bb0-BOM[\r][\n]"
2026-01-03 15:38:27 DEBUG wire:73 -  << "alt-svc: h3=":443"; ma=86400[\r][\n]"
2026-01-03 15:38:27 DEBUG wire:73 -  << "[\r][\n]"
2026-01-03 15:38:27 DEBUG DefaultClientConnection:259 - Receiving response: HTTP/1.1 200 OK
2026-01-03 15:38:27 DEBUG headers:262 - << HTTP/1.1 200 OK
2026-01-03 15:38:27 DEBUG headers:265 - << Date: Sat, 03 Jan 2026 10:08:27 GMT
2026-01-03 15:38:27 DEBUG headers:265 - << Content-Type: application/json; charset=utf-8
2026-01-03 15:38:27 DEBUG headers:265 - << Transfer-Encoding: chunked
2026-01-03 15:38:27 DEBUG headers:265 - << Connection: keep-alive
2026-01-03 15:38:27 DEBUG headers:265 - << access-control-allow-origin: *
2026-01-03 15:38:27 DEBUG headers:265 - << x-powered-by: Express
2026-01-03 15:38:27 DEBUG headers:265 - << cf-cache-status: DYNAMIC
2026-01-03 15:38:27 DEBUG headers:265 - << Nel: {"report_to":"cf-nel","success_fraction":0.0,"max_age":604800}
2026-01-03 15:38:27 DEBUG headers:265 - << Report-To: {"group":"cf-nel","max_age":604800,"endpoints":[{"url":"https://a.nel.cloudflare.com/report/v4?s=5AsI04lliiNr6%2FRuXmAG1z40LY9aOvejCwpisXR%2FaES1YrGD60Xpt7%2BVAyHzZ87d9xJasJVZ40pUl32zBIRAChf3M8ORVQoXJ1w8EBt0%2FJs%3D"}]}
2026-01-03 15:38:27 DEBUG headers:265 - << Content-Encoding: gzip
2026-01-03 15:38:27 DEBUG headers:265 - << Server: cloudflare
2026-01-03 15:38:27 DEBUG headers:265 - << CF-RAY: 9b81b1e8eb443bb0-BOM
2026-01-03 15:38:27 DEBUG headers:265 - << alt-svc: h3=":443"; ma=86400
2026-01-03 15:38:27 DEBUG DefaultHttpClient:504 - Connection can be kept alive indefinitely
2026-01-03 15:38:27 DEBUG RestAssuredHttpBuilder:553 - Parsing response as: application/json; charset=utf-8
2026-01-03 15:38:27 DEBUG wire:73 -  << "14[\r][\n]"
2026-01-03 15:38:27 DEBUG wire:87 -  << "[0x1f][0x8b][0x8][0x0][0x0][0x0][0x0][0x0][0x0][0xff][0x3][0x0][0x0][0x0][0x0][0x0][0x0][0x0][0x0][0x0]"
2026-01-03 15:38:27 DEBUG wire:73 -  << "[\r][\n]"
2026-01-03 15:38:27 DEBUG wire:73 -  << "0[\r][\n]"
2026-01-03 15:38:27 DEBUG wire:73 -  << "[\r][\n]"
2026-01-03 15:38:27 DEBUG RestAssuredHttpBuilder:556 - Parsed data to instance of: class org.apache.http.conn.EofSensorInputStream
2026-01-03 15:38:27 DEBUG BasicClientConnectionManager:200 - Releasing connection org.apache.http.impl.conn.ManagedClientConnectionImpl@3f6c2763
2026-01-03 15:38:27 DEBUG BasicClientConnectionManager:225 - Connection can be kept alive indefinitely
