2026-01-04 17:45:17 INFO  UserBasicTests:119 - create users started
2026-01-04 17:45:17 INFO  UserBasicTests:30 - get all users started
2026-01-04 17:45:17 INFO  UserBasicTests:46 - get all users by id started
2026-01-04 17:45:18 INFO  UserBasicTests:79 - get all users sorted started
2026-01-04 17:45:18 INFO  UserBasicTests:62 - get all users with limit started
2026-01-04 17:45:18 DEBUG cache:45 - Couldn't find template in cache for "spark/spark.spa.ftl"("en_US", UTF-8, parsed); will try to load it.
2026-01-04 17:45:18 DEBUG cache:45 - Couldn't find template in cache for "spark/spark.spa.ftl"("en_US", UTF-8, parsed); will try to load it.
2026-01-04 17:45:18 DEBUG cache:45 - TemplateLoader.findTemplateSource("spark/spark.spa_en_US.ftl"): Not found
2026-01-04 17:45:18 DEBUG cache:45 - TemplateLoader.findTemplateSource("spark/spark.spa_en_US.ftl"): Not found
2026-01-04 17:45:18 DEBUG cache:45 - TemplateLoader.findTemplateSource("spark/spark.spa_en.ftl"): Not found
2026-01-04 17:45:18 DEBUG cache:45 - Couldn't find template in cache for "spark/spark.spa.ftl"("en_US", UTF-8, parsed); will try to load it.
2026-01-04 17:45:18 DEBUG cache:45 - TemplateLoader.findTemplateSource("spark/spark.spa_en_US.ftl"): Not found
2026-01-04 17:45:18 DEBUG cache:45 - TemplateLoader.findTemplateSource("spark/spark.spa.ftl"): Found
2026-01-04 17:45:18 DEBUG cache:45 - Loading template for "spark/spark.spa.ftl"("en_US", UTF-8, parsed) from "jar:file:/C:/Users/Sai/.m2/repository/com/aventstack/extentreports/5.1.2/extentreports-5.1.2.jar!/com/aventstack/extentreports/templates/spark/spark.spa.ftl"
2026-01-04 17:45:18 DEBUG cache:45 - TemplateLoader.findTemplateSource("spark/spark.spa_en.ftl"): Not found
2026-01-04 17:45:18 DEBUG cache:45 - TemplateLoader.findTemplateSource("spark/spark.spa.ftl"): Found
2026-01-04 17:45:18 DEBUG cache:45 - Loading template for "spark/spark.spa.ftl"("en_US", UTF-8, parsed) from "jar:file:/C:/Users/Sai/.m2/repository/com/aventstack/extentreports/5.1.2/extentreports-5.1.2.jar!/com/aventstack/extentreports/templates/spark/spark.spa.ftl"
2026-01-04 17:45:18 DEBUG cache:45 - TemplateLoader.findTemplateSource("spark/spark.spa_en.ftl"): Not found
2026-01-04 17:45:18 DEBUG cache:45 - TemplateLoader.findTemplateSource("spark/spark.spa.ftl"): Found
2026-01-04 17:45:18 DEBUG cache:45 - Loading template for "spark/spark.spa.ftl"("en_US", UTF-8, parsed) from "jar:file:/C:/Users/Sai/.m2/repository/com/aventstack/extentreports/5.1.2/extentreports-5.1.2.jar!/com/aventstack/extentreports/templates/spark/spark.spa.ftl"
2026-01-04 17:45:18 DEBUG cache:45 - Couldn't find template in cache for "spark/spark.spa.ftl"("en_US", UTF-8, parsed); will try to load it.
2026-01-04 17:45:18 DEBUG cache:45 - TemplateLoader.findTemplateSource("spark/spark.spa_en_US.ftl"): Not found
2026-01-04 17:45:18 DEBUG cache:45 - TemplateLoader.findTemplateSource("spark/spark.spa_en.ftl"): Not found
2026-01-04 17:45:18 DEBUG cache:45 - TemplateLoader.findTemplateSource("spark/spark.spa.ftl"): Found
2026-01-04 17:45:18 DEBUG cache:45 - Loading template for "spark/spark.spa.ftl"("en_US", UTF-8, parsed) from "jar:file:/C:/Users/Sai/.m2/repository/com/aventstack/extentreports/5.1.2/extentreports-5.1.2.jar!/com/aventstack/extentreports/templates/spark/spark.spa.ftl"
2026-01-04 17:45:18 DEBUG cache:45 - Couldn't find template in cache for "commons/commons-variables.ftl"("en_US", UTF-8, parsed); will try to load it.
2026-01-04 17:45:18 DEBUG cache:45 - Couldn't find template in cache for "commons/commons-variables.ftl"("en_US", UTF-8, parsed); will try to load it.
2026-01-04 17:45:18 DEBUG cache:45 - Couldn't find template in cache for "commons/commons-variables.ftl"("en_US", UTF-8, parsed); will try to load it.
2026-01-04 17:45:18 DEBUG cache:45 - Couldn't find template in cache for "commons/commons-variables.ftl"("en_US", UTF-8, parsed); will try to load it.
2026-01-04 17:45:18 DEBUG cache:45 - TemplateLoader.findTemplateSource("commons/commons-variables_en_US.ftl"): Not found
2026-01-04 17:45:18 DEBUG cache:45 - TemplateLoader.findTemplateSource("commons/commons-variables_en_US.ftl"): Not found
2026-01-04 17:45:18 DEBUG cache:45 - TemplateLoader.findTemplateSource("commons/commons-variables_en_US.ftl"): Not found
2026-01-04 17:45:18 DEBUG cache:45 - TemplateLoader.findTemplateSource("commons/commons-variables_en.ftl"): Not found
2026-01-04 17:45:18 DEBUG cache:45 - TemplateLoader.findTemplateSource("commons/commons-variables_en.ftl"): Not found
2026-01-04 17:45:18 DEBUG cache:45 - TemplateLoader.findTemplateSource("commons/commons-variables_en_US.ftl"): Not found
2026-01-04 17:45:18 DEBUG cache:45 - TemplateLoader.findTemplateSource("commons/commons-variables.ftl"): Found
2026-01-04 17:45:18 DEBUG cache:45 - Loading template for "commons/commons-variables.ftl"("en_US", UTF-8, parsed) from "jar:file:/C:/Users/Sai/.m2/repository/com/aventstack/extentreports/5.1.2/extentreports-5.1.2.jar!/com/aventstack/extentreports/templates/commons/commons-variables.ftl"
2026-01-04 17:45:18 DEBUG cache:45 - TemplateLoader.findTemplateSource("commons/commons-variables_en.ftl"): Not found
2026-01-04 17:45:18 DEBUG cache:45 - TemplateLoader.findTemplateSource("commons/commons-variables_en.ftl"): Not found
2026-01-04 17:45:18 DEBUG cache:45 - TemplateLoader.findTemplateSource("commons/commons-variables.ftl"): Found
2026-01-04 17:45:18 DEBUG cache:45 - Loading template for "commons/commons-variables.ftl"("en_US", UTF-8, parsed) from "jar:file:/C:/Users/Sai/.m2/repository/com/aventstack/extentreports/5.1.2/extentreports-5.1.2.jar!/com/aventstack/extentreports/templates/commons/commons-variables.ftl"
2026-01-04 17:45:18 DEBUG cache:45 - TemplateLoader.findTemplateSource("commons/commons-variables.ftl"): Found
2026-01-04 17:45:18 DEBUG cache:45 - Loading template for "commons/commons-variables.ftl"("en_US", UTF-8, parsed) from "jar:file:/C:/Users/Sai/.m2/repository/com/aventstack/extentreports/5.1.2/extentreports-5.1.2.jar!/com/aventstack/extentreports/templates/commons/commons-variables.ftl"
2026-01-04 17:45:18 DEBUG cache:45 - TemplateLoader.findTemplateSource("commons/commons-variables.ftl"): Found
2026-01-04 17:45:18 DEBUG cache:45 - Loading template for "commons/commons-variables.ftl"("en_US", UTF-8, parsed) from "jar:file:/C:/Users/Sai/.m2/repository/com/aventstack/extentreports/5.1.2/extentreports-5.1.2.jar!/com/aventstack/extentreports/templates/commons/commons-variables.ftl"
2026-01-04 17:45:18 DEBUG cache:45 - Couldn't find template in cache for "commons/commons-macros.ftl"("en_US", UTF-8, parsed); will try to load it.
2026-01-04 17:45:18 DEBUG cache:45 - Couldn't find template in cache for "commons/commons-macros.ftl"("en_US", UTF-8, parsed); will try to load it.
2026-01-04 17:45:18 DEBUG cache:45 - Couldn't find template in cache for "commons/commons-macros.ftl"("en_US", UTF-8, parsed); will try to load it.
2026-01-04 17:45:18 DEBUG cache:45 - TemplateLoader.findTemplateSource("commons/commons-macros_en_US.ftl"): Not found
2026-01-04 17:45:18 DEBUG cache:45 - Couldn't find template in cache for "commons/commons-macros.ftl"("en_US", UTF-8, parsed); will try to load it.
2026-01-04 17:45:18 DEBUG cache:45 - TemplateLoader.findTemplateSource("commons/commons-macros_en_US.ftl"): Not found
2026-01-04 17:45:18 DEBUG cache:45 - TemplateLoader.findTemplateSource("commons/commons-macros_en.ftl"): Not found
2026-01-04 17:45:18 DEBUG cache:45 - TemplateLoader.findTemplateSource("commons/commons-macros_en_US.ftl"): Not found
2026-01-04 17:45:18 DEBUG cache:45 - TemplateLoader.findTemplateSource("commons/commons-macros.ftl"): Found
2026-01-04 17:45:18 DEBUG cache:45 - TemplateLoader.findTemplateSource("commons/commons-macros_en.ftl"): Not found
2026-01-04 17:45:18 DEBUG cache:45 - TemplateLoader.findTemplateSource("commons/commons-macros_en_US.ftl"): Not found
2026-01-04 17:45:18 DEBUG cache:45 - TemplateLoader.findTemplateSource("commons/commons-macros.ftl"): Found
2026-01-04 17:45:18 DEBUG cache:45 - TemplateLoader.findTemplateSource("commons/commons-macros_en.ftl"): Not found
2026-01-04 17:45:18 DEBUG cache:45 - Loading template for "commons/commons-macros.ftl"("en_US", UTF-8, parsed) from "jar:file:/C:/Users/Sai/.m2/repository/com/aventstack/extentreports/5.1.2/extentreports-5.1.2.jar!/com/aventstack/extentreports/templates/commons/commons-macros.ftl"
2026-01-04 17:45:18 DEBUG cache:45 - TemplateLoader.findTemplateSource("commons/commons-macros.ftl"): Found
2026-01-04 17:45:18 DEBUG cache:45 - Loading template for "commons/commons-macros.ftl"("en_US", UTF-8, parsed) from "jar:file:/C:/Users/Sai/.m2/repository/com/aventstack/extentreports/5.1.2/extentreports-5.1.2.jar!/com/aventstack/extentreports/templates/commons/commons-macros.ftl"
2026-01-04 17:45:18 DEBUG cache:45 - Loading template for "commons/commons-macros.ftl"("en_US", UTF-8, parsed) from "jar:file:/C:/Users/Sai/.m2/repository/com/aventstack/extentreports/5.1.2/extentreports-5.1.2.jar!/com/aventstack/extentreports/templates/commons/commons-macros.ftl"
2026-01-04 17:45:18 DEBUG cache:45 - TemplateLoader.findTemplateSource("commons/commons-macros_en.ftl"): Not found
2026-01-04 17:45:18 DEBUG cache:45 - TemplateLoader.findTemplateSource("commons/commons-macros.ftl"): Found
2026-01-04 17:45:18 DEBUG cache:45 - Loading template for "commons/commons-macros.ftl"("en_US", UTF-8, parsed) from "jar:file:/C:/Users/Sai/.m2/repository/com/aventstack/extentreports/5.1.2/extentreports-5.1.2.jar!/com/aventstack/extentreports/templates/commons/commons-macros.ftl"
2026-01-04 17:45:18 DEBUG cache:45 - Couldn't find template in cache for "spark/macros/attributes.ftl"("en_US", UTF-8, parsed); will try to load it.
2026-01-04 17:45:18 DEBUG cache:45 - Couldn't find template in cache for "spark/macros/attributes.ftl"("en_US", UTF-8, parsed); will try to load it.
2026-01-04 17:45:18 DEBUG cache:45 - Couldn't find template in cache for "spark/macros/attributes.ftl"("en_US", UTF-8, parsed); will try to load it.
2026-01-04 17:45:18 DEBUG cache:45 - Couldn't find template in cache for "spark/macros/attributes.ftl"("en_US", UTF-8, parsed); will try to load it.
2026-01-04 17:45:18 DEBUG cache:45 - TemplateLoader.findTemplateSource("spark/macros/attributes_en_US.ftl"): Not found
2026-01-04 17:45:18 DEBUG cache:45 - TemplateLoader.findTemplateSource("spark/macros/attributes_en_US.ftl"): Not found
2026-01-04 17:45:18 DEBUG cache:45 - TemplateLoader.findTemplateSource("spark/macros/attributes_en_US.ftl"): Not found
2026-01-04 17:45:18 DEBUG cache:45 - TemplateLoader.findTemplateSource("spark/macros/attributes_en_US.ftl"): Not found
2026-01-04 17:45:18 DEBUG cache:45 - TemplateLoader.findTemplateSource("spark/macros/attributes_en.ftl"): Not found
2026-01-04 17:45:18 DEBUG cache:45 - TemplateLoader.findTemplateSource("spark/macros/attributes_en.ftl"): Not found
2026-01-04 17:45:18 DEBUG cache:45 - TemplateLoader.findTemplateSource("spark/macros/attributes_en.ftl"): Not found
2026-01-04 17:45:18 DEBUG cache:45 - TemplateLoader.findTemplateSource("spark/macros/attributes.ftl"): Found
2026-01-04 17:45:18 DEBUG cache:45 - TemplateLoader.findTemplateSource("spark/macros/attributes.ftl"): Found
2026-01-04 17:45:18 DEBUG cache:45 - TemplateLoader.findTemplateSource("spark/macros/attributes_en.ftl"): Not found
2026-01-04 17:45:18 DEBUG cache:45 - Loading template for "spark/macros/attributes.ftl"("en_US", UTF-8, parsed) from "jar:file:/C:/Users/Sai/.m2/repository/com/aventstack/extentreports/5.1.2/extentreports-5.1.2.jar!/com/aventstack/extentreports/templates/spark/macros/attributes.ftl"
2026-01-04 17:45:18 DEBUG cache:45 - Loading template for "spark/macros/attributes.ftl"("en_US", UTF-8, parsed) from "jar:file:/C:/Users/Sai/.m2/repository/com/aventstack/extentreports/5.1.2/extentreports-5.1.2.jar!/com/aventstack/extentreports/templates/spark/macros/attributes.ftl"
2026-01-04 17:45:18 DEBUG cache:45 - TemplateLoader.findTemplateSource("spark/macros/attributes.ftl"): Found
2026-01-04 17:45:18 DEBUG cache:45 - Loading template for "spark/macros/attributes.ftl"("en_US", UTF-8, parsed) from "jar:file:/C:/Users/Sai/.m2/repository/com/aventstack/extentreports/5.1.2/extentreports-5.1.2.jar!/com/aventstack/extentreports/templates/spark/macros/attributes.ftl"
2026-01-04 17:45:18 DEBUG cache:45 - TemplateLoader.findTemplateSource("spark/macros/attributes.ftl"): Found
2026-01-04 17:45:18 DEBUG cache:45 - Loading template for "spark/macros/attributes.ftl"("en_US", UTF-8, parsed) from "jar:file:/C:/Users/Sai/.m2/repository/com/aventstack/extentreports/5.1.2/extentreports-5.1.2.jar!/com/aventstack/extentreports/templates/spark/macros/attributes.ftl"
2026-01-04 17:45:18 DEBUG cache:45 - Couldn't find template in cache for "spark/macros/log.ftl"("en_US", UTF-8, parsed); will try to load it.
2026-01-04 17:45:18 DEBUG cache:45 - Couldn't find template in cache for "spark/macros/log.ftl"("en_US", UTF-8, parsed); will try to load it.
2026-01-04 17:45:18 DEBUG cache:45 - Couldn't find template in cache for "spark/macros/log.ftl"("en_US", UTF-8, parsed); will try to load it.
2026-01-04 17:45:18 DEBUG cache:45 - TemplateLoader.findTemplateSource("spark/macros/log_en_US.ftl"): Not found
2026-01-04 17:45:18 DEBUG cache:45 - TemplateLoader.findTemplateSource("spark/macros/log_en_US.ftl"): Not found
2026-01-04 17:45:18 DEBUG cache:45 - TemplateLoader.findTemplateSource("spark/macros/log_en.ftl"): Not found
2026-01-04 17:45:18 DEBUG cache:45 - TemplateLoader.findTemplateSource("spark/macros/log_en_US.ftl"): Not found
2026-01-04 17:45:18 DEBUG cache:45 - TemplateLoader.findTemplateSource("spark/macros/log.ftl"): Found
2026-01-04 17:45:18 DEBUG cache:45 - Loading template for "spark/macros/log.ftl"("en_US", UTF-8, parsed) from "jar:file:/C:/Users/Sai/.m2/repository/com/aventstack/extentreports/5.1.2/extentreports-5.1.2.jar!/com/aventstack/extentreports/templates/spark/macros/log.ftl"
2026-01-04 17:45:18 DEBUG cache:45 - TemplateLoader.findTemplateSource("spark/macros/log_en.ftl"): Not found
2026-01-04 17:45:18 DEBUG cache:45 - TemplateLoader.findTemplateSource("spark/macros/log_en.ftl"): Not found
2026-01-04 17:45:18 DEBUG cache:45 - TemplateLoader.findTemplateSource("spark/macros/log.ftl"): Found
2026-01-04 17:45:18 DEBUG cache:45 - Loading template for "spark/macros/log.ftl"("en_US", UTF-8, parsed) from "jar:file:/C:/Users/Sai/.m2/repository/com/aventstack/extentreports/5.1.2/extentreports-5.1.2.jar!/com/aventstack/extentreports/templates/spark/macros/log.ftl"
2026-01-04 17:45:18 DEBUG cache:45 - TemplateLoader.findTemplateSource("spark/macros/log.ftl"): Found
2026-01-04 17:45:18 DEBUG cache:45 - Loading template for "spark/macros/log.ftl"("en_US", UTF-8, parsed) from "jar:file:/C:/Users/Sai/.m2/repository/com/aventstack/extentreports/5.1.2/extentreports-5.1.2.jar!/com/aventstack/extentreports/templates/spark/macros/log.ftl"
2026-01-04 17:45:18 DEBUG cache:45 - Couldn't find template in cache for "spark/macros/recurse_nodes.ftl"("en_US", UTF-8, parsed); will try to load it.
2026-01-04 17:45:18 DEBUG cache:45 - TemplateLoader.findTemplateSource("spark/macros/recurse_nodes_en_US.ftl"): Not found
2026-01-04 17:45:18 DEBUG cache:45 - Couldn't find template in cache for "spark/macros/recurse_nodes.ftl"("en_US", UTF-8, parsed); will try to load it.
2026-01-04 17:45:18 DEBUG cache:45 - TemplateLoader.findTemplateSource("spark/macros/recurse_nodes_en.ftl"): Not found
2026-01-04 17:45:18 DEBUG cache:45 - TemplateLoader.findTemplateSource("spark/macros/recurse_nodes.ftl"): Found
2026-01-04 17:45:18 DEBUG cache:45 - Loading template for "spark/macros/recurse_nodes.ftl"("en_US", UTF-8, parsed) from "jar:file:/C:/Users/Sai/.m2/repository/com/aventstack/extentreports/5.1.2/extentreports-5.1.2.jar!/com/aventstack/extentreports/templates/spark/macros/recurse_nodes.ftl"
2026-01-04 17:45:18 DEBUG cache:45 - Couldn't find template in cache for "spark/macros/recurse_nodes.ftl"("en_US", UTF-8, parsed); will try to load it.
2026-01-04 17:45:18 DEBUG cache:45 - TemplateLoader.findTemplateSource("spark/macros/recurse_nodes_en_US.ftl"): Not found
2026-01-04 17:45:18 DEBUG cache:45 - Couldn't find template in cache for "spark/macros/log.ftl"("en_US", UTF-8, parsed); will try to load it.
2026-01-04 17:45:18 DEBUG cache:45 - TemplateLoader.findTemplateSource("spark/macros/log_en_US.ftl"): Not found
2026-01-04 17:45:18 DEBUG cache:45 - TemplateLoader.findTemplateSource("spark/macros/recurse_nodes_en_US.ftl"): Not found
2026-01-04 17:45:18 DEBUG cache:45 - TemplateLoader.findTemplateSource("spark/macros/recurse_nodes_en.ftl"): Not found
2026-01-04 17:45:18 DEBUG cache:45 - TemplateLoader.findTemplateSource("spark/macros/recurse_nodes.ftl"): Found
2026-01-04 17:45:18 DEBUG cache:45 - Loading template for "spark/macros/recurse_nodes.ftl"("en_US", UTF-8, parsed) from "jar:file:/C:/Users/Sai/.m2/repository/com/aventstack/extentreports/5.1.2/extentreports-5.1.2.jar!/com/aventstack/extentreports/templates/spark/macros/recurse_nodes.ftl"
2026-01-04 17:45:18 DEBUG cache:45 - TemplateLoader.findTemplateSource("spark/macros/log_en.ftl"): Not found
2026-01-04 17:45:18 DEBUG cache:45 - TemplateLoader.findTemplateSource("spark/macros/recurse_nodes_en.ftl"): Not found
2026-01-04 17:45:18 DEBUG cache:45 - TemplateLoader.findTemplateSource("spark/macros/log.ftl"): Found
2026-01-04 17:45:18 DEBUG cache:45 - Loading template for "spark/macros/log.ftl"("en_US", UTF-8, parsed) from "jar:file:/C:/Users/Sai/.m2/repository/com/aventstack/extentreports/5.1.2/extentreports-5.1.2.jar!/com/aventstack/extentreports/templates/spark/macros/log.ftl"
2026-01-04 17:45:18 DEBUG cache:45 - "spark/macros/log.ftl"("en_US", UTF-8, parsed) cached copy not yet stale; using cached.
2026-01-04 17:45:18 DEBUG cache:45 - Couldn't find template in cache for "spark/macros/attr-common.ftl"("en_US", UTF-8, parsed); will try to load it.
2026-01-04 17:45:18 DEBUG cache:45 - Couldn't find template in cache for "spark/macros/recurse_nodes.ftl"("en_US", UTF-8, parsed); will try to load it.
2026-01-04 17:45:18 DEBUG cache:45 - TemplateLoader.findTemplateSource("spark/macros/recurse_nodes.ftl"): Found
2026-01-04 17:45:18 DEBUG cache:45 - Loading template for "spark/macros/recurse_nodes.ftl"("en_US", UTF-8, parsed) from "jar:file:/C:/Users/Sai/.m2/repository/com/aventstack/extentreports/5.1.2/extentreports-5.1.2.jar!/com/aventstack/extentreports/templates/spark/macros/recurse_nodes.ftl"
2026-01-04 17:45:18 DEBUG cache:45 - "spark/macros/log.ftl"("en_US", UTF-8, parsed) cached copy not yet stale; using cached.
2026-01-04 17:45:18 DEBUG cache:45 - Couldn't find template in cache for "spark/macros/attr-common.ftl"("en_US", UTF-8, parsed); will try to load it.
2026-01-04 17:45:18 DEBUG cache:45 - TemplateLoader.findTemplateSource("spark/macros/attr-common_en_US.ftl"): Not found
2026-01-04 17:45:18 DEBUG cache:45 - TemplateLoader.findTemplateSource("spark/macros/attr-common_en_US.ftl"): Not found
2026-01-04 17:45:18 DEBUG cache:45 - "spark/macros/log.ftl"("en_US", UTF-8, parsed) cached copy not yet stale; using cached.
2026-01-04 17:45:18 DEBUG cache:45 - Couldn't find template in cache for "spark/macros/attr-common.ftl"("en_US", UTF-8, parsed); will try to load it.
2026-01-04 17:45:18 DEBUG cache:45 - TemplateLoader.findTemplateSource("spark/macros/attr-common_en.ftl"): Not found
2026-01-04 17:45:18 DEBUG cache:45 - TemplateLoader.findTemplateSource("spark/macros/recurse_nodes_en_US.ftl"): Not found
2026-01-04 17:45:18 DEBUG cache:45 - TemplateLoader.findTemplateSource("spark/macros/attr-common.ftl"): Found
2026-01-04 17:45:18 DEBUG cache:45 - Loading template for "spark/macros/attr-common.ftl"("en_US", UTF-8, parsed) from "jar:file:/C:/Users/Sai/.m2/repository/com/aventstack/extentreports/5.1.2/extentreports-5.1.2.jar!/com/aventstack/extentreports/templates/spark/macros/attr-common.ftl"
2026-01-04 17:45:18 DEBUG cache:45 - TemplateLoader.findTemplateSource("spark/macros/attr-common_en_US.ftl"): Not found
2026-01-04 17:45:18 DEBUG cache:45 - TemplateLoader.findTemplateSource("spark/macros/attr-common_en.ftl"): Not found
2026-01-04 17:45:18 DEBUG cache:45 - TemplateLoader.findTemplateSource("spark/macros/attr-common.ftl"): Found
2026-01-04 17:45:18 DEBUG cache:45 - Loading template for "spark/macros/attr-common.ftl"("en_US", UTF-8, parsed) from "jar:file:/C:/Users/Sai/.m2/repository/com/aventstack/extentreports/5.1.2/extentreports-5.1.2.jar!/com/aventstack/extentreports/templates/spark/macros/attr-common.ftl"
2026-01-04 17:45:18 DEBUG cache:45 - TemplateLoader.findTemplateSource("spark/macros/attr-common_en.ftl"): Not found
2026-01-04 17:45:18 DEBUG cache:45 - TemplateLoader.findTemplateSource("spark/macros/attr-common.ftl"): Found
2026-01-04 17:45:18 DEBUG cache:45 - Loading template for "spark/macros/attr-common.ftl"("en_US", UTF-8, parsed) from "jar:file:/C:/Users/Sai/.m2/repository/com/aventstack/extentreports/5.1.2/extentreports-5.1.2.jar!/com/aventstack/extentreports/templates/spark/macros/attr-common.ftl"
2026-01-04 17:45:18 DEBUG cache:45 - Couldn't find template in cache for "spark/partials/head.ftl"("en_US", UTF-8, parsed); will try to load it.
2026-01-04 17:45:18 DEBUG cache:45 - TemplateLoader.findTemplateSource("spark/partials/head_en_US.ftl"): Not found
2026-01-04 17:45:18 DEBUG cache:45 - TemplateLoader.findTemplateSource("spark/partials/head_en.ftl"): Not found
2026-01-04 17:45:18 DEBUG cache:45 - TemplateLoader.findTemplateSource("spark/partials/head.ftl"): Found
2026-01-04 17:45:18 DEBUG cache:45 - Loading template for "spark/partials/head.ftl"("en_US", UTF-8, parsed) from "jar:file:/C:/Users/Sai/.m2/repository/com/aventstack/extentreports/5.1.2/extentreports-5.1.2.jar!/com/aventstack/extentreports/templates/spark/partials/head.ftl"
2026-01-04 17:45:18 DEBUG cache:45 - TemplateLoader.findTemplateSource("spark/macros/recurse_nodes_en.ftl"): Not found
2026-01-04 17:45:18 DEBUG cache:45 - TemplateLoader.findTemplateSource("spark/macros/recurse_nodes.ftl"): Found
2026-01-04 17:45:18 DEBUG cache:45 - Loading template for "spark/macros/recurse_nodes.ftl"("en_US", UTF-8, parsed) from "jar:file:/C:/Users/Sai/.m2/repository/com/aventstack/extentreports/5.1.2/extentreports-5.1.2.jar!/com/aventstack/extentreports/templates/spark/macros/recurse_nodes.ftl"
2026-01-04 17:45:18 DEBUG cache:45 - Couldn't find template in cache for "spark/partials/head.ftl"("en_US", UTF-8, parsed); will try to load it.
2026-01-04 17:45:18 DEBUG cache:45 - TemplateLoader.findTemplateSource("spark/partials/head_en_US.ftl"): Not found
2026-01-04 17:45:18 DEBUG cache:45 - TemplateLoader.findTemplateSource("spark/partials/head_en.ftl"): Not found
2026-01-04 17:45:18 DEBUG cache:45 - Couldn't find template in cache for "commons/commons-inject-css.ftl"("en_US", UTF-8, parsed); will try to load it.
2026-01-04 17:45:18 DEBUG cache:45 - TemplateLoader.findTemplateSource("commons/commons-inject-css_en_US.ftl"): Not found
2026-01-04 17:45:18 DEBUG cache:45 - TemplateLoader.findTemplateSource("commons/commons-inject-css_en.ftl"): Not found
2026-01-04 17:45:18 DEBUG cache:45 - Couldn't find template in cache for "spark/partials/head.ftl"("en_US", UTF-8, parsed); will try to load it.
2026-01-04 17:45:18 DEBUG cache:45 - TemplateLoader.findTemplateSource("spark/partials/head.ftl"): Found
2026-01-04 17:45:18 DEBUG cache:45 - Loading template for "spark/partials/head.ftl"("en_US", UTF-8, parsed) from "jar:file:/C:/Users/Sai/.m2/repository/com/aventstack/extentreports/5.1.2/extentreports-5.1.2.jar!/com/aventstack/extentreports/templates/spark/partials/head.ftl"
2026-01-04 17:45:18 DEBUG cache:45 - TemplateLoader.findTemplateSource("commons/commons-inject-css.ftl"): Found
2026-01-04 17:45:18 DEBUG cache:45 - Loading template for "commons/commons-inject-css.ftl"("en_US", UTF-8, parsed) from "jar:file:/C:/Users/Sai/.m2/repository/com/aventstack/extentreports/5.1.2/extentreports-5.1.2.jar!/com/aventstack/extentreports/templates/commons/commons-inject-css.ftl"
2026-01-04 17:45:18 DEBUG cache:45 - Couldn't find template in cache for "commons/commons-inject-css.ftl"("en_US", UTF-8, parsed); will try to load it.
2026-01-04 17:45:18 DEBUG cache:45 - TemplateLoader.findTemplateSource("commons/commons-inject-css_en_US.ftl"): Not found
2026-01-04 17:45:18 DEBUG cache:45 - TemplateLoader.findTemplateSource("commons/commons-inject-css_en.ftl"): Not found
2026-01-04 17:45:18 DEBUG cache:45 - "spark/macros/log.ftl"("en_US", UTF-8, parsed) cached copy not yet stale; using cached.
2026-01-04 17:45:18 DEBUG cache:45 - Couldn't find template in cache for "spark/macros/attr-common.ftl"("en_US", UTF-8, parsed); will try to load it.
2026-01-04 17:45:18 DEBUG cache:45 - TemplateLoader.findTemplateSource("commons/commons-inject-css.ftl"): Found
2026-01-04 17:45:18 DEBUG cache:45 - Couldn't find template in cache for "spark/partials/navbar.ftl"("en_US", UTF-8, parsed); will try to load it.
2026-01-04 17:45:18 DEBUG cache:45 - TemplateLoader.findTemplateSource("spark/partials/head_en_US.ftl"): Not found
2026-01-04 17:45:18 DEBUG cache:45 - Loading template for "commons/commons-inject-css.ftl"("en_US", UTF-8, parsed) from "jar:file:/C:/Users/Sai/.m2/repository/com/aventstack/extentreports/5.1.2/extentreports-5.1.2.jar!/com/aventstack/extentreports/templates/commons/commons-inject-css.ftl"
2026-01-04 17:45:18 DEBUG cache:45 - TemplateLoader.findTemplateSource("spark/macros/attr-common_en_US.ftl"): Not found
2026-01-04 17:45:18 DEBUG cache:45 - Couldn't find template in cache for "spark/partials/navbar.ftl"("en_US", UTF-8, parsed); will try to load it.
2026-01-04 17:45:18 DEBUG cache:45 - TemplateLoader.findTemplateSource("spark/macros/attr-common_en.ftl"): Not found
2026-01-04 17:45:18 DEBUG cache:45 - TemplateLoader.findTemplateSource("spark/partials/head_en.ftl"): Not found
2026-01-04 17:45:18 DEBUG cache:45 - TemplateLoader.findTemplateSource("spark/partials/navbar_en_US.ftl"): Not found
2026-01-04 17:45:18 DEBUG cache:45 - TemplateLoader.findTemplateSource("spark/partials/head.ftl"): Found
2026-01-04 17:45:18 DEBUG cache:45 - TemplateLoader.findTemplateSource("spark/macros/attr-common.ftl"): Found
2026-01-04 17:45:18 DEBUG cache:45 - TemplateLoader.findTemplateSource("spark/partials/navbar_en_US.ftl"): Not found
2026-01-04 17:45:18 DEBUG cache:45 - Loading template for "spark/macros/attr-common.ftl"("en_US", UTF-8, parsed) from "jar:file:/C:/Users/Sai/.m2/repository/com/aventstack/extentreports/5.1.2/extentreports-5.1.2.jar!/com/aventstack/extentreports/templates/spark/macros/attr-common.ftl"
2026-01-04 17:45:18 DEBUG cache:45 - TemplateLoader.findTemplateSource("spark/partials/navbar_en.ftl"): Not found
2026-01-04 17:45:18 DEBUG cache:45 - Loading template for "spark/partials/head.ftl"("en_US", UTF-8, parsed) from "jar:file:/C:/Users/Sai/.m2/repository/com/aventstack/extentreports/5.1.2/extentreports-5.1.2.jar!/com/aventstack/extentreports/templates/spark/partials/head.ftl"
2026-01-04 17:45:18 DEBUG cache:45 - TemplateLoader.findTemplateSource("spark/partials/navbar.ftl"): Found
2026-01-04 17:45:18 DEBUG cache:45 - TemplateLoader.findTemplateSource("spark/partials/navbar_en.ftl"): Not found
2026-01-04 17:45:18 DEBUG cache:45 - Loading template for "spark/partials/navbar.ftl"("en_US", UTF-8, parsed) from "jar:file:/C:/Users/Sai/.m2/repository/com/aventstack/extentreports/5.1.2/extentreports-5.1.2.jar!/com/aventstack/extentreports/templates/spark/partials/navbar.ftl"
2026-01-04 17:45:18 DEBUG cache:45 - TemplateLoader.findTemplateSource("spark/partials/navbar.ftl"): Found
2026-01-04 17:45:18 DEBUG cache:45 - Loading template for "spark/partials/navbar.ftl"("en_US", UTF-8, parsed) from "jar:file:/C:/Users/Sai/.m2/repository/com/aventstack/extentreports/5.1.2/extentreports-5.1.2.jar!/com/aventstack/extentreports/templates/spark/partials/navbar.ftl"
2026-01-04 17:45:18 DEBUG cache:45 - Couldn't find template in cache for "spark/partials/head.ftl"("en_US", UTF-8, parsed); will try to load it.
2026-01-04 17:45:18 DEBUG cache:45 - Couldn't find template in cache for "commons/commons-inject-css.ftl"("en_US", UTF-8, parsed); will try to load it.
2026-01-04 17:45:18 DEBUG cache:45 - TemplateLoader.findTemplateSource("commons/commons-inject-css_en_US.ftl"): Not found
2026-01-04 17:45:18 DEBUG cache:45 - TemplateLoader.findTemplateSource("spark/partials/head_en_US.ftl"): Not found
2026-01-04 17:45:18 DEBUG cache:45 - TemplateLoader.findTemplateSource("commons/commons-inject-css_en.ftl"): Not found
2026-01-04 17:45:18 DEBUG cache:45 - TemplateLoader.findTemplateSource("spark/partials/head_en.ftl"): Not found
2026-01-04 17:45:18 DEBUG cache:45 - TemplateLoader.findTemplateSource("spark/partials/head.ftl"): Found
2026-01-04 17:45:18 DEBUG cache:45 - TemplateLoader.findTemplateSource("commons/commons-inject-css.ftl"): Found
2026-01-04 17:45:18 DEBUG cache:45 - Loading template for "commons/commons-inject-css.ftl"("en_US", UTF-8, parsed) from "jar:file:/C:/Users/Sai/.m2/repository/com/aventstack/extentreports/5.1.2/extentreports-5.1.2.jar!/com/aventstack/extentreports/templates/commons/commons-inject-css.ftl"
2026-01-04 17:45:18 DEBUG cache:45 - Loading template for "spark/partials/head.ftl"("en_US", UTF-8, parsed) from "jar:file:/C:/Users/Sai/.m2/repository/com/aventstack/extentreports/5.1.2/extentreports-5.1.2.jar!/com/aventstack/extentreports/templates/spark/partials/head.ftl"
2026-01-04 17:45:18 DEBUG cache:45 - Couldn't find template in cache for "spark/partials/navbar.ftl"("en_US", UTF-8, parsed); will try to load it.
2026-01-04 17:45:18 DEBUG cache:45 - TemplateLoader.findTemplateSource("spark/partials/navbar_en_US.ftl"): Not found
2026-01-04 17:45:18 DEBUG cache:45 - TemplateLoader.findTemplateSource("spark/partials/navbar_en.ftl"): Not found
2026-01-04 17:45:18 DEBUG cache:45 - TemplateLoader.findTemplateSource("spark/partials/navbar.ftl"): Found
2026-01-04 17:45:18 DEBUG cache:45 - Loading template for "spark/partials/navbar.ftl"("en_US", UTF-8, parsed) from "jar:file:/C:/Users/Sai/.m2/repository/com/aventstack/extentreports/5.1.2/extentreports-5.1.2.jar!/com/aventstack/extentreports/templates/spark/partials/navbar.ftl"
2026-01-04 17:45:18 DEBUG cache:45 - Couldn't find template in cache for "commons/commons-inject-css.ftl"("en_US", UTF-8, parsed); will try to load it.
2026-01-04 17:45:18 DEBUG cache:45 - Couldn't find template in cache for "spark/partials/sidenav.ftl"("en_US", UTF-8, parsed); will try to load it.
2026-01-04 17:45:18 DEBUG cache:45 - Couldn't find template in cache for "spark/partials/sidenav.ftl"("en_US", UTF-8, parsed); will try to load it.
2026-01-04 17:45:18 DEBUG cache:45 - TemplateLoader.findTemplateSource("commons/commons-inject-css_en_US.ftl"): Not found
2026-01-04 17:45:18 DEBUG cache:45 - TemplateLoader.findTemplateSource("spark/partials/sidenav_en_US.ftl"): Not found
2026-01-04 17:45:18 DEBUG cache:45 - TemplateLoader.findTemplateSource("spark/partials/sidenav_en_US.ftl"): Not found
2026-01-04 17:45:18 DEBUG cache:45 - TemplateLoader.findTemplateSource("commons/commons-inject-css_en.ftl"): Not found
2026-01-04 17:45:18 DEBUG cache:45 - Couldn't find template in cache for "spark/partials/sidenav.ftl"("en_US", UTF-8, parsed); will try to load it.
2026-01-04 17:45:18 DEBUG cache:45 - TemplateLoader.findTemplateSource("commons/commons-inject-css.ftl"): Found
2026-01-04 17:45:18 DEBUG cache:45 - TemplateLoader.findTemplateSource("spark/partials/sidenav_en.ftl"): Not found
2026-01-04 17:45:18 DEBUG cache:45 - TemplateLoader.findTemplateSource("spark/partials/sidenav_en.ftl"): Not found
2026-01-04 17:45:18 DEBUG cache:45 - Loading template for "commons/commons-inject-css.ftl"("en_US", UTF-8, parsed) from "jar:file:/C:/Users/Sai/.m2/repository/com/aventstack/extentreports/5.1.2/extentreports-5.1.2.jar!/com/aventstack/extentreports/templates/commons/commons-inject-css.ftl"
2026-01-04 17:45:18 DEBUG cache:45 - TemplateLoader.findTemplateSource("spark/partials/sidenav.ftl"): Found
2026-01-04 17:45:18 DEBUG cache:45 - TemplateLoader.findTemplateSource("spark/partials/sidenav_en_US.ftl"): Not found
2026-01-04 17:45:18 DEBUG cache:45 - Couldn't find template in cache for "spark/partials/navbar.ftl"("en_US", UTF-8, parsed); will try to load it.
2026-01-04 17:45:18 DEBUG cache:45 - TemplateLoader.findTemplateSource("spark/partials/navbar_en_US.ftl"): Not found
2026-01-04 17:45:18 DEBUG cache:45 - Loading template for "spark/partials/sidenav.ftl"("en_US", UTF-8, parsed) from "jar:file:/C:/Users/Sai/.m2/repository/com/aventstack/extentreports/5.1.2/extentreports-5.1.2.jar!/com/aventstack/extentreports/templates/spark/partials/sidenav.ftl"
2026-01-04 17:45:18 DEBUG cache:45 - TemplateLoader.findTemplateSource("spark/partials/sidenav.ftl"): Found
2026-01-04 17:45:18 DEBUG cache:45 - TemplateLoader.findTemplateSource("spark/partials/navbar_en.ftl"): Not found
2026-01-04 17:45:18 DEBUG cache:45 - TemplateLoader.findTemplateSource("spark/partials/sidenav_en.ftl"): Not found
2026-01-04 17:45:18 DEBUG cache:45 - TemplateLoader.findTemplateSource("spark/partials/navbar.ftl"): Found
2026-01-04 17:45:18 DEBUG cache:45 - Loading template for "spark/partials/navbar.ftl"("en_US", UTF-8, parsed) from "jar:file:/C:/Users/Sai/.m2/repository/com/aventstack/extentreports/5.1.2/extentreports-5.1.2.jar!/com/aventstack/extentreports/templates/spark/partials/navbar.ftl"
2026-01-04 17:45:18 DEBUG cache:45 - Loading template for "spark/partials/sidenav.ftl"("en_US", UTF-8, parsed) from "jar:file:/C:/Users/Sai/.m2/repository/com/aventstack/extentreports/5.1.2/extentreports-5.1.2.jar!/com/aventstack/extentreports/templates/spark/partials/sidenav.ftl"
2026-01-04 17:45:18 DEBUG cache:45 - TemplateLoader.findTemplateSource("spark/partials/sidenav.ftl"): Found
2026-01-04 17:45:18 DEBUG cache:45 - Loading template for "spark/partials/sidenav.ftl"("en_US", UTF-8, parsed) from "jar:file:/C:/Users/Sai/.m2/repository/com/aventstack/extentreports/5.1.2/extentreports-5.1.2.jar!/com/aventstack/extentreports/templates/spark/partials/sidenav.ftl"
2026-01-04 17:45:18 DEBUG cache:45 - Couldn't find template in cache for "spark/partials/sidenav.ftl"("en_US", UTF-8, parsed); will try to load it.
2026-01-04 17:45:18 DEBUG cache:45 - TemplateLoader.findTemplateSource("spark/partials/sidenav_en_US.ftl"): Not found
2026-01-04 17:45:18 DEBUG cache:45 - TemplateLoader.findTemplateSource("spark/partials/sidenav_en.ftl"): Not found
2026-01-04 17:45:18 DEBUG cache:45 - TemplateLoader.findTemplateSource("spark/partials/sidenav.ftl"): Found
2026-01-04 17:45:18 DEBUG cache:45 - Loading template for "spark/partials/sidenav.ftl"("en_US", UTF-8, parsed) from "jar:file:/C:/Users/Sai/.m2/repository/com/aventstack/extentreports/5.1.2/extentreports-5.1.2.jar!/com/aventstack/extentreports/templates/spark/partials/sidenav.ftl"
2026-01-04 17:45:18 DEBUG cache:45 - Couldn't find template in cache for "spark/partials/test.ftl"("en_US", UTF-8, parsed); will try to load it.
2026-01-04 17:45:18 DEBUG cache:45 - Couldn't find template in cache for "spark/partials/test.ftl"("en_US", UTF-8, parsed); will try to load it.
2026-01-04 17:45:18 DEBUG cache:45 - Couldn't find template in cache for "spark/partials/test.ftl"("en_US", UTF-8, parsed); will try to load it.
2026-01-04 17:45:18 DEBUG cache:45 - TemplateLoader.findTemplateSource("spark/partials/test_en_US.ftl"): Not found
2026-01-04 17:45:18 DEBUG cache:45 - TemplateLoader.findTemplateSource("spark/partials/test_en_US.ftl"): Not found
2026-01-04 17:45:18 DEBUG cache:45 - TemplateLoader.findTemplateSource("spark/partials/test_en_US.ftl"): Not found
2026-01-04 17:45:18 DEBUG cache:45 - TemplateLoader.findTemplateSource("spark/partials/test_en.ftl"): Not found
2026-01-04 17:45:18 DEBUG cache:45 - TemplateLoader.findTemplateSource("spark/partials/test_en.ftl"): Not found
2026-01-04 17:45:18 DEBUG cache:45 - TemplateLoader.findTemplateSource("spark/partials/test_en.ftl"): Not found
2026-01-04 17:45:18 DEBUG cache:45 - TemplateLoader.findTemplateSource("spark/partials/test.ftl"): Found
2026-01-04 17:45:18 DEBUG cache:45 - TemplateLoader.findTemplateSource("spark/partials/test.ftl"): Found
2026-01-04 17:45:18 DEBUG cache:45 - TemplateLoader.findTemplateSource("spark/partials/test.ftl"): Found
2026-01-04 17:45:18 DEBUG cache:45 - Loading template for "spark/partials/test.ftl"("en_US", UTF-8, parsed) from "jar:file:/C:/Users/Sai/.m2/repository/com/aventstack/extentreports/5.1.2/extentreports-5.1.2.jar!/com/aventstack/extentreports/templates/spark/partials/test.ftl"
2026-01-04 17:45:18 DEBUG cache:45 - Loading template for "spark/partials/test.ftl"("en_US", UTF-8, parsed) from "jar:file:/C:/Users/Sai/.m2/repository/com/aventstack/extentreports/5.1.2/extentreports-5.1.2.jar!/com/aventstack/extentreports/templates/spark/partials/test.ftl"
2026-01-04 17:45:18 DEBUG cache:45 - Loading template for "spark/partials/test.ftl"("en_US", UTF-8, parsed) from "jar:file:/C:/Users/Sai/.m2/repository/com/aventstack/extentreports/5.1.2/extentreports-5.1.2.jar!/com/aventstack/extentreports/templates/spark/partials/test.ftl"
2026-01-04 17:45:18 DEBUG cache:45 - Couldn't find template in cache for "spark/partials/test.ftl"("en_US", UTF-8, parsed); will try to load it.
2026-01-04 17:45:18 DEBUG cache:45 - TemplateLoader.findTemplateSource("spark/partials/test_en_US.ftl"): Not found
2026-01-04 17:45:18 DEBUG cache:45 - TemplateLoader.findTemplateSource("spark/partials/test_en.ftl"): Not found
2026-01-04 17:45:18 DEBUG cache:45 - TemplateLoader.findTemplateSource("spark/partials/test.ftl"): Found
2026-01-04 17:45:18 DEBUG cache:45 - Loading template for "spark/partials/test.ftl"("en_US", UTF-8, parsed) from "jar:file:/C:/Users/Sai/.m2/repository/com/aventstack/extentreports/5.1.2/extentreports-5.1.2.jar!/com/aventstack/extentreports/templates/spark/partials/test.ftl"
2026-01-04 17:45:18 DEBUG cache:45 - Couldn't find template in cache for "spark/partials/standard-content.ftl"("en_US", UTF-8, parsed); will try to load it.
2026-01-04 17:45:18 DEBUG cache:45 - Couldn't find template in cache for "spark/partials/standard-content.ftl"("en_US", UTF-8, parsed); will try to load it.
2026-01-04 17:45:18 DEBUG cache:45 - Couldn't find template in cache for "spark/partials/standard-content.ftl"("en_US", UTF-8, parsed); will try to load it.
2026-01-04 17:45:18 DEBUG cache:45 - Couldn't find template in cache for "spark/partials/standard-content.ftl"("en_US", UTF-8, parsed); will try to load it.
2026-01-04 17:45:18 DEBUG cache:45 - TemplateLoader.findTemplateSource("spark/partials/standard-content_en_US.ftl"): Not found
2026-01-04 17:45:18 DEBUG cache:45 - TemplateLoader.findTemplateSource("spark/partials/standard-content_en_US.ftl"): Not found
2026-01-04 17:45:18 DEBUG cache:45 - TemplateLoader.findTemplateSource("spark/partials/standard-content_en_US.ftl"): Not found
2026-01-04 17:45:18 DEBUG cache:45 - TemplateLoader.findTemplateSource("spark/partials/standard-content_en_US.ftl"): Not found
2026-01-04 17:45:18 DEBUG cache:45 - TemplateLoader.findTemplateSource("spark/partials/standard-content_en.ftl"): Not found
2026-01-04 17:45:18 DEBUG cache:45 - TemplateLoader.findTemplateSource("spark/partials/standard-content_en.ftl"): Not found
2026-01-04 17:45:18 DEBUG cache:45 - TemplateLoader.findTemplateSource("spark/partials/standard-content_en.ftl"): Not found
2026-01-04 17:45:18 DEBUG cache:45 - TemplateLoader.findTemplateSource("spark/partials/standard-content_en.ftl"): Not found
2026-01-04 17:45:18 DEBUG cache:45 - TemplateLoader.findTemplateSource("spark/partials/standard-content.ftl"): Found
2026-01-04 17:45:18 DEBUG cache:45 - TemplateLoader.findTemplateSource("spark/partials/standard-content.ftl"): Found
2026-01-04 17:45:18 DEBUG cache:45 - Loading template for "spark/partials/standard-content.ftl"("en_US", UTF-8, parsed) from "jar:file:/C:/Users/Sai/.m2/repository/com/aventstack/extentreports/5.1.2/extentreports-5.1.2.jar!/com/aventstack/extentreports/templates/spark/partials/standard-content.ftl"
2026-01-04 17:45:18 DEBUG cache:45 - TemplateLoader.findTemplateSource("spark/partials/standard-content.ftl"): Found
2026-01-04 17:45:18 DEBUG cache:45 - TemplateLoader.findTemplateSource("spark/partials/standard-content.ftl"): Found
2026-01-04 17:45:18 DEBUG cache:45 - Loading template for "spark/partials/standard-content.ftl"("en_US", UTF-8, parsed) from "jar:file:/C:/Users/Sai/.m2/repository/com/aventstack/extentreports/5.1.2/extentreports-5.1.2.jar!/com/aventstack/extentreports/templates/spark/partials/standard-content.ftl"
2026-01-04 17:45:18 DEBUG cache:45 - Loading template for "spark/partials/standard-content.ftl"("en_US", UTF-8, parsed) from "jar:file:/C:/Users/Sai/.m2/repository/com/aventstack/extentreports/5.1.2/extentreports-5.1.2.jar!/com/aventstack/extentreports/templates/spark/partials/standard-content.ftl"
2026-01-04 17:45:18 DEBUG cache:45 - Loading template for "spark/partials/standard-content.ftl"("en_US", UTF-8, parsed) from "jar:file:/C:/Users/Sai/.m2/repository/com/aventstack/extentreports/5.1.2/extentreports-5.1.2.jar!/com/aventstack/extentreports/templates/spark/partials/standard-content.ftl"
2026-01-04 17:45:18 DEBUG cache:45 - "spark/partials/standard-content.ftl"("en_US", UTF-8, parsed) cached copy not yet stale; using cached.
2026-01-04 17:45:18 DEBUG cache:45 - "spark/partials/standard-content.ftl"("en_US", UTF-8, parsed) cached copy not yet stale; using cached.
2026-01-04 17:45:18 DEBUG cache:45 - "spark/partials/standard-content.ftl"("en_US", UTF-8, parsed) cached copy not yet stale; using cached.
2026-01-04 17:45:18 DEBUG cache:45 - "spark/partials/standard-content.ftl"("en_US", UTF-8, parsed) cached copy not yet stale; using cached.
2026-01-04 17:45:18 DEBUG cache:45 - "spark/partials/standard-content.ftl"("en_US", UTF-8, parsed) cached copy not yet stale; using cached.
2026-01-04 17:45:18 DEBUG cache:45 - "spark/partials/standard-content.ftl"("en_US", UTF-8, parsed) cached copy not yet stale; using cached.
2026-01-04 17:45:18 DEBUG cache:45 - "spark/partials/standard-content.ftl"("en_US", UTF-8, parsed) cached copy not yet stale; using cached.
2026-01-04 17:45:18 DEBUG cache:45 - "spark/partials/standard-content.ftl"("en_US", UTF-8, parsed) cached copy not yet stale; using cached.
2026-01-04 17:45:18 DEBUG cache:45 - "spark/partials/standard-content.ftl"("en_US", UTF-8, parsed) cached copy not yet stale; using cached.
2026-01-04 17:45:18 DEBUG cache:45 - "spark/partials/standard-content.ftl"("en_US", UTF-8, parsed) cached copy not yet stale; using cached.
2026-01-04 17:45:18 DEBUG cache:45 - "spark/partials/standard-content.ftl"("en_US", UTF-8, parsed) cached copy not yet stale; using cached.
2026-01-04 17:45:18 DEBUG cache:45 - "spark/partials/standard-content.ftl"("en_US", UTF-8, parsed) cached copy not yet stale; using cached.
2026-01-04 17:45:18 DEBUG cache:45 - "spark/partials/standard-content.ftl"("en_US", UTF-8, parsed) cached copy not yet stale; using cached.
2026-01-04 17:45:18 DEBUG cache:45 - "spark/partials/standard-content.ftl"("en_US", UTF-8, parsed) cached copy not yet stale; using cached.
2026-01-04 17:45:18 DEBUG cache:45 - "spark/partials/standard-content.ftl"("en_US", UTF-8, parsed) cached copy not yet stale; using cached.
2026-01-04 17:45:18 DEBUG cache:45 - Couldn't find template in cache for "spark/partials/exception.ftl"("en_US", UTF-8, parsed); will try to load it.
2026-01-04 17:45:18 DEBUG cache:45 - Couldn't find template in cache for "spark/partials/exception.ftl"("en_US", UTF-8, parsed); will try to load it.
2026-01-04 17:45:18 DEBUG cache:45 - TemplateLoader.findTemplateSource("spark/partials/exception_en_US.ftl"): Not found
2026-01-04 17:45:18 DEBUG cache:45 - TemplateLoader.findTemplateSource("spark/partials/exception_en_US.ftl"): Not found
2026-01-04 17:45:18 DEBUG cache:45 - "spark/partials/standard-content.ftl"("en_US", UTF-8, parsed) cached copy not yet stale; using cached.
2026-01-04 17:45:18 DEBUG cache:45 - TemplateLoader.findTemplateSource("spark/partials/exception_en.ftl"): Not found
2026-01-04 17:45:18 DEBUG cache:45 - TemplateLoader.findTemplateSource("spark/partials/exception_en.ftl"): Not found
2026-01-04 17:45:18 DEBUG cache:45 - Couldn't find template in cache for "spark/partials/exception.ftl"("en_US", UTF-8, parsed); will try to load it.
2026-01-04 17:45:18 DEBUG cache:45 - TemplateLoader.findTemplateSource("spark/partials/exception.ftl"): Found
2026-01-04 17:45:18 DEBUG cache:45 - TemplateLoader.findTemplateSource("spark/partials/exception.ftl"): Found
2026-01-04 17:45:18 DEBUG cache:45 - Loading template for "spark/partials/exception.ftl"("en_US", UTF-8, parsed) from "jar:file:/C:/Users/Sai/.m2/repository/com/aventstack/extentreports/5.1.2/extentreports-5.1.2.jar!/com/aventstack/extentreports/templates/spark/partials/exception.ftl"
2026-01-04 17:45:18 DEBUG cache:45 - TemplateLoader.findTemplateSource("spark/partials/exception_en_US.ftl"): Not found
2026-01-04 17:45:18 DEBUG cache:45 - Loading template for "spark/partials/exception.ftl"("en_US", UTF-8, parsed) from "jar:file:/C:/Users/Sai/.m2/repository/com/aventstack/extentreports/5.1.2/extentreports-5.1.2.jar!/com/aventstack/extentreports/templates/spark/partials/exception.ftl"
2026-01-04 17:45:18 DEBUG cache:45 - "spark/partials/exception.ftl"("en_US", UTF-8, parsed) cached copy not yet stale; using cached.
2026-01-04 17:45:18 DEBUG cache:45 - TemplateLoader.findTemplateSource("spark/partials/exception_en.ftl"): Not found
2026-01-04 17:45:18 DEBUG cache:45 - TemplateLoader.findTemplateSource("spark/partials/exception.ftl"): Found
2026-01-04 17:45:18 DEBUG cache:45 - Loading template for "spark/partials/exception.ftl"("en_US", UTF-8, parsed) from "jar:file:/C:/Users/Sai/.m2/repository/com/aventstack/extentreports/5.1.2/extentreports-5.1.2.jar!/com/aventstack/extentreports/templates/spark/partials/exception.ftl"
2026-01-04 17:45:18 DEBUG cache:45 - Couldn't find template in cache for "spark/partials/category.ftl"("en_US", UTF-8, parsed); will try to load it.
2026-01-04 17:45:18 DEBUG cache:45 - TemplateLoader.findTemplateSource("spark/partials/category_en_US.ftl"): Not found
2026-01-04 17:45:18 DEBUG cache:45 - Couldn't find template in cache for "spark/partials/category.ftl"("en_US", UTF-8, parsed); will try to load it.
2026-01-04 17:45:18 DEBUG cache:45 - TemplateLoader.findTemplateSource("spark/partials/category_en.ftl"): Not found
2026-01-04 17:45:18 DEBUG cache:45 - TemplateLoader.findTemplateSource("spark/partials/category_en_US.ftl"): Not found
2026-01-04 17:45:18 DEBUG cache:45 - TemplateLoader.findTemplateSource("spark/partials/category.ftl"): Found
2026-01-04 17:45:18 DEBUG cache:45 - Loading template for "spark/partials/category.ftl"("en_US", UTF-8, parsed) from "jar:file:/C:/Users/Sai/.m2/repository/com/aventstack/extentreports/5.1.2/extentreports-5.1.2.jar!/com/aventstack/extentreports/templates/spark/partials/category.ftl"
2026-01-04 17:45:18 DEBUG cache:45 - TemplateLoader.findTemplateSource("spark/partials/category_en.ftl"): Not found
2026-01-04 17:45:18 DEBUG cache:45 - Couldn't find template in cache for "spark/partials/category.ftl"("en_US", UTF-8, parsed); will try to load it.
2026-01-04 17:45:18 DEBUG cache:45 - Couldn't find template in cache for "spark/partials/category.ftl"("en_US", UTF-8, parsed); will try to load it.
2026-01-04 17:45:18 DEBUG cache:45 - TemplateLoader.findTemplateSource("spark/partials/category_en_US.ftl"): Not found
2026-01-04 17:45:18 DEBUG cache:45 - TemplateLoader.findTemplateSource("spark/partials/category_en.ftl"): Not found
2026-01-04 17:45:18 DEBUG cache:45 - TemplateLoader.findTemplateSource("spark/partials/category.ftl"): Found
2026-01-04 17:45:18 DEBUG cache:45 - TemplateLoader.findTemplateSource("spark/partials/category.ftl"): Found
2026-01-04 17:45:18 DEBUG cache:45 - TemplateLoader.findTemplateSource("spark/partials/category_en_US.ftl"): Not found
2026-01-04 17:45:18 DEBUG cache:45 - Loading template for "spark/partials/category.ftl"("en_US", UTF-8, parsed) from "jar:file:/C:/Users/Sai/.m2/repository/com/aventstack/extentreports/5.1.2/extentreports-5.1.2.jar!/com/aventstack/extentreports/templates/spark/partials/category.ftl"
2026-01-04 17:45:18 DEBUG cache:45 - Loading template for "spark/partials/category.ftl"("en_US", UTF-8, parsed) from "jar:file:/C:/Users/Sai/.m2/repository/com/aventstack/extentreports/5.1.2/extentreports-5.1.2.jar!/com/aventstack/extentreports/templates/spark/partials/category.ftl"
2026-01-04 17:45:18 DEBUG cache:45 - TemplateLoader.findTemplateSource("spark/partials/category_en.ftl"): Not found
2026-01-04 17:45:18 DEBUG cache:45 - TemplateLoader.findTemplateSource("spark/partials/category.ftl"): Found
2026-01-04 17:45:18 DEBUG cache:45 - Loading template for "spark/partials/category.ftl"("en_US", UTF-8, parsed) from "jar:file:/C:/Users/Sai/.m2/repository/com/aventstack/extentreports/5.1.2/extentreports-5.1.2.jar!/com/aventstack/extentreports/templates/spark/partials/category.ftl"
2026-01-04 17:45:18 DEBUG cache:45 - Couldn't find template in cache for "spark/partials/device.ftl"("en_US", UTF-8, parsed); will try to load it.
2026-01-04 17:45:18 DEBUG cache:45 - Couldn't find template in cache for "spark/partials/device.ftl"("en_US", UTF-8, parsed); will try to load it.
2026-01-04 17:45:18 DEBUG cache:45 - TemplateLoader.findTemplateSource("spark/partials/device_en_US.ftl"): Not found
2026-01-04 17:45:18 DEBUG cache:45 - TemplateLoader.findTemplateSource("spark/partials/device_en.ftl"): Not found
2026-01-04 17:45:18 DEBUG cache:45 - Couldn't find template in cache for "spark/partials/device.ftl"("en_US", UTF-8, parsed); will try to load it.
2026-01-04 17:45:18 DEBUG cache:45 - TemplateLoader.findTemplateSource("spark/partials/device_en_US.ftl"): Not found
2026-01-04 17:45:18 DEBUG cache:45 - TemplateLoader.findTemplateSource("spark/partials/device_en_US.ftl"): Not found
2026-01-04 17:45:18 DEBUG cache:45 - TemplateLoader.findTemplateSource("spark/partials/device.ftl"): Found
2026-01-04 17:45:18 DEBUG cache:45 - Couldn't find template in cache for "spark/partials/device.ftl"("en_US", UTF-8, parsed); will try to load it.
2026-01-04 17:45:18 DEBUG cache:45 - TemplateLoader.findTemplateSource("spark/partials/device_en.ftl"): Not found
2026-01-04 17:45:18 DEBUG cache:45 - TemplateLoader.findTemplateSource("spark/partials/device_en.ftl"): Not found
2026-01-04 17:45:18 DEBUG cache:45 - Loading template for "spark/partials/device.ftl"("en_US", UTF-8, parsed) from "jar:file:/C:/Users/Sai/.m2/repository/com/aventstack/extentreports/5.1.2/extentreports-5.1.2.jar!/com/aventstack/extentreports/templates/spark/partials/device.ftl"
2026-01-04 17:45:18 DEBUG cache:45 - TemplateLoader.findTemplateSource("spark/partials/device.ftl"): Found
2026-01-04 17:45:18 DEBUG cache:45 - TemplateLoader.findTemplateSource("spark/partials/device_en_US.ftl"): Not found
2026-01-04 17:45:18 DEBUG cache:45 - Loading template for "spark/partials/device.ftl"("en_US", UTF-8, parsed) from "jar:file:/C:/Users/Sai/.m2/repository/com/aventstack/extentreports/5.1.2/extentreports-5.1.2.jar!/com/aventstack/extentreports/templates/spark/partials/device.ftl"
2026-01-04 17:45:18 DEBUG cache:45 - TemplateLoader.findTemplateSource("spark/partials/device.ftl"): Found
2026-01-04 17:45:18 DEBUG cache:45 - Loading template for "spark/partials/device.ftl"("en_US", UTF-8, parsed) from "jar:file:/C:/Users/Sai/.m2/repository/com/aventstack/extentreports/5.1.2/extentreports-5.1.2.jar!/com/aventstack/extentreports/templates/spark/partials/device.ftl"
2026-01-04 17:45:18 DEBUG cache:45 - TemplateLoader.findTemplateSource("spark/partials/device_en.ftl"): Not found
2026-01-04 17:45:18 DEBUG cache:45 - Couldn't find template in cache for "spark/partials/author.ftl"("en_US", UTF-8, parsed); will try to load it.
2026-01-04 17:45:18 DEBUG cache:45 - TemplateLoader.findTemplateSource("spark/partials/device.ftl"): Found
2026-01-04 17:45:18 DEBUG cache:45 - Loading template for "spark/partials/device.ftl"("en_US", UTF-8, parsed) from "jar:file:/C:/Users/Sai/.m2/repository/com/aventstack/extentreports/5.1.2/extentreports-5.1.2.jar!/com/aventstack/extentreports/templates/spark/partials/device.ftl"
2026-01-04 17:45:18 DEBUG cache:45 - TemplateLoader.findTemplateSource("spark/partials/author_en_US.ftl"): Not found
2026-01-04 17:45:18 DEBUG cache:45 - Couldn't find template in cache for "spark/partials/author.ftl"("en_US", UTF-8, parsed); will try to load it.
2026-01-04 17:45:18 DEBUG cache:45 - TemplateLoader.findTemplateSource("spark/partials/author_en.ftl"): Not found
2026-01-04 17:45:18 DEBUG cache:45 - TemplateLoader.findTemplateSource("spark/partials/author_en_US.ftl"): Not found
2026-01-04 17:45:18 DEBUG cache:45 - Couldn't find template in cache for "spark/partials/author.ftl"("en_US", UTF-8, parsed); will try to load it.
2026-01-04 17:45:18 DEBUG cache:45 - Couldn't find template in cache for "spark/partials/author.ftl"("en_US", UTF-8, parsed); will try to load it.
2026-01-04 17:45:18 DEBUG cache:45 - TemplateLoader.findTemplateSource("spark/partials/author_en.ftl"): Not found
2026-01-04 17:45:18 DEBUG cache:45 - TemplateLoader.findTemplateSource("spark/partials/author_en_US.ftl"): Not found
2026-01-04 17:45:18 DEBUG cache:45 - TemplateLoader.findTemplateSource("spark/partials/author.ftl"): Found
2026-01-04 17:45:18 DEBUG cache:45 - TemplateLoader.findTemplateSource("spark/partials/author.ftl"): Found
2026-01-04 17:45:18 DEBUG cache:45 - TemplateLoader.findTemplateSource("spark/partials/author_en_US.ftl"): Not found
2026-01-04 17:45:18 DEBUG cache:45 - Loading template for "spark/partials/author.ftl"("en_US", UTF-8, parsed) from "jar:file:/C:/Users/Sai/.m2/repository/com/aventstack/extentreports/5.1.2/extentreports-5.1.2.jar!/com/aventstack/extentreports/templates/spark/partials/author.ftl"
2026-01-04 17:45:18 DEBUG cache:45 - TemplateLoader.findTemplateSource("spark/partials/author_en.ftl"): Not found
2026-01-04 17:45:18 DEBUG cache:45 - Loading template for "spark/partials/author.ftl"("en_US", UTF-8, parsed) from "jar:file:/C:/Users/Sai/.m2/repository/com/aventstack/extentreports/5.1.2/extentreports-5.1.2.jar!/com/aventstack/extentreports/templates/spark/partials/author.ftl"
2026-01-04 17:45:18 DEBUG cache:45 - TemplateLoader.findTemplateSource("spark/partials/author_en.ftl"): Not found
2026-01-04 17:45:18 DEBUG cache:45 - TemplateLoader.findTemplateSource("spark/partials/author.ftl"): Found
2026-01-04 17:45:18 DEBUG cache:45 - TemplateLoader.findTemplateSource("spark/partials/author.ftl"): Found
2026-01-04 17:45:18 DEBUG cache:45 - Loading template for "spark/partials/author.ftl"("en_US", UTF-8, parsed) from "jar:file:/C:/Users/Sai/.m2/repository/com/aventstack/extentreports/5.1.2/extentreports-5.1.2.jar!/com/aventstack/extentreports/templates/spark/partials/author.ftl"
2026-01-04 17:45:18 DEBUG cache:45 - Couldn't find template in cache for "spark/partials/log.ftl"("en_US", UTF-8, parsed); will try to load it.
2026-01-04 17:45:18 DEBUG cache:45 - Loading template for "spark/partials/author.ftl"("en_US", UTF-8, parsed) from "jar:file:/C:/Users/Sai/.m2/repository/com/aventstack/extentreports/5.1.2/extentreports-5.1.2.jar!/com/aventstack/extentreports/templates/spark/partials/author.ftl"
2026-01-04 17:45:18 DEBUG cache:45 - TemplateLoader.findTemplateSource("spark/partials/log_en_US.ftl"): Not found
2026-01-04 17:45:18 DEBUG cache:45 - Couldn't find template in cache for "spark/partials/log.ftl"("en_US", UTF-8, parsed); will try to load it.
2026-01-04 17:45:18 DEBUG cache:45 - TemplateLoader.findTemplateSource("spark/partials/log_en.ftl"): Not found
2026-01-04 17:45:18 DEBUG cache:45 - Couldn't find template in cache for "spark/partials/log.ftl"("en_US", UTF-8, parsed); will try to load it.
2026-01-04 17:45:18 DEBUG cache:45 - TemplateLoader.findTemplateSource("spark/partials/log_en_US.ftl"): Not found
2026-01-04 17:45:18 DEBUG cache:45 - TemplateLoader.findTemplateSource("spark/partials/log.ftl"): Found
2026-01-04 17:45:18 DEBUG cache:45 - Couldn't find template in cache for "spark/partials/log.ftl"("en_US", UTF-8, parsed); will try to load it.
2026-01-04 17:45:18 DEBUG cache:45 - TemplateLoader.findTemplateSource("spark/partials/log_en_US.ftl"): Not found
2026-01-04 17:45:18 DEBUG cache:45 - TemplateLoader.findTemplateSource("spark/partials/log_en.ftl"): Not found
2026-01-04 17:45:18 DEBUG cache:45 - Loading template for "spark/partials/log.ftl"("en_US", UTF-8, parsed) from "jar:file:/C:/Users/Sai/.m2/repository/com/aventstack/extentreports/5.1.2/extentreports-5.1.2.jar!/com/aventstack/extentreports/templates/spark/partials/log.ftl"
2026-01-04 17:45:18 DEBUG cache:45 - TemplateLoader.findTemplateSource("spark/partials/log.ftl"): Found
2026-01-04 17:45:18 DEBUG cache:45 - TemplateLoader.findTemplateSource("spark/partials/log_en.ftl"): Not found
2026-01-04 17:45:18 DEBUG cache:45 - TemplateLoader.findTemplateSource("spark/partials/log_en_US.ftl"): Not found
2026-01-04 17:45:18 DEBUG cache:45 - Couldn't find template in cache for "spark/partials/dashboard.ftl"("en_US", UTF-8, parsed); will try to load it.
2026-01-04 17:45:18 DEBUG cache:45 - Loading template for "spark/partials/log.ftl"("en_US", UTF-8, parsed) from "jar:file:/C:/Users/Sai/.m2/repository/com/aventstack/extentreports/5.1.2/extentreports-5.1.2.jar!/com/aventstack/extentreports/templates/spark/partials/log.ftl"
2026-01-04 17:45:18 DEBUG cache:45 - TemplateLoader.findTemplateSource("spark/partials/log.ftl"): Found
2026-01-04 17:45:18 DEBUG cache:45 - TemplateLoader.findTemplateSource("spark/partials/log_en.ftl"): Not found
2026-01-04 17:45:18 DEBUG cache:45 - TemplateLoader.findTemplateSource("spark/partials/dashboard_en_US.ftl"): Not found
2026-01-04 17:45:18 DEBUG cache:45 - TemplateLoader.findTemplateSource("spark/partials/log.ftl"): Found
2026-01-04 17:45:18 DEBUG cache:45 - Loading template for "spark/partials/log.ftl"("en_US", UTF-8, parsed) from "jar:file:/C:/Users/Sai/.m2/repository/com/aventstack/extentreports/5.1.2/extentreports-5.1.2.jar!/com/aventstack/extentreports/templates/spark/partials/log.ftl"
2026-01-04 17:45:18 DEBUG cache:45 - Loading template for "spark/partials/log.ftl"("en_US", UTF-8, parsed) from "jar:file:/C:/Users/Sai/.m2/repository/com/aventstack/extentreports/5.1.2/extentreports-5.1.2.jar!/com/aventstack/extentreports/templates/spark/partials/log.ftl"
2026-01-04 17:45:18 DEBUG cache:45 - Couldn't find template in cache for "spark/partials/dashboard.ftl"("en_US", UTF-8, parsed); will try to load it.
2026-01-04 17:45:18 DEBUG cache:45 - TemplateLoader.findTemplateSource("spark/partials/dashboard_en_US.ftl"): Not found
2026-01-04 17:45:18 DEBUG cache:45 - Couldn't find template in cache for "spark/partials/dashboard.ftl"("en_US", UTF-8, parsed); will try to load it.
2026-01-04 17:45:18 DEBUG cache:45 - TemplateLoader.findTemplateSource("spark/partials/dashboard_en.ftl"): Not found
2026-01-04 17:45:18 DEBUG cache:45 - TemplateLoader.findTemplateSource("spark/partials/dashboard_en_US.ftl"): Not found
2026-01-04 17:45:18 DEBUG cache:45 - TemplateLoader.findTemplateSource("spark/partials/dashboard_en.ftl"): Not found
2026-01-04 17:45:18 DEBUG cache:45 - Couldn't find template in cache for "spark/partials/dashboard.ftl"("en_US", UTF-8, parsed); will try to load it.
2026-01-04 17:45:18 DEBUG cache:45 - TemplateLoader.findTemplateSource("spark/partials/dashboard.ftl"): Found
2026-01-04 17:45:18 DEBUG cache:45 - TemplateLoader.findTemplateSource("spark/partials/dashboard_en.ftl"): Not found
2026-01-04 17:45:18 DEBUG cache:45 - Loading template for "spark/partials/dashboard.ftl"("en_US", UTF-8, parsed) from "jar:file:/C:/Users/Sai/.m2/repository/com/aventstack/extentreports/5.1.2/extentreports-5.1.2.jar!/com/aventstack/extentreports/templates/spark/partials/dashboard.ftl"
2026-01-04 17:45:18 DEBUG cache:45 - TemplateLoader.findTemplateSource("spark/partials/dashboard_en_US.ftl"): Not found
2026-01-04 17:45:18 DEBUG cache:45 - TemplateLoader.findTemplateSource("spark/partials/dashboard.ftl"): Found
2026-01-04 17:45:18 DEBUG cache:45 - Loading template for "spark/partials/dashboard.ftl"("en_US", UTF-8, parsed) from "jar:file:/C:/Users/Sai/.m2/repository/com/aventstack/extentreports/5.1.2/extentreports-5.1.2.jar!/com/aventstack/extentreports/templates/spark/partials/dashboard.ftl"
2026-01-04 17:45:18 DEBUG cache:45 - TemplateLoader.findTemplateSource("spark/partials/dashboard.ftl"): Found
2026-01-04 17:45:18 DEBUG cache:45 - Loading template for "spark/partials/dashboard.ftl"("en_US", UTF-8, parsed) from "jar:file:/C:/Users/Sai/.m2/repository/com/aventstack/extentreports/5.1.2/extentreports-5.1.2.jar!/com/aventstack/extentreports/templates/spark/partials/dashboard.ftl"
2026-01-04 17:45:18 DEBUG cache:45 - TemplateLoader.findTemplateSource("spark/partials/dashboard_en.ftl"): Not found
2026-01-04 17:45:18 DEBUG cache:45 - TemplateLoader.findTemplateSource("spark/partials/dashboard.ftl"): Found
2026-01-04 17:45:18 DEBUG cache:45 - Loading template for "spark/partials/dashboard.ftl"("en_US", UTF-8, parsed) from "jar:file:/C:/Users/Sai/.m2/repository/com/aventstack/extentreports/5.1.2/extentreports-5.1.2.jar!/com/aventstack/extentreports/templates/spark/partials/dashboard.ftl"
2026-01-04 17:45:18 DEBUG cache:45 - Couldn't find template in cache for "spark/partials/scripts.ftl"("en_US", UTF-8, parsed); will try to load it.
2026-01-04 17:45:18 DEBUG cache:45 - Couldn't find template in cache for "spark/partials/scripts.ftl"("en_US", UTF-8, parsed); will try to load it.
2026-01-04 17:45:18 DEBUG cache:45 - Couldn't find template in cache for "spark/partials/scripts.ftl"("en_US", UTF-8, parsed); will try to load it.
2026-01-04 17:45:18 DEBUG cache:45 - Couldn't find template in cache for "spark/partials/scripts.ftl"("en_US", UTF-8, parsed); will try to load it.
2026-01-04 17:45:18 DEBUG cache:45 - TemplateLoader.findTemplateSource("spark/partials/scripts_en_US.ftl"): Not found
2026-01-04 17:45:18 DEBUG cache:45 - TemplateLoader.findTemplateSource("spark/partials/scripts_en_US.ftl"): Not found
2026-01-04 17:45:18 DEBUG cache:45 - TemplateLoader.findTemplateSource("spark/partials/scripts_en_US.ftl"): Not found
2026-01-04 17:45:18 DEBUG cache:45 - TemplateLoader.findTemplateSource("spark/partials/scripts_en_US.ftl"): Not found
2026-01-04 17:45:18 DEBUG cache:45 - TemplateLoader.findTemplateSource("spark/partials/scripts_en.ftl"): Not found
2026-01-04 17:45:18 DEBUG cache:45 - TemplateLoader.findTemplateSource("spark/partials/scripts_en.ftl"): Not found
2026-01-04 17:45:18 DEBUG cache:45 - TemplateLoader.findTemplateSource("spark/partials/scripts_en.ftl"): Not found
2026-01-04 17:45:18 DEBUG cache:45 - TemplateLoader.findTemplateSource("spark/partials/scripts.ftl"): Found
2026-01-04 17:45:18 DEBUG cache:45 - TemplateLoader.findTemplateSource("spark/partials/scripts_en.ftl"): Not found
2026-01-04 17:45:18 DEBUG cache:45 - Loading template for "spark/partials/scripts.ftl"("en_US", UTF-8, parsed) from "jar:file:/C:/Users/Sai/.m2/repository/com/aventstack/extentreports/5.1.2/extentreports-5.1.2.jar!/com/aventstack/extentreports/templates/spark/partials/scripts.ftl"
2026-01-04 17:45:18 DEBUG cache:45 - TemplateLoader.findTemplateSource("spark/partials/scripts.ftl"): Found
2026-01-04 17:45:18 DEBUG cache:45 - TemplateLoader.findTemplateSource("spark/partials/scripts.ftl"): Found
2026-01-04 17:45:18 DEBUG cache:45 - Loading template for "spark/partials/scripts.ftl"("en_US", UTF-8, parsed) from "jar:file:/C:/Users/Sai/.m2/repository/com/aventstack/extentreports/5.1.2/extentreports-5.1.2.jar!/com/aventstack/extentreports/templates/spark/partials/scripts.ftl"
2026-01-04 17:45:18 DEBUG cache:45 - Loading template for "spark/partials/scripts.ftl"("en_US", UTF-8, parsed) from "jar:file:/C:/Users/Sai/.m2/repository/com/aventstack/extentreports/5.1.2/extentreports-5.1.2.jar!/com/aventstack/extentreports/templates/spark/partials/scripts.ftl"
2026-01-04 17:45:18 DEBUG cache:45 - Couldn't find template in cache for "commons/commons-inject-js.ftl"("en_US", UTF-8, parsed); will try to load it.
2026-01-04 17:45:18 DEBUG cache:45 - TemplateLoader.findTemplateSource("spark/partials/scripts.ftl"): Found
2026-01-04 17:45:18 DEBUG cache:45 - Loading template for "spark/partials/scripts.ftl"("en_US", UTF-8, parsed) from "jar:file:/C:/Users/Sai/.m2/repository/com/aventstack/extentreports/5.1.2/extentreports-5.1.2.jar!/com/aventstack/extentreports/templates/spark/partials/scripts.ftl"
2026-01-04 17:45:18 DEBUG cache:45 - Couldn't find template in cache for "commons/commons-inject-js.ftl"("en_US", UTF-8, parsed); will try to load it.
2026-01-04 17:45:18 DEBUG cache:45 - Couldn't find template in cache for "commons/commons-inject-js.ftl"("en_US", UTF-8, parsed); will try to load it.
2026-01-04 17:45:18 DEBUG cache:45 - TemplateLoader.findTemplateSource("commons/commons-inject-js_en_US.ftl"): Not found
2026-01-04 17:45:18 DEBUG cache:45 - TemplateLoader.findTemplateSource("commons/commons-inject-js_en_US.ftl"): Not found
2026-01-04 17:45:18 DEBUG cache:45 - TemplateLoader.findTemplateSource("commons/commons-inject-js_en_US.ftl"): Not found
2026-01-04 17:45:18 DEBUG cache:45 - TemplateLoader.findTemplateSource("commons/commons-inject-js_en.ftl"): Not found
2026-01-04 17:45:18 DEBUG cache:45 - Couldn't find template in cache for "commons/commons-inject-js.ftl"("en_US", UTF-8, parsed); will try to load it.
2026-01-04 17:45:18 DEBUG cache:45 - TemplateLoader.findTemplateSource("commons/commons-inject-js_en.ftl"): Not found
2026-01-04 17:45:18 DEBUG cache:45 - TemplateLoader.findTemplateSource("commons/commons-inject-js_en_US.ftl"): Not found
2026-01-04 17:45:18 DEBUG cache:45 - TemplateLoader.findTemplateSource("commons/commons-inject-js_en.ftl"): Not found
2026-01-04 17:45:18 DEBUG cache:45 - TemplateLoader.findTemplateSource("commons/commons-inject-js.ftl"): Found
2026-01-04 17:45:18 DEBUG cache:45 - TemplateLoader.findTemplateSource("commons/commons-inject-js.ftl"): Found
2026-01-04 17:45:18 DEBUG cache:45 - TemplateLoader.findTemplateSource("commons/commons-inject-js.ftl"): Found
2026-01-04 17:45:18 DEBUG cache:45 - Loading template for "commons/commons-inject-js.ftl"("en_US", UTF-8, parsed) from "jar:file:/C:/Users/Sai/.m2/repository/com/aventstack/extentreports/5.1.2/extentreports-5.1.2.jar!/com/aventstack/extentreports/templates/commons/commons-inject-js.ftl"
2026-01-04 17:45:18 DEBUG cache:45 - TemplateLoader.findTemplateSource("commons/commons-inject-js_en.ftl"): Not found
2026-01-04 17:45:18 DEBUG cache:45 - Loading template for "commons/commons-inject-js.ftl"("en_US", UTF-8, parsed) from "jar:file:/C:/Users/Sai/.m2/repository/com/aventstack/extentreports/5.1.2/extentreports-5.1.2.jar!/com/aventstack/extentreports/templates/commons/commons-inject-js.ftl"
2026-01-04 17:45:18 DEBUG cache:45 - Loading template for "commons/commons-inject-js.ftl"("en_US", UTF-8, parsed) from "jar:file:/C:/Users/Sai/.m2/repository/com/aventstack/extentreports/5.1.2/extentreports-5.1.2.jar!/com/aventstack/extentreports/templates/commons/commons-inject-js.ftl"
2026-01-04 17:45:18 DEBUG cache:45 - TemplateLoader.findTemplateSource("commons/commons-inject-js.ftl"): Found
2026-01-04 17:45:18 DEBUG cache:45 - Loading template for "commons/commons-inject-js.ftl"("en_US", UTF-8, parsed) from "jar:file:/C:/Users/Sai/.m2/repository/com/aventstack/extentreports/5.1.2/extentreports-5.1.2.jar!/com/aventstack/extentreports/templates/commons/commons-inject-js.ftl"
2026-01-04 17:45:19 INFO  ProductExcelTest:25 - Starting product creation test
2026-01-04 17:45:19 INFO  ProductExcelTest:26 - Payload received from Excel: {record=, title=Wireless Mouse, price=25.99, description=Ergonomic wireless mouse with adjustable DPI., image=https://i.pravatar.cc/100, category=electronic}
2026-01-04 17:45:19 INFO  UserExcelTest:20 - Starting product creation test
2026-01-04 17:45:19 INFO  UserExcelTest:21 - data received from Excel:
2026-01-04 17:45:19 INFO  UserExcelTest:20 - Starting product creation test
2026-01-04 17:45:19 INFO  ProductExcelTest:25 - Starting product creation test
2026-01-04 17:45:19 INFO  UserExcelTest:21 - data received from Excel:
2026-01-04 17:45:19 INFO  ProductExcelTest:26 - Payload received from Excel: {record=, title=Gaming Keyboard, price=49.99, description=Mechanical gaming keyboard with RGB backlight., image=https://i.pravatar.cc/101, category=electronic}
2026-01-04 17:45:19 INFO  ProductExcelTest:25 - Starting product creation test
2026-01-04 17:45:19 INFO  ProductExcelTest:26 - Payload received from Excel: {record=, title=Bluetooth Headphones, price=79.99, description=Noise-canceling over-ear headphones with deep bass., image=https://i.pravatar.cc/102, category=electronics}
2026-01-04 17:45:19 INFO  UserExcelTest:20 - Starting product creation test
2026-01-04 17:45:19 INFO  UserExcelTest:21 - data received from Excel:
2026-01-04 17:45:19 INFO  ProductExcelTest:25 - Starting product creation test
2026-01-04 17:45:19 INFO  ProductExcelTest:26 - Payload received from Excel: {record=, title=Smart Watch, price=129.99, description=Fitness smartwatch with heart rate monitor and GPS., image=https://i.pravatar.cc/103, category=wearables}
2026-01-04 17:45:19 INFO  UserExcelTest:20 - Starting product creation test
2026-01-04 17:45:19 INFO  UserExcelTest:21 - data received from Excel:
2026-01-04 17:45:19 INFO  ProductExcelTest:25 - Starting product creation test
2026-01-04 17:45:19 INFO  ProductExcelTest:26 - Payload received from Excel: {record=, title=Portable Speaker, price=39.99, description=Waterproof Bluetooth speaker with 12-hour battery life., image=https://i.pravatar.cc/104, category=audio}
2026-01-04 17:45:19 DEBUG cache:45 - "spark/spark.spa.ftl"("en_US", UTF-8, parsed) cached copy not yet stale; using cached.
2026-01-04 17:45:19 DEBUG cache:45 - "commons/commons-variables.ftl"("en_US", UTF-8, parsed) cached copy not yet stale; using cached.
2026-01-04 17:45:19 DEBUG cache:45 - "commons/commons-macros.ftl"("en_US", UTF-8, parsed) cached copy not yet stale; using cached.
2026-01-04 17:45:19 DEBUG cache:45 - "spark/macros/attributes.ftl"("en_US", UTF-8, parsed) cached copy not yet stale; using cached.
2026-01-04 17:45:19 DEBUG cache:45 - "spark/macros/log.ftl"("en_US", UTF-8, parsed) cached copy not yet stale; using cached.
2026-01-04 17:45:19 DEBUG cache:45 - "spark/macros/recurse_nodes.ftl"("en_US", UTF-8, parsed) cached copy not yet stale; using cached.
2026-01-04 17:45:19 DEBUG cache:45 - "spark/macros/log.ftl"("en_US", UTF-8, parsed) cached copy not yet stale; using cached.
2026-01-04 17:45:19 DEBUG cache:45 - "spark/macros/attr-common.ftl"("en_US", UTF-8, parsed) cached copy not yet stale; using cached.
2026-01-04 17:45:19 DEBUG cache:45 - "spark/partials/head.ftl"("en_US", UTF-8, parsed) cached copy not yet stale; using cached.
2026-01-04 17:45:19 DEBUG cache:45 - "commons/commons-inject-css.ftl"("en_US", UTF-8, parsed) cached copy not yet stale; using cached.
2026-01-04 17:45:19 DEBUG cache:45 - "spark/partials/navbar.ftl"("en_US", UTF-8, parsed) cached copy not yet stale; using cached.
2026-01-04 17:45:19 DEBUG cache:45 - "spark/partials/sidenav.ftl"("en_US", UTF-8, parsed) cached copy not yet stale; using cached.
2026-01-04 17:45:19 DEBUG cache:45 - "spark/partials/test.ftl"("en_US", UTF-8, parsed) cached copy not yet stale; using cached.
2026-01-04 17:45:19 INFO  UserExcelTest:20 - Starting product creation test
2026-01-04 17:45:19 INFO  UserExcelTest:21 - data received from Excel:
2026-01-04 17:45:19 DEBUG cache:45 - "spark/partials/standard-content.ftl"("en_US", UTF-8, parsed) cached copy not yet stale; using cached.
2026-01-04 17:45:19 DEBUG cache:45 - "spark/partials/standard-content.ftl"("en_US", UTF-8, parsed) cached copy not yet stale; using cached.
2026-01-04 17:45:19 DEBUG cache:45 - "spark/spark.spa.ftl"("en_US", UTF-8, parsed) cached copy not yet stale; using cached.
2026-01-04 17:45:19 DEBUG cache:45 - "commons/commons-variables.ftl"("en_US", UTF-8, parsed) cached copy not yet stale; using cached.
2026-01-04 17:45:19 DEBUG cache:45 - "commons/commons-macros.ftl"("en_US", UTF-8, parsed) cached copy not yet stale; using cached.
2026-01-04 17:45:19 DEBUG cache:45 - "spark/macros/attributes.ftl"("en_US", UTF-8, parsed) cached copy not yet stale; using cached.
2026-01-04 17:45:19 DEBUG cache:45 - "spark/partials/standard-content.ftl"("en_US", UTF-8, parsed) cached copy not yet stale; using cached.
2026-01-04 17:45:19 DEBUG cache:45 - "spark/macros/log.ftl"("en_US", UTF-8, parsed) cached copy not yet stale; using cached.
2026-01-04 17:45:19 DEBUG cache:45 - "spark/macros/recurse_nodes.ftl"("en_US", UTF-8, parsed) cached copy not yet stale; using cached.
2026-01-04 17:45:19 DEBUG cache:45 - "spark/macros/log.ftl"("en_US", UTF-8, parsed) cached copy not yet stale; using cached.
2026-01-04 17:45:19 DEBUG cache:45 - "spark/macros/attr-common.ftl"("en_US", UTF-8, parsed) cached copy not yet stale; using cached.
2026-01-04 17:45:19 DEBUG cache:45 - "spark/partials/head.ftl"("en_US", UTF-8, parsed) cached copy not yet stale; using cached.
2026-01-04 17:45:19 DEBUG cache:45 - "commons/commons-inject-css.ftl"("en_US", UTF-8, parsed) cached copy not yet stale; using cached.
2026-01-04 17:45:19 DEBUG cache:45 - "spark/partials/navbar.ftl"("en_US", UTF-8, parsed) cached copy not yet stale; using cached.
2026-01-04 17:45:19 DEBUG cache:45 - "spark/partials/sidenav.ftl"("en_US", UTF-8, parsed) cached copy not yet stale; using cached.
2026-01-04 17:45:19 DEBUG cache:45 - "spark/partials/standard-content.ftl"("en_US", UTF-8, parsed) cached copy not yet stale; using cached.
2026-01-04 17:45:19 DEBUG cache:45 - "spark/partials/test.ftl"("en_US", UTF-8, parsed) cached copy not yet stale; using cached.
2026-01-04 17:45:19 DEBUG cache:45 - "spark/partials/standard-content.ftl"("en_US", UTF-8, parsed) cached copy not yet stale; using cached.
2026-01-04 17:45:19 DEBUG cache:45 - "spark/partials/standard-content.ftl"("en_US", UTF-8, parsed) cached copy not yet stale; using cached.
2026-01-04 17:45:19 DEBUG cache:45 - "spark/partials/standard-content.ftl"("en_US", UTF-8, parsed) cached copy not yet stale; using cached.
2026-01-04 17:45:19 DEBUG cache:45 - "spark/partials/standard-content.ftl"("en_US", UTF-8, parsed) cached copy not yet stale; using cached.
2026-01-04 17:45:19 DEBUG cache:45 - "spark/partials/exception.ftl"("en_US", UTF-8, parsed) cached copy not yet stale; using cached.
2026-01-04 17:45:19 DEBUG cache:45 - "spark/partials/standard-content.ftl"("en_US", UTF-8, parsed) cached copy not yet stale; using cached.
2026-01-04 17:45:19 DEBUG cache:45 - "spark/partials/category.ftl"("en_US", UTF-8, parsed) cached copy not yet stale; using cached.
2026-01-04 17:45:19 DEBUG cache:45 - "spark/partials/standard-content.ftl"("en_US", UTF-8, parsed) cached copy not yet stale; using cached.
2026-01-04 17:45:19 DEBUG cache:45 - "spark/partials/device.ftl"("en_US", UTF-8, parsed) cached copy not yet stale; using cached.
2026-01-04 17:45:19 DEBUG cache:45 - "spark/partials/author.ftl"("en_US", UTF-8, parsed) cached copy not yet stale; using cached.
2026-01-04 17:45:19 DEBUG cache:45 - "spark/partials/log.ftl"("en_US", UTF-8, parsed) cached copy not yet stale; using cached.
2026-01-04 17:45:19 DEBUG cache:45 - "spark/partials/dashboard.ftl"("en_US", UTF-8, parsed) cached copy not yet stale; using cached.
2026-01-04 17:45:19 DEBUG cache:45 - "spark/partials/standard-content.ftl"("en_US", UTF-8, parsed) cached copy not yet stale; using cached.
2026-01-04 17:45:19 DEBUG cache:45 - "spark/partials/scripts.ftl"("en_US", UTF-8, parsed) cached copy not yet stale; using cached.
2026-01-04 17:45:19 DEBUG cache:45 - "commons/commons-inject-js.ftl"("en_US", UTF-8, parsed) cached copy not yet stale; using cached.
2026-01-04 17:45:19 DEBUG cache:45 - "spark/partials/standard-content.ftl"("en_US", UTF-8, parsed) cached copy not yet stale; using cached.
2026-01-04 17:45:19 DEBUG cache:45 - "spark/partials/exception.ftl"("en_US", UTF-8, parsed) cached copy not yet stale; using cached.
2026-01-04 17:45:19 DEBUG cache:45 - "spark/partials/category.ftl"("en_US", UTF-8, parsed) cached copy not yet stale; using cached.
2026-01-04 17:45:19 DEBUG cache:45 - "spark/partials/device.ftl"("en_US", UTF-8, parsed) cached copy not yet stale; using cached.
2026-01-04 17:45:19 DEBUG cache:45 - "spark/partials/author.ftl"("en_US", UTF-8, parsed) cached copy not yet stale; using cached.
2026-01-04 17:45:19 DEBUG cache:45 - "spark/partials/log.ftl"("en_US", UTF-8, parsed) cached copy not yet stale; using cached.
2026-01-04 17:45:19 DEBUG cache:45 - "spark/partials/dashboard.ftl"("en_US", UTF-8, parsed) cached copy not yet stale; using cached.
2026-01-04 17:45:19 DEBUG cache:45 - "spark/partials/scripts.ftl"("en_US", UTF-8, parsed) cached copy not yet stale; using cached.
2026-01-04 17:45:19 DEBUG cache:45 - "commons/commons-inject-js.ftl"("en_US", UTF-8, parsed) cached copy not yet stale; using cached.
