2026-01-03 23:24:45 DEBUG BasicClientConnectionManager:161 - Get connection for route {s}->https://fakestoreapi.com:443
2026-01-03 23:24:45 DEBUG DefaultClientConnectionOperator:177 - Connecting to fakestoreapi.com:443
2026-01-03 23:24:46 DEBUG RequestAddCookies:123 - CookieSpec selected: ignoreCookies
2026-01-03 23:24:46 DEBUG RequestAuthCache:77 - Auth cache not set in the context
2026-01-03 23:24:46 DEBUG RequestTargetAuthentication:80 - Target auth state: UNCHALLENGED
2026-01-03 23:24:46 DEBUG RequestProxyAuthentication:89 - Proxy auth state: UNCHALLENGED
2026-01-03 23:24:46 DEBUG DefaultHttpClient:677 - Attempt 1 to execute request
2026-01-03 23:24:46 DEBUG DefaultClientConnection:274 - Sending request: POST /users HTTP/1.1
2026-01-03 23:24:46 DEBUG wire:73 -  >> "POST /users HTTP/1.1[\r][\n]"
2026-01-03 23:24:46 DEBUG wire:73 -  >> "Accept: */*[\r][\n]"
2026-01-03 23:24:46 DEBUG wire:73 -  >> "Content-Type: application/json[\r][\n]"
2026-01-03 23:24:46 DEBUG wire:73 -  >> "Content-Length: 291[\r][\n]"
2026-01-03 23:24:46 DEBUG wire:73 -  >> "Host: fakestoreapi.com[\r][\n]"
2026-01-03 23:24:46 DEBUG wire:73 -  >> "Connection: Keep-Alive[\r][\n]"
2026-01-03 23:24:46 DEBUG wire:73 -  >> "User-Agent: Apache-HttpClient/4.5.13 (Java/17.0.12)[\r][\n]"
2026-01-03 23:24:46 DEBUG wire:73 -  >> "Accept-Encoding: gzip,deflate[\r][\n]"
2026-01-03 23:24:46 DEBUG wire:73 -  >> "[\r][\n]"
2026-01-03 23:24:46 DEBUG headers:278 - >> POST /users HTTP/1.1
2026-01-03 23:24:46 DEBUG headers:281 - >> Accept: */*
2026-01-03 23:24:46 DEBUG headers:281 - >> Content-Type: application/json
2026-01-03 23:24:46 DEBUG headers:281 - >> Content-Length: 291
2026-01-03 23:24:46 DEBUG headers:281 - >> Host: fakestoreapi.com
2026-01-03 23:24:46 DEBUG headers:281 - >> Connection: Keep-Alive
2026-01-03 23:24:46 DEBUG headers:281 - >> User-Agent: Apache-HttpClient/4.5.13 (Java/17.0.12)
2026-01-03 23:24:46 DEBUG headers:281 - >> Accept-Encoding: gzip,deflate
2026-01-03 23:24:46 DEBUG wire:87 -  >> "{"email":"arjun.reddy@example.com","username":"arjun_r","password":"Arjun@123","name":{"firstname":"Arjun","lastname":"Reddy"},"address":{"city":"Hyderabad","street":"Kukatpally Road","number":101,"zipcode":"500072","geolocation":{"lat":"17.4948","long":"78.3996"}},"phone":"+91-9000011111"}"
2026-01-03 23:24:46 DEBUG wire:73 -  << "HTTP/1.1 201 Created[\r][\n]"
2026-01-03 23:24:46 DEBUG wire:73 -  << "Date: Sat, 03 Jan 2026 17:54:46 GMT[\r][\n]"
2026-01-03 23:24:46 DEBUG wire:73 -  << "Content-Type: application/json; charset=utf-8[\r][\n]"
2026-01-03 23:24:46 DEBUG wire:73 -  << "Content-Length: 8[\r][\n]"
2026-01-03 23:24:46 DEBUG wire:73 -  << "Connection: keep-alive[\r][\n]"
2026-01-03 23:24:46 DEBUG wire:73 -  << "access-control-allow-origin: *[\r][\n]"
2026-01-03 23:24:46 DEBUG wire:73 -  << "etag: W/"8-h5EdGu1QmHe4OkjsU292jNzSLfE"[\r][\n]"
2026-01-03 23:24:46 DEBUG wire:73 -  << "x-powered-by: Express[\r][\n]"
2026-01-03 23:24:46 DEBUG wire:73 -  << "cf-cache-status: DYNAMIC[\r][\n]"
2026-01-03 23:24:46 DEBUG wire:73 -  << "Nel: {"report_to":"cf-nel","success_fraction":0.0,"max_age":604800}[\r][\n]"
2026-01-03 23:24:46 DEBUG wire:73 -  << "Report-To: {"group":"cf-nel","max_age":604800,"endpoints":[{"url":"https://a.nel.cloudflare.com/report/v4?s=aDxZm%2FnEZCk%2B%2B1K724ehugRdhiP%2B2Lz0%2FYzkAEjLNaIsp3L8O0QjZPC3RBFt2AVUIPUZgMSCBEUGjXMkMl2tOnw93g3Hr1nZAVaZzcFE2%2F8%3D"}]}[\r][\n]"
2026-01-03 23:24:46 DEBUG wire:73 -  << "Server: cloudflare[\r][\n]"
2026-01-03 23:24:46 DEBUG wire:73 -  << "CF-RAY: 9b845cfeffe43b07-BOM[\r][\n]"
2026-01-03 23:24:46 DEBUG wire:73 -  << "alt-svc: h3=":443"; ma=86400[\r][\n]"
2026-01-03 23:24:46 DEBUG wire:73 -  << "[\r][\n]"
2026-01-03 23:24:46 DEBUG DefaultClientConnection:259 - Receiving response: HTTP/1.1 201 Created
2026-01-03 23:24:46 DEBUG headers:262 - << HTTP/1.1 201 Created
2026-01-03 23:24:46 DEBUG headers:265 - << Date: Sat, 03 Jan 2026 17:54:46 GMT
2026-01-03 23:24:46 DEBUG headers:265 - << Content-Type: application/json; charset=utf-8
2026-01-03 23:24:46 DEBUG headers:265 - << Content-Length: 8
2026-01-03 23:24:46 DEBUG headers:265 - << Connection: keep-alive
2026-01-03 23:24:46 DEBUG headers:265 - << access-control-allow-origin: *
2026-01-03 23:24:46 DEBUG headers:265 - << etag: W/"8-h5EdGu1QmHe4OkjsU292jNzSLfE"
2026-01-03 23:24:46 DEBUG headers:265 - << x-powered-by: Express
2026-01-03 23:24:46 DEBUG headers:265 - << cf-cache-status: DYNAMIC
2026-01-03 23:24:46 DEBUG headers:265 - << Nel: {"report_to":"cf-nel","success_fraction":0.0,"max_age":604800}
2026-01-03 23:24:46 DEBUG headers:265 - << Report-To: {"group":"cf-nel","max_age":604800,"endpoints":[{"url":"https://a.nel.cloudflare.com/report/v4?s=aDxZm%2FnEZCk%2B%2B1K724ehugRdhiP%2B2Lz0%2FYzkAEjLNaIsp3L8O0QjZPC3RBFt2AVUIPUZgMSCBEUGjXMkMl2tOnw93g3Hr1nZAVaZzcFE2%2F8%3D"}]}
2026-01-03 23:24:46 DEBUG headers:265 - << Server: cloudflare
2026-01-03 23:24:46 DEBUG headers:265 - << CF-RAY: 9b845cfeffe43b07-BOM
2026-01-03 23:24:46 DEBUG headers:265 - << alt-svc: h3=":443"; ma=86400
2026-01-03 23:24:46 DEBUG DefaultHttpClient:504 - Connection can be kept alive indefinitely
2026-01-03 23:24:46 DEBUG RestAssuredHttpBuilder:553 - Parsing response as: application/json; charset=utf-8
2026-01-03 23:24:46 DEBUG RestAssuredHttpBuilder:556 - Parsed data to instance of: class org.apache.http.conn.EofSensorInputStream
2026-01-03 23:24:46 DEBUG wire:87 -  << "{"id":1}"
2026-01-03 23:24:46 DEBUG BasicClientConnectionManager:200 - Releasing connection org.apache.http.impl.conn.ManagedClientConnectionImpl@26ca61bf
2026-01-03 23:24:46 DEBUG BasicClientConnectionManager:225 - Connection can be kept alive indefinitely
2026-01-03 23:24:47 DEBUG BasicClientConnectionManager:161 - Get connection for route {s}->https://fakestoreapi.com:443
2026-01-03 23:24:47 DEBUG DefaultClientConnectionOperator:177 - Connecting to fakestoreapi.com:443
2026-01-03 23:24:47 DEBUG RequestAddCookies:123 - CookieSpec selected: ignoreCookies
2026-01-03 23:24:47 DEBUG RequestAuthCache:77 - Auth cache not set in the context
2026-01-03 23:24:47 DEBUG RequestTargetAuthentication:80 - Target auth state: UNCHALLENGED
2026-01-03 23:24:47 DEBUG RequestProxyAuthentication:89 - Proxy auth state: UNCHALLENGED
2026-01-03 23:24:47 DEBUG DefaultHttpClient:677 - Attempt 1 to execute request
2026-01-03 23:24:47 DEBUG DefaultClientConnection:274 - Sending request: POST /users HTTP/1.1
2026-01-03 23:24:47 DEBUG wire:73 -  >> "POST /users HTTP/1.1[\r][\n]"
2026-01-03 23:24:47 DEBUG wire:73 -  >> "Accept: */*[\r][\n]"
2026-01-03 23:24:47 DEBUG wire:73 -  >> "Content-Type: application/json[\r][\n]"
2026-01-03 23:24:47 DEBUG wire:73 -  >> "Content-Length: 296[\r][\n]"
2026-01-03 23:24:47 DEBUG wire:73 -  >> "Host: fakestoreapi.com[\r][\n]"
2026-01-03 23:24:47 DEBUG wire:73 -  >> "Connection: Keep-Alive[\r][\n]"
2026-01-03 23:24:47 DEBUG wire:73 -  >> "User-Agent: Apache-HttpClient/4.5.13 (Java/17.0.12)[\r][\n]"
2026-01-03 23:24:47 DEBUG wire:73 -  >> "Accept-Encoding: gzip,deflate[\r][\n]"
2026-01-03 23:24:47 DEBUG wire:73 -  >> "[\r][\n]"
2026-01-03 23:24:47 DEBUG headers:278 - >> POST /users HTTP/1.1
2026-01-03 23:24:47 DEBUG headers:281 - >> Accept: */*
2026-01-03 23:24:47 DEBUG headers:281 - >> Content-Type: application/json
2026-01-03 23:24:47 DEBUG headers:281 - >> Content-Length: 296
2026-01-03 23:24:47 DEBUG headers:281 - >> Host: fakestoreapi.com
2026-01-03 23:24:47 DEBUG headers:281 - >> Connection: Keep-Alive
2026-01-03 23:24:47 DEBUG headers:281 - >> User-Agent: Apache-HttpClient/4.5.13 (Java/17.0.12)
2026-01-03 23:24:47 DEBUG headers:281 - >> Accept-Encoding: gzip,deflate
2026-01-03 23:24:47 DEBUG wire:87 -  >> "{"email":"priya.sharma@example.com","username":"priya_s","password":"Priya@456","name":{"firstname":"Priya","lastname":"Sharma"},"address":{"city":"Bengaluru","street":"Whitefield Main Rd","number":220,"zipcode":"560066","geolocation":{"lat":"12.9698","long":"77.7500"}},"phone":"+91-9111122222"}"
2026-01-03 23:24:47 DEBUG wire:73 -  << "HTTP/1.1 201 Created[\r][\n]"
2026-01-03 23:24:47 DEBUG wire:73 -  << "Date: Sat, 03 Jan 2026 17:54:48 GMT[\r][\n]"
2026-01-03 23:24:47 DEBUG wire:73 -  << "Content-Type: application/json; charset=utf-8[\r][\n]"
2026-01-03 23:24:47 DEBUG wire:73 -  << "Content-Length: 9[\r][\n]"
2026-01-03 23:24:47 DEBUG wire:73 -  << "Connection: keep-alive[\r][\n]"
2026-01-03 23:24:47 DEBUG wire:73 -  << "access-control-allow-origin: *[\r][\n]"
2026-01-03 23:24:47 DEBUG wire:73 -  << "etag: W/"9-hVv0cNJophUD7CGn+ZqXp8tVGo0"[\r][\n]"
2026-01-03 23:24:47 DEBUG wire:73 -  << "x-powered-by: Express[\r][\n]"
2026-01-03 23:24:47 DEBUG wire:73 -  << "cf-cache-status: DYNAMIC[\r][\n]"
2026-01-03 23:24:47 DEBUG wire:73 -  << "Nel: {"report_to":"cf-nel","success_fraction":0.0,"max_age":604800}[\r][\n]"
2026-01-03 23:24:47 DEBUG wire:73 -  << "Report-To: {"group":"cf-nel","max_age":604800,"endpoints":[{"url":"https://a.nel.cloudflare.com/report/v4?s=m1M0lvKkoOzM7bU0qneVpRSdD7HeVSipGPMaQuPDa%2BbjGe%2FSoD7agaYtOquZZKFbJXtEz4qhyGEUHXRbALxysMpqub5HSDH%2Fhs%2BrqckTCmw%3D"}]}[\r][\n]"
2026-01-03 23:24:47 DEBUG wire:73 -  << "Server: cloudflare[\r][\n]"
2026-01-03 23:24:47 DEBUG wire:73 -  << "CF-RAY: 9b845d07dbc51c69-BOM[\r][\n]"
2026-01-03 23:24:47 DEBUG wire:73 -  << "alt-svc: h3=":443"; ma=86400[\r][\n]"
2026-01-03 23:24:47 DEBUG wire:73 -  << "[\r][\n]"
2026-01-03 23:24:47 DEBUG DefaultClientConnection:259 - Receiving response: HTTP/1.1 201 Created
2026-01-03 23:24:47 DEBUG headers:262 - << HTTP/1.1 201 Created
2026-01-03 23:24:47 DEBUG headers:265 - << Date: Sat, 03 Jan 2026 17:54:48 GMT
2026-01-03 23:24:47 DEBUG headers:265 - << Content-Type: application/json; charset=utf-8
2026-01-03 23:24:47 DEBUG headers:265 - << Content-Length: 9
2026-01-03 23:24:47 DEBUG headers:265 - << Connection: keep-alive
2026-01-03 23:24:47 DEBUG headers:265 - << access-control-allow-origin: *
2026-01-03 23:24:47 DEBUG headers:265 - << etag: W/"9-hVv0cNJophUD7CGn+ZqXp8tVGo0"
2026-01-03 23:24:47 DEBUG headers:265 - << x-powered-by: Express
2026-01-03 23:24:47 DEBUG headers:265 - << cf-cache-status: DYNAMIC
2026-01-03 23:24:47 DEBUG headers:265 - << Nel: {"report_to":"cf-nel","success_fraction":0.0,"max_age":604800}
2026-01-03 23:24:47 DEBUG headers:265 - << Report-To: {"group":"cf-nel","max_age":604800,"endpoints":[{"url":"https://a.nel.cloudflare.com/report/v4?s=m1M0lvKkoOzM7bU0qneVpRSdD7HeVSipGPMaQuPDa%2BbjGe%2FSoD7agaYtOquZZKFbJXtEz4qhyGEUHXRbALxysMpqub5HSDH%2Fhs%2BrqckTCmw%3D"}]}
2026-01-03 23:24:47 DEBUG headers:265 - << Server: cloudflare
2026-01-03 23:24:47 DEBUG headers:265 - << CF-RAY: 9b845d07dbc51c69-BOM
2026-01-03 23:24:47 DEBUG headers:265 - << alt-svc: h3=":443"; ma=86400
2026-01-03 23:24:47 DEBUG DefaultHttpClient:504 - Connection can be kept alive indefinitely
2026-01-03 23:24:47 DEBUG RestAssuredHttpBuilder:553 - Parsing response as: application/json; charset=utf-8
2026-01-03 23:24:47 DEBUG RestAssuredHttpBuilder:556 - Parsed data to instance of: class org.apache.http.conn.EofSensorInputStream
2026-01-03 23:24:47 DEBUG wire:87 -  << "{"id":11}"
2026-01-03 23:24:47 DEBUG BasicClientConnectionManager:200 - Releasing connection org.apache.http.impl.conn.ManagedClientConnectionImpl@5a48da4f
2026-01-03 23:24:47 DEBUG BasicClientConnectionManager:225 - Connection can be kept alive indefinitely
2026-01-03 23:24:47 DEBUG BasicClientConnectionManager:161 - Get connection for route {s}->https://fakestoreapi.com:443
2026-01-03 23:24:47 DEBUG DefaultClientConnectionOperator:177 - Connecting to fakestoreapi.com:443
2026-01-03 23:24:48 DEBUG RequestAddCookies:123 - CookieSpec selected: ignoreCookies
2026-01-03 23:24:48 DEBUG RequestAuthCache:77 - Auth cache not set in the context
2026-01-03 23:24:48 DEBUG RequestTargetAuthentication:80 - Target auth state: UNCHALLENGED
2026-01-03 23:24:48 DEBUG RequestProxyAuthentication:89 - Proxy auth state: UNCHALLENGED
2026-01-03 23:24:48 DEBUG DefaultHttpClient:677 - Attempt 1 to execute request
2026-01-03 23:24:48 DEBUG DefaultClientConnection:274 - Sending request: POST /users HTTP/1.1
2026-01-03 23:24:48 DEBUG wire:73 -  >> "POST /users HTTP/1.1[\r][\n]"
2026-01-03 23:24:48 DEBUG wire:73 -  >> "Accept: */*[\r][\n]"
2026-01-03 23:24:48 DEBUG wire:73 -  >> "Content-Type: application/json[\r][\n]"
2026-01-03 23:24:48 DEBUG wire:73 -  >> "Content-Length: 284[\r][\n]"
2026-01-03 23:24:48 DEBUG wire:73 -  >> "Host: fakestoreapi.com[\r][\n]"
2026-01-03 23:24:48 DEBUG wire:73 -  >> "Connection: Keep-Alive[\r][\n]"
2026-01-03 23:24:48 DEBUG wire:73 -  >> "User-Agent: Apache-HttpClient/4.5.13 (Java/17.0.12)[\r][\n]"
2026-01-03 23:24:48 DEBUG wire:73 -  >> "Accept-Encoding: gzip,deflate[\r][\n]"
2026-01-03 23:24:48 DEBUG wire:73 -  >> "[\r][\n]"
2026-01-03 23:24:48 DEBUG headers:278 - >> POST /users HTTP/1.1
2026-01-03 23:24:48 DEBUG headers:281 - >> Accept: */*
2026-01-03 23:24:48 DEBUG headers:281 - >> Content-Type: application/json
2026-01-03 23:24:48 DEBUG headers:281 - >> Content-Length: 284
2026-01-03 23:24:48 DEBUG headers:281 - >> Host: fakestoreapi.com
2026-01-03 23:24:48 DEBUG headers:281 - >> Connection: Keep-Alive
2026-01-03 23:24:48 DEBUG headers:281 - >> User-Agent: Apache-HttpClient/4.5.13 (Java/17.0.12)
2026-01-03 23:24:48 DEBUG headers:281 - >> Accept-Encoding: gzip,deflate
2026-01-03 23:24:48 DEBUG wire:87 -  >> "{"email":"rohit.mehta@example.com","username":"rohit_m","password":"Rohit@789","name":{"firstname":"Rohit","lastname":"Mehta"},"address":{"city":"Mumbai","street":"Andheri East","number":45,"zipcode":"400069","geolocation":{"lat":"19.1136","long":"72.8697"}},"phone":"+91-9222233333"}"
2026-01-03 23:24:48 DEBUG wire:73 -  << "HTTP/1.1 201 Created[\r][\n]"
2026-01-03 23:24:48 DEBUG wire:73 -  << "Date: Sat, 03 Jan 2026 17:54:48 GMT[\r][\n]"
2026-01-03 23:24:48 DEBUG wire:73 -  << "Content-Type: application/json; charset=utf-8[\r][\n]"
2026-01-03 23:24:48 DEBUG wire:73 -  << "Content-Length: 9[\r][\n]"
2026-01-03 23:24:48 DEBUG wire:73 -  << "Connection: keep-alive[\r][\n]"
2026-01-03 23:24:48 DEBUG wire:73 -  << "access-control-allow-origin: *[\r][\n]"
2026-01-03 23:24:48 DEBUG wire:73 -  << "etag: W/"9-hVv0cNJophUD7CGn+ZqXp8tVGo0"[\r][\n]"
2026-01-03 23:24:48 DEBUG wire:73 -  << "x-powered-by: Express[\r][\n]"
2026-01-03 23:24:48 DEBUG wire:73 -  << "cf-cache-status: DYNAMIC[\r][\n]"
2026-01-03 23:24:48 DEBUG wire:73 -  << "Nel: {"report_to":"cf-nel","success_fraction":0.0,"max_age":604800}[\r][\n]"
2026-01-03 23:24:48 DEBUG wire:73 -  << "Report-To: {"group":"cf-nel","max_age":604800,"endpoints":[{"url":"https://a.nel.cloudflare.com/report/v4?s=YqhtqIOSnHx4g1MlnCq5BznXUyxUNCwReYwkzV43T2E1lFobmqbOoerZu8eSoqDJl63jVmtHzdfAEo89btvf8xSLAOSvAyccrM%2FsJnqdqeA%3D"}]}[\r][\n]"
2026-01-03 23:24:48 DEBUG wire:73 -  << "Server: cloudflare[\r][\n]"
2026-01-03 23:24:48 DEBUG wire:73 -  << "CF-RAY: 9b845d0b7a30ffa9-BOM[\r][\n]"
2026-01-03 23:24:48 DEBUG wire:73 -  << "alt-svc: h3=":443"; ma=86400[\r][\n]"
2026-01-03 23:24:48 DEBUG wire:73 -  << "[\r][\n]"
2026-01-03 23:24:48 DEBUG DefaultClientConnection:259 - Receiving response: HTTP/1.1 201 Created
2026-01-03 23:24:48 DEBUG headers:262 - << HTTP/1.1 201 Created
2026-01-03 23:24:48 DEBUG headers:265 - << Date: Sat, 03 Jan 2026 17:54:48 GMT
2026-01-03 23:24:48 DEBUG headers:265 - << Content-Type: application/json; charset=utf-8
2026-01-03 23:24:48 DEBUG headers:265 - << Content-Length: 9
2026-01-03 23:24:48 DEBUG headers:265 - << Connection: keep-alive
2026-01-03 23:24:48 DEBUG headers:265 - << access-control-allow-origin: *
2026-01-03 23:24:48 DEBUG headers:265 - << etag: W/"9-hVv0cNJophUD7CGn+ZqXp8tVGo0"
2026-01-03 23:24:48 DEBUG headers:265 - << x-powered-by: Express
2026-01-03 23:24:48 DEBUG headers:265 - << cf-cache-status: DYNAMIC
2026-01-03 23:24:48 DEBUG headers:265 - << Nel: {"report_to":"cf-nel","success_fraction":0.0,"max_age":604800}
2026-01-03 23:24:48 DEBUG headers:265 - << Report-To: {"group":"cf-nel","max_age":604800,"endpoints":[{"url":"https://a.nel.cloudflare.com/report/v4?s=YqhtqIOSnHx4g1MlnCq5BznXUyxUNCwReYwkzV43T2E1lFobmqbOoerZu8eSoqDJl63jVmtHzdfAEo89btvf8xSLAOSvAyccrM%2FsJnqdqeA%3D"}]}
2026-01-03 23:24:48 DEBUG headers:265 - << Server: cloudflare
2026-01-03 23:24:48 DEBUG headers:265 - << CF-RAY: 9b845d0b7a30ffa9-BOM
2026-01-03 23:24:48 DEBUG headers:265 - << alt-svc: h3=":443"; ma=86400
2026-01-03 23:24:48 DEBUG DefaultHttpClient:504 - Connection can be kept alive indefinitely
2026-01-03 23:24:48 DEBUG RestAssuredHttpBuilder:553 - Parsing response as: application/json; charset=utf-8
2026-01-03 23:24:48 DEBUG RestAssuredHttpBuilder:556 - Parsed data to instance of: class org.apache.http.conn.EofSensorInputStream
2026-01-03 23:24:48 DEBUG wire:87 -  << "{"id":11}"
2026-01-03 23:24:48 DEBUG BasicClientConnectionManager:200 - Releasing connection org.apache.http.impl.conn.ManagedClientConnectionImpl@437ed416
2026-01-03 23:24:48 DEBUG BasicClientConnectionManager:225 - Connection can be kept alive indefinitely
2026-01-03 23:24:48 DEBUG BasicClientConnectionManager:161 - Get connection for route {s}->https://fakestoreapi.com:443
2026-01-03 23:24:48 DEBUG DefaultClientConnectionOperator:177 - Connecting to fakestoreapi.com:443
2026-01-03 23:24:48 DEBUG RequestAddCookies:123 - CookieSpec selected: ignoreCookies
2026-01-03 23:24:48 DEBUG RequestAuthCache:77 - Auth cache not set in the context
2026-01-03 23:24:48 DEBUG RequestTargetAuthentication:80 - Target auth state: UNCHALLENGED
2026-01-03 23:24:48 DEBUG RequestProxyAuthentication:89 - Proxy auth state: UNCHALLENGED
2026-01-03 23:24:48 DEBUG DefaultHttpClient:677 - Attempt 1 to execute request
2026-01-03 23:24:48 DEBUG DefaultClientConnection:274 - Sending request: POST /users HTTP/1.1
2026-01-03 23:24:48 DEBUG wire:73 -  >> "POST /users HTTP/1.1[\r][\n]"
2026-01-03 23:24:48 DEBUG wire:73 -  >> "Accept: */*[\r][\n]"
2026-01-03 23:24:48 DEBUG wire:73 -  >> "Content-Type: application/json[\r][\n]"
2026-01-03 23:24:48 DEBUG wire:73 -  >> "Content-Length: 279[\r][\n]"
2026-01-03 23:24:48 DEBUG wire:73 -  >> "Host: fakestoreapi.com[\r][\n]"
2026-01-03 23:24:48 DEBUG wire:73 -  >> "Connection: Keep-Alive[\r][\n]"
2026-01-03 23:24:48 DEBUG wire:73 -  >> "User-Agent: Apache-HttpClient/4.5.13 (Java/17.0.12)[\r][\n]"
2026-01-03 23:24:48 DEBUG wire:73 -  >> "Accept-Encoding: gzip,deflate[\r][\n]"
2026-01-03 23:24:48 DEBUG wire:73 -  >> "[\r][\n]"
2026-01-03 23:24:48 DEBUG headers:278 - >> POST /users HTTP/1.1
2026-01-03 23:24:48 DEBUG headers:281 - >> Accept: */*
2026-01-03 23:24:48 DEBUG headers:281 - >> Content-Type: application/json
2026-01-03 23:24:48 DEBUG headers:281 - >> Content-Length: 279
2026-01-03 23:24:48 DEBUG headers:281 - >> Host: fakestoreapi.com
2026-01-03 23:24:48 DEBUG headers:281 - >> Connection: Keep-Alive
2026-01-03 23:24:48 DEBUG headers:281 - >> User-Agent: Apache-HttpClient/4.5.13 (Java/17.0.12)
2026-01-03 23:24:48 DEBUG headers:281 - >> Accept-Encoding: gzip,deflate
2026-01-03 23:24:48 DEBUG wire:87 -  >> "{"email":"neha.verma@example.com","username":"neha_v","password":"Neha@321","name":{"firstname":"Neha","lastname":"Verma"},"address":{"city":"Delhi","street":"Lajpat Nagar","number":78,"zipcode":"110024","geolocation":{"lat":"28.5672","long":"77.2436"}},"phone":"+91-9333344444"}"
2026-01-03 23:24:48 DEBUG wire:73 -  << "HTTP/1.1 201 Created[\r][\n]"
2026-01-03 23:24:48 DEBUG wire:73 -  << "Date: Sat, 03 Jan 2026 17:54:49 GMT[\r][\n]"
2026-01-03 23:24:48 DEBUG wire:73 -  << "Content-Type: application/json; charset=utf-8[\r][\n]"
2026-01-03 23:24:48 DEBUG wire:73 -  << "Content-Length: 8[\r][\n]"
2026-01-03 23:24:48 DEBUG wire:73 -  << "Connection: keep-alive[\r][\n]"
2026-01-03 23:24:48 DEBUG wire:73 -  << "access-control-allow-origin: *[\r][\n]"
2026-01-03 23:24:48 DEBUG wire:73 -  << "etag: W/"8-h5EdGu1QmHe4OkjsU292jNzSLfE"[\r][\n]"
2026-01-03 23:24:48 DEBUG wire:73 -  << "x-powered-by: Express[\r][\n]"
2026-01-03 23:24:48 DEBUG wire:73 -  << "cf-cache-status: DYNAMIC[\r][\n]"
2026-01-03 23:24:48 DEBUG wire:73 -  << "Nel: {"report_to":"cf-nel","success_fraction":0.0,"max_age":604800}[\r][\n]"
2026-01-03 23:24:48 DEBUG wire:73 -  << "Report-To: {"group":"cf-nel","max_age":604800,"endpoints":[{"url":"https://a.nel.cloudflare.com/report/v4?s=5km3mfI8m4HwMENGzYf%2BwuRzBMqeyFezbPYPcIaTLIO8oIpFErmZCxzoMJkLt%2BdDJQJcALMW7irDzZpfBAfL6Vc3FUsS%2BnNyq1blVex%2BzZ0%3D"}]}[\r][\n]"
2026-01-03 23:24:48 DEBUG wire:73 -  << "Server: cloudflare[\r][\n]"
2026-01-03 23:24:48 DEBUG wire:73 -  << "CF-RAY: 9b845d0e6b0c3a47-BOM[\r][\n]"
2026-01-03 23:24:48 DEBUG wire:73 -  << "alt-svc: h3=":443"; ma=86400[\r][\n]"
2026-01-03 23:24:48 DEBUG wire:73 -  << "[\r][\n]"
2026-01-03 23:24:48 DEBUG DefaultClientConnection:259 - Receiving response: HTTP/1.1 201 Created
2026-01-03 23:24:48 DEBUG headers:262 - << HTTP/1.1 201 Created
2026-01-03 23:24:48 DEBUG headers:265 - << Date: Sat, 03 Jan 2026 17:54:49 GMT
2026-01-03 23:24:48 DEBUG headers:265 - << Content-Type: application/json; charset=utf-8
2026-01-03 23:24:48 DEBUG headers:265 - << Content-Length: 8
2026-01-03 23:24:48 DEBUG headers:265 - << Connection: keep-alive
2026-01-03 23:24:48 DEBUG headers:265 - << access-control-allow-origin: *
2026-01-03 23:24:48 DEBUG headers:265 - << etag: W/"8-h5EdGu1QmHe4OkjsU292jNzSLfE"
2026-01-03 23:24:48 DEBUG headers:265 - << x-powered-by: Express
2026-01-03 23:24:48 DEBUG headers:265 - << cf-cache-status: DYNAMIC
2026-01-03 23:24:48 DEBUG headers:265 - << Nel: {"report_to":"cf-nel","success_fraction":0.0,"max_age":604800}
2026-01-03 23:24:48 DEBUG headers:265 - << Report-To: {"group":"cf-nel","max_age":604800,"endpoints":[{"url":"https://a.nel.cloudflare.com/report/v4?s=5km3mfI8m4HwMENGzYf%2BwuRzBMqeyFezbPYPcIaTLIO8oIpFErmZCxzoMJkLt%2BdDJQJcALMW7irDzZpfBAfL6Vc3FUsS%2BnNyq1blVex%2BzZ0%3D"}]}
2026-01-03 23:24:48 DEBUG headers:265 - << Server: cloudflare
2026-01-03 23:24:48 DEBUG headers:265 - << CF-RAY: 9b845d0e6b0c3a47-BOM
2026-01-03 23:24:48 DEBUG headers:265 - << alt-svc: h3=":443"; ma=86400
2026-01-03 23:24:48 DEBUG DefaultHttpClient:504 - Connection can be kept alive indefinitely
2026-01-03 23:24:48 DEBUG RestAssuredHttpBuilder:553 - Parsing response as: application/json; charset=utf-8
2026-01-03 23:24:48 DEBUG RestAssuredHttpBuilder:556 - Parsed data to instance of: class org.apache.http.conn.EofSensorInputStream
2026-01-03 23:24:48 DEBUG wire:87 -  << "{"id":1}"
2026-01-03 23:24:48 DEBUG BasicClientConnectionManager:200 - Releasing connection org.apache.http.impl.conn.ManagedClientConnectionImpl@14f060b8
2026-01-03 23:24:48 DEBUG BasicClientConnectionManager:225 - Connection can be kept alive indefinitely
2026-01-03 23:24:49 DEBUG BasicClientConnectionManager:161 - Get connection for route {s}->https://fakestoreapi.com:443
2026-01-03 23:24:49 DEBUG DefaultClientConnectionOperator:177 - Connecting to fakestoreapi.com:443
2026-01-03 23:24:49 DEBUG RequestAddCookies:123 - CookieSpec selected: ignoreCookies
2026-01-03 23:24:49 DEBUG RequestAuthCache:77 - Auth cache not set in the context
2026-01-03 23:24:49 DEBUG RequestTargetAuthentication:80 - Target auth state: UNCHALLENGED
2026-01-03 23:24:49 DEBUG RequestProxyAuthentication:89 - Proxy auth state: UNCHALLENGED
2026-01-03 23:24:49 DEBUG DefaultHttpClient:677 - Attempt 1 to execute request
2026-01-03 23:24:49 DEBUG DefaultClientConnection:274 - Sending request: POST /users HTTP/1.1
2026-01-03 23:24:49 DEBUG wire:73 -  >> "POST /users HTTP/1.1[\r][\n]"
2026-01-03 23:24:49 DEBUG wire:73 -  >> "Accept: */*[\r][\n]"
2026-01-03 23:24:49 DEBUG wire:73 -  >> "Content-Type: application/json[\r][\n]"
2026-01-03 23:24:49 DEBUG wire:73 -  >> "Content-Length: 280[\r][\n]"
2026-01-03 23:24:49 DEBUG wire:73 -  >> "Host: fakestoreapi.com[\r][\n]"
2026-01-03 23:24:49 DEBUG wire:73 -  >> "Connection: Keep-Alive[\r][\n]"
2026-01-03 23:24:49 DEBUG wire:73 -  >> "User-Agent: Apache-HttpClient/4.5.13 (Java/17.0.12)[\r][\n]"
2026-01-03 23:24:49 DEBUG wire:73 -  >> "Accept-Encoding: gzip,deflate[\r][\n]"
2026-01-03 23:24:49 DEBUG wire:73 -  >> "[\r][\n]"
2026-01-03 23:24:49 DEBUG headers:278 - >> POST /users HTTP/1.1
2026-01-03 23:24:49 DEBUG headers:281 - >> Accept: */*
2026-01-03 23:24:49 DEBUG headers:281 - >> Content-Type: application/json
2026-01-03 23:24:49 DEBUG headers:281 - >> Content-Length: 280
2026-01-03 23:24:49 DEBUG headers:281 - >> Host: fakestoreapi.com
2026-01-03 23:24:49 DEBUG headers:281 - >> Connection: Keep-Alive
2026-01-03 23:24:49 DEBUG headers:281 - >> User-Agent: Apache-HttpClient/4.5.13 (Java/17.0.12)
2026-01-03 23:24:49 DEBUG headers:281 - >> Accept-Encoding: gzip,deflate
2026-01-03 23:24:49 DEBUG wire:87 -  >> "{"email":"suresh.nair@example.com","username":"suresh_n","password":"Suresh@654","name":{"firstname":"Suresh","lastname":"Nair"},"address":{"city":"Kochi","street":"MG Road","number":305,"zipcode":"682016","geolocation":{"lat":"9.9312","long":"76.2673"}},"phone":"+91-9444455555"}"
2026-01-03 23:24:49 DEBUG wire:73 -  << "HTTP/1.1 201 Created[\r][\n]"
2026-01-03 23:24:49 DEBUG wire:73 -  << "Date: Sat, 03 Jan 2026 17:54:49 GMT[\r][\n]"
2026-01-03 23:24:49 DEBUG wire:73 -  << "Content-Type: application/json; charset=utf-8[\r][\n]"
2026-01-03 23:24:49 DEBUG wire:73 -  << "Content-Length: 9[\r][\n]"
2026-01-03 23:24:49 DEBUG wire:73 -  << "Connection: keep-alive[\r][\n]"
2026-01-03 23:24:49 DEBUG wire:73 -  << "access-control-allow-origin: *[\r][\n]"
2026-01-03 23:24:49 DEBUG wire:73 -  << "etag: W/"9-hVv0cNJophUD7CGn+ZqXp8tVGo0"[\r][\n]"
2026-01-03 23:24:49 DEBUG wire:73 -  << "x-powered-by: Express[\r][\n]"
2026-01-03 23:24:49 DEBUG wire:73 -  << "cf-cache-status: DYNAMIC[\r][\n]"
2026-01-03 23:24:49 DEBUG wire:73 -  << "Nel: {"report_to":"cf-nel","success_fraction":0.0,"max_age":604800}[\r][\n]"
2026-01-03 23:24:49 DEBUG wire:73 -  << "Report-To: {"group":"cf-nel","max_age":604800,"endpoints":[{"url":"https://a.nel.cloudflare.com/report/v4?s=6prSsO1tjDO6adWWaOlbJrAV%2FYn9m2jhAOD4YLF3G6L2Q%2FsY3xKI9NhwEXjznDUN9%2BHZTKudqYN4lt2KlIldcnpC5zGwQ8y9xD2Ekr%2FzWyg%3D"}]}[\r][\n]"
2026-01-03 23:24:49 DEBUG wire:73 -  << "Server: cloudflare[\r][\n]"
2026-01-03 23:24:49 DEBUG wire:73 -  << "CF-RAY: 9b845d121a163f6d-BOM[\r][\n]"
2026-01-03 23:24:49 DEBUG wire:73 -  << "alt-svc: h3=":443"; ma=86400[\r][\n]"
2026-01-03 23:24:49 DEBUG wire:73 -  << "[\r][\n]"
2026-01-03 23:24:49 DEBUG DefaultClientConnection:259 - Receiving response: HTTP/1.1 201 Created
2026-01-03 23:24:49 DEBUG headers:262 - << HTTP/1.1 201 Created
2026-01-03 23:24:49 DEBUG headers:265 - << Date: Sat, 03 Jan 2026 17:54:49 GMT
2026-01-03 23:24:49 DEBUG headers:265 - << Content-Type: application/json; charset=utf-8
2026-01-03 23:24:49 DEBUG headers:265 - << Content-Length: 9
2026-01-03 23:24:49 DEBUG headers:265 - << Connection: keep-alive
2026-01-03 23:24:49 DEBUG headers:265 - << access-control-allow-origin: *
2026-01-03 23:24:49 DEBUG headers:265 - << etag: W/"9-hVv0cNJophUD7CGn+ZqXp8tVGo0"
2026-01-03 23:24:49 DEBUG headers:265 - << x-powered-by: Express
2026-01-03 23:24:49 DEBUG headers:265 - << cf-cache-status: DYNAMIC
2026-01-03 23:24:49 DEBUG headers:265 - << Nel: {"report_to":"cf-nel","success_fraction":0.0,"max_age":604800}
2026-01-03 23:24:49 DEBUG headers:265 - << Report-To: {"group":"cf-nel","max_age":604800,"endpoints":[{"url":"https://a.nel.cloudflare.com/report/v4?s=6prSsO1tjDO6adWWaOlbJrAV%2FYn9m2jhAOD4YLF3G6L2Q%2FsY3xKI9NhwEXjznDUN9%2BHZTKudqYN4lt2KlIldcnpC5zGwQ8y9xD2Ekr%2FzWyg%3D"}]}
2026-01-03 23:24:49 DEBUG headers:265 - << Server: cloudflare
2026-01-03 23:24:49 DEBUG headers:265 - << CF-RAY: 9b845d121a163f6d-BOM
2026-01-03 23:24:49 DEBUG headers:265 - << alt-svc: h3=":443"; ma=86400
2026-01-03 23:24:49 DEBUG DefaultHttpClient:504 - Connection can be kept alive indefinitely
2026-01-03 23:24:49 DEBUG RestAssuredHttpBuilder:553 - Parsing response as: application/json; charset=utf-8
2026-01-03 23:24:49 DEBUG RestAssuredHttpBuilder:556 - Parsed data to instance of: class org.apache.http.conn.EofSensorInputStream
2026-01-03 23:24:49 DEBUG wire:87 -  << "{"id":11}"
2026-01-03 23:24:49 DEBUG BasicClientConnectionManager:200 - Releasing connection org.apache.http.impl.conn.ManagedClientConnectionImpl@238291d4
2026-01-03 23:24:49 DEBUG BasicClientConnectionManager:225 - Connection can be kept alive indefinitely
