2026-01-03 22:55:04 DEBUG BasicClientConnectionManager:161 - Get connection for route {s}->https://fakestoreapi.com:443
2026-01-03 22:55:04 DEBUG DefaultClientConnectionOperator:177 - Connecting to fakestoreapi.com:443
2026-01-03 22:55:04 DEBUG RequestAddCookies:123 - CookieSpec selected: ignoreCookies
2026-01-03 22:55:04 DEBUG RequestAuthCache:77 - Auth cache not set in the context
2026-01-03 22:55:04 DEBUG RequestTargetAuthentication:80 - Target auth state: UNCHALLENGED
2026-01-03 22:55:04 DEBUG RequestProxyAuthentication:89 - Proxy auth state: UNCHALLENGED
2026-01-03 22:55:04 DEBUG DefaultHttpClient:677 - Attempt 1 to execute request
2026-01-03 22:55:04 DEBUG DefaultClientConnection:274 - Sending request: POST /users HTTP/1.1
2026-01-03 22:55:04 DEBUG wire:73 -  >> "POST /users HTTP/1.1[\r][\n]"
2026-01-03 22:55:04 DEBUG wire:73 -  >> "Accept: */*[\r][\n]"
2026-01-03 22:55:04 DEBUG wire:73 -  >> "Content-Type: application/json[\r][\n]"
2026-01-03 22:55:04 DEBUG wire:73 -  >> "Content-Length: 290[\r][\n]"
2026-01-03 22:55:04 DEBUG wire:73 -  >> "Host: fakestoreapi.com[\r][\n]"
2026-01-03 22:55:04 DEBUG wire:73 -  >> "Connection: Keep-Alive[\r][\n]"
2026-01-03 22:55:04 DEBUG wire:73 -  >> "User-Agent: Apache-HttpClient/4.5.13 (Java/17.0.12)[\r][\n]"
2026-01-03 22:55:04 DEBUG wire:73 -  >> "Accept-Encoding: gzip,deflate[\r][\n]"
2026-01-03 22:55:04 DEBUG wire:73 -  >> "[\r][\n]"
2026-01-03 22:55:04 DEBUG headers:278 - >> POST /users HTTP/1.1
2026-01-03 22:55:04 DEBUG headers:281 - >> Accept: */*
2026-01-03 22:55:04 DEBUG headers:281 - >> Content-Type: application/json
2026-01-03 22:55:04 DEBUG headers:281 - >> Content-Length: 290
2026-01-03 22:55:04 DEBUG headers:281 - >> Host: fakestoreapi.com
2026-01-03 22:55:04 DEBUG headers:281 - >> Connection: Keep-Alive
2026-01-03 22:55:04 DEBUG headers:281 - >> User-Agent: Apache-HttpClient/4.5.13 (Java/17.0.12)
2026-01-03 22:55:04 DEBUG headers:281 - >> Accept-Encoding: gzip,deflate
2026-01-03 22:55:04 DEBUG wire:87 -  >> "{"email":"arjun.reddy@example.com","username":"arjun_r","password":"Arjun@123","name":{"firstname":"Arjun","lastname":"Reddy"},"address":{"city":"Hyderabad","street":"Kukatpally Road","number":101,"zipcode":"500072","geolocation":{"lat":"17.4948","lng":"78.3996"}},"phone":"+91-9000011111"}"
2026-01-03 22:55:04 DEBUG wire:73 -  << "HTTP/1.1 201 Created[\r][\n]"
2026-01-03 22:55:04 DEBUG wire:73 -  << "Date: Sat, 03 Jan 2026 17:25:05 GMT[\r][\n]"
2026-01-03 22:55:04 DEBUG wire:73 -  << "Content-Type: application/json; charset=utf-8[\r][\n]"
2026-01-03 22:55:04 DEBUG wire:73 -  << "Content-Length: 8[\r][\n]"
2026-01-03 22:55:04 DEBUG wire:73 -  << "Connection: keep-alive[\r][\n]"
2026-01-03 22:55:04 DEBUG wire:73 -  << "access-control-allow-origin: *[\r][\n]"
2026-01-03 22:55:04 DEBUG wire:73 -  << "etag: W/"8-h5EdGu1QmHe4OkjsU292jNzSLfE"[\r][\n]"
2026-01-03 22:55:04 DEBUG wire:73 -  << "x-powered-by: Express[\r][\n]"
2026-01-03 22:55:04 DEBUG wire:73 -  << "cf-cache-status: DYNAMIC[\r][\n]"
2026-01-03 22:55:04 DEBUG wire:73 -  << "Nel: {"report_to":"cf-nel","success_fraction":0.0,"max_age":604800}[\r][\n]"
2026-01-03 22:55:04 DEBUG wire:73 -  << "Report-To: {"group":"cf-nel","max_age":604800,"endpoints":[{"url":"https://a.nel.cloudflare.com/report/v4?s=EIhNkge6SgdyVpQUsRbyg2wVcwrZAyCS2AIKC4ub2ICTXm2fliD5vlqGhrsiBkwIHaNHQK8kERnmGmpEk2mba2dYZXteqPc2bCMShfgO8H8%3D"}]}[\r][\n]"
2026-01-03 22:55:04 DEBUG wire:73 -  << "Server: cloudflare[\r][\n]"
2026-01-03 22:55:04 DEBUG wire:73 -  << "CF-RAY: 9b8431806f094838-BOM[\r][\n]"
2026-01-03 22:55:04 DEBUG wire:73 -  << "alt-svc: h3=":443"; ma=86400[\r][\n]"
2026-01-03 22:55:04 DEBUG wire:73 -  << "[\r][\n]"
2026-01-03 22:55:04 DEBUG DefaultClientConnection:259 - Receiving response: HTTP/1.1 201 Created
2026-01-03 22:55:04 DEBUG headers:262 - << HTTP/1.1 201 Created
2026-01-03 22:55:04 DEBUG headers:265 - << Date: Sat, 03 Jan 2026 17:25:05 GMT
2026-01-03 22:55:04 DEBUG headers:265 - << Content-Type: application/json; charset=utf-8
2026-01-03 22:55:04 DEBUG headers:265 - << Content-Length: 8
2026-01-03 22:55:04 DEBUG headers:265 - << Connection: keep-alive
2026-01-03 22:55:04 DEBUG headers:265 - << access-control-allow-origin: *
2026-01-03 22:55:04 DEBUG headers:265 - << etag: W/"8-h5EdGu1QmHe4OkjsU292jNzSLfE"
2026-01-03 22:55:04 DEBUG headers:265 - << x-powered-by: Express
2026-01-03 22:55:04 DEBUG headers:265 - << cf-cache-status: DYNAMIC
2026-01-03 22:55:04 DEBUG headers:265 - << Nel: {"report_to":"cf-nel","success_fraction":0.0,"max_age":604800}
2026-01-03 22:55:04 DEBUG headers:265 - << Report-To: {"group":"cf-nel","max_age":604800,"endpoints":[{"url":"https://a.nel.cloudflare.com/report/v4?s=EIhNkge6SgdyVpQUsRbyg2wVcwrZAyCS2AIKC4ub2ICTXm2fliD5vlqGhrsiBkwIHaNHQK8kERnmGmpEk2mba2dYZXteqPc2bCMShfgO8H8%3D"}]}
2026-01-03 22:55:04 DEBUG headers:265 - << Server: cloudflare
2026-01-03 22:55:04 DEBUG headers:265 - << CF-RAY: 9b8431806f094838-BOM
2026-01-03 22:55:04 DEBUG headers:265 - << alt-svc: h3=":443"; ma=86400
2026-01-03 22:55:04 DEBUG DefaultHttpClient:504 - Connection can be kept alive indefinitely
2026-01-03 22:55:04 DEBUG RestAssuredHttpBuilder:553 - Parsing response as: application/json; charset=utf-8
2026-01-03 22:55:04 DEBUG RestAssuredHttpBuilder:556 - Parsed data to instance of: class org.apache.http.conn.EofSensorInputStream
2026-01-03 22:55:04 DEBUG wire:87 -  << "{"id":1}"
2026-01-03 22:55:04 DEBUG BasicClientConnectionManager:200 - Releasing connection org.apache.http.impl.conn.ManagedClientConnectionImpl@2262d6d5
2026-01-03 22:55:04 DEBUG BasicClientConnectionManager:225 - Connection can be kept alive indefinitely
2026-01-03 22:55:05 DEBUG BasicClientConnectionManager:161 - Get connection for route {s}->https://fakestoreapi.com:443
2026-01-03 22:55:05 DEBUG DefaultClientConnectionOperator:177 - Connecting to fakestoreapi.com:443
2026-01-03 22:55:05 DEBUG RequestAddCookies:123 - CookieSpec selected: ignoreCookies
2026-01-03 22:55:05 DEBUG RequestAuthCache:77 - Auth cache not set in the context
2026-01-03 22:55:05 DEBUG RequestTargetAuthentication:80 - Target auth state: UNCHALLENGED
2026-01-03 22:55:05 DEBUG RequestProxyAuthentication:89 - Proxy auth state: UNCHALLENGED
2026-01-03 22:55:05 DEBUG DefaultHttpClient:677 - Attempt 1 to execute request
2026-01-03 22:55:05 DEBUG DefaultClientConnection:274 - Sending request: POST /users HTTP/1.1
2026-01-03 22:55:05 DEBUG wire:73 -  >> "POST /users HTTP/1.1[\r][\n]"
2026-01-03 22:55:05 DEBUG wire:73 -  >> "Accept: */*[\r][\n]"
2026-01-03 22:55:05 DEBUG wire:73 -  >> "Content-Type: application/json[\r][\n]"
2026-01-03 22:55:05 DEBUG wire:73 -  >> "Content-Length: 295[\r][\n]"
2026-01-03 22:55:05 DEBUG wire:73 -  >> "Host: fakestoreapi.com[\r][\n]"
2026-01-03 22:55:05 DEBUG wire:73 -  >> "Connection: Keep-Alive[\r][\n]"
2026-01-03 22:55:05 DEBUG wire:73 -  >> "User-Agent: Apache-HttpClient/4.5.13 (Java/17.0.12)[\r][\n]"
2026-01-03 22:55:05 DEBUG wire:73 -  >> "Accept-Encoding: gzip,deflate[\r][\n]"
2026-01-03 22:55:05 DEBUG wire:73 -  >> "[\r][\n]"
2026-01-03 22:55:05 DEBUG headers:278 - >> POST /users HTTP/1.1
2026-01-03 22:55:05 DEBUG headers:281 - >> Accept: */*
2026-01-03 22:55:05 DEBUG headers:281 - >> Content-Type: application/json
2026-01-03 22:55:05 DEBUG headers:281 - >> Content-Length: 295
2026-01-03 22:55:05 DEBUG headers:281 - >> Host: fakestoreapi.com
2026-01-03 22:55:05 DEBUG headers:281 - >> Connection: Keep-Alive
2026-01-03 22:55:05 DEBUG headers:281 - >> User-Agent: Apache-HttpClient/4.5.13 (Java/17.0.12)
2026-01-03 22:55:05 DEBUG headers:281 - >> Accept-Encoding: gzip,deflate
2026-01-03 22:55:05 DEBUG wire:87 -  >> "{"email":"priya.sharma@example.com","username":"priya_s","password":"Priya@456","name":{"firstname":"Priya","lastname":"Sharma"},"address":{"city":"Bengaluru","street":"Whitefield Main Rd","number":220,"zipcode":"560066","geolocation":{"lat":"12.9698","lng":"77.7500"}},"phone":"+91-9111122222"}"
2026-01-03 22:55:05 DEBUG wire:73 -  << "HTTP/1.1 201 Created[\r][\n]"
2026-01-03 22:55:05 DEBUG wire:73 -  << "Date: Sat, 03 Jan 2026 17:25:05 GMT[\r][\n]"
2026-01-03 22:55:05 DEBUG wire:73 -  << "Content-Type: application/json; charset=utf-8[\r][\n]"
2026-01-03 22:55:05 DEBUG wire:73 -  << "Content-Length: 8[\r][\n]"
2026-01-03 22:55:05 DEBUG wire:73 -  << "Connection: keep-alive[\r][\n]"
2026-01-03 22:55:05 DEBUG wire:73 -  << "access-control-allow-origin: *[\r][\n]"
2026-01-03 22:55:05 DEBUG wire:73 -  << "etag: W/"8-h5EdGu1QmHe4OkjsU292jNzSLfE"[\r][\n]"
2026-01-03 22:55:05 DEBUG wire:73 -  << "x-powered-by: Express[\r][\n]"
2026-01-03 22:55:05 DEBUG wire:73 -  << "cf-cache-status: DYNAMIC[\r][\n]"
2026-01-03 22:55:05 DEBUG wire:73 -  << "Nel: {"report_to":"cf-nel","success_fraction":0.0,"max_age":604800}[\r][\n]"
2026-01-03 22:55:05 DEBUG wire:73 -  << "Report-To: {"group":"cf-nel","max_age":604800,"endpoints":[{"url":"https://a.nel.cloudflare.com/report/v4?s=5vwDn2hRke6hoBeL2xsLdVTYD26C4PZoY5E8IKj3y5%2FKPw7TRyUB1s6up6udhpUqcIHIFWgifkTmeK9DbXyztBmm8ulOYsJSg54%2BStz0ovs%3D"}]}[\r][\n]"
2026-01-03 22:55:05 DEBUG wire:73 -  << "Server: cloudflare[\r][\n]"
2026-01-03 22:55:05 DEBUG wire:73 -  << "CF-RAY: 9b8431843ec08b82-BOM[\r][\n]"
2026-01-03 22:55:05 DEBUG wire:73 -  << "alt-svc: h3=":443"; ma=86400[\r][\n]"
2026-01-03 22:55:05 DEBUG wire:73 -  << "[\r][\n]"
2026-01-03 22:55:05 DEBUG DefaultClientConnection:259 - Receiving response: HTTP/1.1 201 Created
2026-01-03 22:55:05 DEBUG headers:262 - << HTTP/1.1 201 Created
2026-01-03 22:55:05 DEBUG headers:265 - << Date: Sat, 03 Jan 2026 17:25:05 GMT
2026-01-03 22:55:05 DEBUG headers:265 - << Content-Type: application/json; charset=utf-8
2026-01-03 22:55:05 DEBUG headers:265 - << Content-Length: 8
2026-01-03 22:55:05 DEBUG headers:265 - << Connection: keep-alive
2026-01-03 22:55:05 DEBUG headers:265 - << access-control-allow-origin: *
2026-01-03 22:55:05 DEBUG headers:265 - << etag: W/"8-h5EdGu1QmHe4OkjsU292jNzSLfE"
2026-01-03 22:55:05 DEBUG headers:265 - << x-powered-by: Express
2026-01-03 22:55:05 DEBUG headers:265 - << cf-cache-status: DYNAMIC
2026-01-03 22:55:05 DEBUG headers:265 - << Nel: {"report_to":"cf-nel","success_fraction":0.0,"max_age":604800}
2026-01-03 22:55:05 DEBUG headers:265 - << Report-To: {"group":"cf-nel","max_age":604800,"endpoints":[{"url":"https://a.nel.cloudflare.com/report/v4?s=5vwDn2hRke6hoBeL2xsLdVTYD26C4PZoY5E8IKj3y5%2FKPw7TRyUB1s6up6udhpUqcIHIFWgifkTmeK9DbXyztBmm8ulOYsJSg54%2BStz0ovs%3D"}]}
2026-01-03 22:55:05 DEBUG headers:265 - << Server: cloudflare
2026-01-03 22:55:05 DEBUG headers:265 - << CF-RAY: 9b8431843ec08b82-BOM
2026-01-03 22:55:05 DEBUG headers:265 - << alt-svc: h3=":443"; ma=86400
2026-01-03 22:55:05 DEBUG DefaultHttpClient:504 - Connection can be kept alive indefinitely
2026-01-03 22:55:05 DEBUG RestAssuredHttpBuilder:553 - Parsing response as: application/json; charset=utf-8
2026-01-03 22:55:05 DEBUG RestAssuredHttpBuilder:556 - Parsed data to instance of: class org.apache.http.conn.EofSensorInputStream
2026-01-03 22:55:05 DEBUG wire:87 -  << "{"id":1}"
2026-01-03 22:55:05 DEBUG BasicClientConnectionManager:200 - Releasing connection org.apache.http.impl.conn.ManagedClientConnectionImpl@18d003cd
2026-01-03 22:55:05 DEBUG BasicClientConnectionManager:225 - Connection can be kept alive indefinitely
2026-01-03 22:55:05 DEBUG BasicClientConnectionManager:161 - Get connection for route {s}->https://fakestoreapi.com:443
2026-01-03 22:55:05 DEBUG DefaultClientConnectionOperator:177 - Connecting to fakestoreapi.com:443
2026-01-03 22:55:05 DEBUG RequestAddCookies:123 - CookieSpec selected: ignoreCookies
2026-01-03 22:55:05 DEBUG RequestAuthCache:77 - Auth cache not set in the context
2026-01-03 22:55:05 DEBUG RequestTargetAuthentication:80 - Target auth state: UNCHALLENGED
2026-01-03 22:55:05 DEBUG RequestProxyAuthentication:89 - Proxy auth state: UNCHALLENGED
2026-01-03 22:55:05 DEBUG DefaultHttpClient:677 - Attempt 1 to execute request
2026-01-03 22:55:05 DEBUG DefaultClientConnection:274 - Sending request: POST /users HTTP/1.1
2026-01-03 22:55:05 DEBUG wire:73 -  >> "POST /users HTTP/1.1[\r][\n]"
2026-01-03 22:55:05 DEBUG wire:73 -  >> "Accept: */*[\r][\n]"
2026-01-03 22:55:05 DEBUG wire:73 -  >> "Content-Type: application/json[\r][\n]"
2026-01-03 22:55:05 DEBUG wire:73 -  >> "Content-Length: 283[\r][\n]"
2026-01-03 22:55:05 DEBUG wire:73 -  >> "Host: fakestoreapi.com[\r][\n]"
2026-01-03 22:55:05 DEBUG wire:73 -  >> "Connection: Keep-Alive[\r][\n]"
2026-01-03 22:55:05 DEBUG wire:73 -  >> "User-Agent: Apache-HttpClient/4.5.13 (Java/17.0.12)[\r][\n]"
2026-01-03 22:55:05 DEBUG wire:73 -  >> "Accept-Encoding: gzip,deflate[\r][\n]"
2026-01-03 22:55:05 DEBUG wire:73 -  >> "[\r][\n]"
2026-01-03 22:55:05 DEBUG headers:278 - >> POST /users HTTP/1.1
2026-01-03 22:55:05 DEBUG headers:281 - >> Accept: */*
2026-01-03 22:55:05 DEBUG headers:281 - >> Content-Type: application/json
2026-01-03 22:55:05 DEBUG headers:281 - >> Content-Length: 283
2026-01-03 22:55:05 DEBUG headers:281 - >> Host: fakestoreapi.com
2026-01-03 22:55:05 DEBUG headers:281 - >> Connection: Keep-Alive
2026-01-03 22:55:05 DEBUG headers:281 - >> User-Agent: Apache-HttpClient/4.5.13 (Java/17.0.12)
2026-01-03 22:55:05 DEBUG headers:281 - >> Accept-Encoding: gzip,deflate
2026-01-03 22:55:05 DEBUG wire:87 -  >> "{"email":"rohit.mehta@example.com","username":"rohit_m","password":"Rohit@789","name":{"firstname":"Rohit","lastname":"Mehta"},"address":{"city":"Mumbai","street":"Andheri East","number":45,"zipcode":"400069","geolocation":{"lat":"19.1136","lng":"72.8697"}},"phone":"+91-9222233333"}"
2026-01-03 22:55:06 DEBUG wire:73 -  << "HTTP/1.1 201 Created[\r][\n]"
2026-01-03 22:55:06 DEBUG wire:73 -  << "Date: Sat, 03 Jan 2026 17:25:06 GMT[\r][\n]"
2026-01-03 22:55:06 DEBUG wire:73 -  << "Content-Type: application/json; charset=utf-8[\r][\n]"
2026-01-03 22:55:06 DEBUG wire:73 -  << "Content-Length: 9[\r][\n]"
2026-01-03 22:55:06 DEBUG wire:73 -  << "Connection: keep-alive[\r][\n]"
2026-01-03 22:55:06 DEBUG wire:73 -  << "access-control-allow-origin: *[\r][\n]"
2026-01-03 22:55:06 DEBUG wire:73 -  << "etag: W/"9-hVv0cNJophUD7CGn+ZqXp8tVGo0"[\r][\n]"
2026-01-03 22:55:06 DEBUG wire:73 -  << "x-powered-by: Express[\r][\n]"
2026-01-03 22:55:06 DEBUG wire:73 -  << "cf-cache-status: DYNAMIC[\r][\n]"
2026-01-03 22:55:06 DEBUG wire:73 -  << "Nel: {"report_to":"cf-nel","success_fraction":0.0,"max_age":604800}[\r][\n]"
2026-01-03 22:55:06 DEBUG wire:73 -  << "Report-To: {"group":"cf-nel","max_age":604800,"endpoints":[{"url":"https://a.nel.cloudflare.com/report/v4?s=vRPju1DauZmmm4uY0taYY50Yp%2FQClYP%2FKtmEgGmtUB2TbNuk%2FYt7%2BMqW2tCqQ73wlgLTIp7Ex8jUyJlu97ZT5dvGmWlT1nSm0SLEpn%2Bd9d8%3D"}]}[\r][\n]"
2026-01-03 22:55:06 DEBUG wire:73 -  << "Server: cloudflare[\r][\n]"
2026-01-03 22:55:06 DEBUG wire:73 -  << "CF-RAY: 9b843187ebccfb88-BOM[\r][\n]"
2026-01-03 22:55:06 DEBUG wire:73 -  << "alt-svc: h3=":443"; ma=86400[\r][\n]"
2026-01-03 22:55:06 DEBUG wire:73 -  << "[\r][\n]"
2026-01-03 22:55:06 DEBUG DefaultClientConnection:259 - Receiving response: HTTP/1.1 201 Created
2026-01-03 22:55:06 DEBUG headers:262 - << HTTP/1.1 201 Created
2026-01-03 22:55:06 DEBUG headers:265 - << Date: Sat, 03 Jan 2026 17:25:06 GMT
2026-01-03 22:55:06 DEBUG headers:265 - << Content-Type: application/json; charset=utf-8
2026-01-03 22:55:06 DEBUG headers:265 - << Content-Length: 9
2026-01-03 22:55:06 DEBUG headers:265 - << Connection: keep-alive
2026-01-03 22:55:06 DEBUG headers:265 - << access-control-allow-origin: *
2026-01-03 22:55:06 DEBUG headers:265 - << etag: W/"9-hVv0cNJophUD7CGn+ZqXp8tVGo0"
2026-01-03 22:55:06 DEBUG headers:265 - << x-powered-by: Express
2026-01-03 22:55:06 DEBUG headers:265 - << cf-cache-status: DYNAMIC
2026-01-03 22:55:06 DEBUG headers:265 - << Nel: {"report_to":"cf-nel","success_fraction":0.0,"max_age":604800}
2026-01-03 22:55:06 DEBUG headers:265 - << Report-To: {"group":"cf-nel","max_age":604800,"endpoints":[{"url":"https://a.nel.cloudflare.com/report/v4?s=vRPju1DauZmmm4uY0taYY50Yp%2FQClYP%2FKtmEgGmtUB2TbNuk%2FYt7%2BMqW2tCqQ73wlgLTIp7Ex8jUyJlu97ZT5dvGmWlT1nSm0SLEpn%2Bd9d8%3D"}]}
2026-01-03 22:55:06 DEBUG headers:265 - << Server: cloudflare
2026-01-03 22:55:06 DEBUG headers:265 - << CF-RAY: 9b843187ebccfb88-BOM
2026-01-03 22:55:06 DEBUG headers:265 - << alt-svc: h3=":443"; ma=86400
2026-01-03 22:55:06 DEBUG DefaultHttpClient:504 - Connection can be kept alive indefinitely
2026-01-03 22:55:06 DEBUG RestAssuredHttpBuilder:553 - Parsing response as: application/json; charset=utf-8
2026-01-03 22:55:06 DEBUG RestAssuredHttpBuilder:556 - Parsed data to instance of: class org.apache.http.conn.EofSensorInputStream
2026-01-03 22:55:06 DEBUG wire:87 -  << "{"id":11}"
2026-01-03 22:55:06 DEBUG BasicClientConnectionManager:200 - Releasing connection org.apache.http.impl.conn.ManagedClientConnectionImpl@158e9f6e
2026-01-03 22:55:06 DEBUG BasicClientConnectionManager:225 - Connection can be kept alive indefinitely
2026-01-03 22:55:06 DEBUG BasicClientConnectionManager:161 - Get connection for route {s}->https://fakestoreapi.com:443
2026-01-03 22:55:06 DEBUG DefaultClientConnectionOperator:177 - Connecting to fakestoreapi.com:443
2026-01-03 22:55:06 DEBUG RequestAddCookies:123 - CookieSpec selected: ignoreCookies
2026-01-03 22:55:06 DEBUG RequestAuthCache:77 - Auth cache not set in the context
2026-01-03 22:55:06 DEBUG RequestTargetAuthentication:80 - Target auth state: UNCHALLENGED
2026-01-03 22:55:06 DEBUG RequestProxyAuthentication:89 - Proxy auth state: UNCHALLENGED
2026-01-03 22:55:06 DEBUG DefaultHttpClient:677 - Attempt 1 to execute request
2026-01-03 22:55:06 DEBUG DefaultClientConnection:274 - Sending request: POST /users HTTP/1.1
2026-01-03 22:55:06 DEBUG wire:73 -  >> "POST /users HTTP/1.1[\r][\n]"
2026-01-03 22:55:06 DEBUG wire:73 -  >> "Accept: */*[\r][\n]"
2026-01-03 22:55:06 DEBUG wire:73 -  >> "Content-Type: application/json[\r][\n]"
2026-01-03 22:55:06 DEBUG wire:73 -  >> "Content-Length: 278[\r][\n]"
2026-01-03 22:55:06 DEBUG wire:73 -  >> "Host: fakestoreapi.com[\r][\n]"
2026-01-03 22:55:06 DEBUG wire:73 -  >> "Connection: Keep-Alive[\r][\n]"
2026-01-03 22:55:06 DEBUG wire:73 -  >> "User-Agent: Apache-HttpClient/4.5.13 (Java/17.0.12)[\r][\n]"
2026-01-03 22:55:06 DEBUG wire:73 -  >> "Accept-Encoding: gzip,deflate[\r][\n]"
2026-01-03 22:55:06 DEBUG wire:73 -  >> "[\r][\n]"
2026-01-03 22:55:06 DEBUG headers:278 - >> POST /users HTTP/1.1
2026-01-03 22:55:06 DEBUG headers:281 - >> Accept: */*
2026-01-03 22:55:06 DEBUG headers:281 - >> Content-Type: application/json
2026-01-03 22:55:06 DEBUG headers:281 - >> Content-Length: 278
2026-01-03 22:55:06 DEBUG headers:281 - >> Host: fakestoreapi.com
2026-01-03 22:55:06 DEBUG headers:281 - >> Connection: Keep-Alive
2026-01-03 22:55:06 DEBUG headers:281 - >> User-Agent: Apache-HttpClient/4.5.13 (Java/17.0.12)
2026-01-03 22:55:06 DEBUG headers:281 - >> Accept-Encoding: gzip,deflate
2026-01-03 22:55:06 DEBUG wire:87 -  >> "{"email":"neha.verma@example.com","username":"neha_v","password":"Neha@321","name":{"firstname":"Neha","lastname":"Verma"},"address":{"city":"Delhi","street":"Lajpat Nagar","number":78,"zipcode":"110024","geolocation":{"lat":"28.5672","lng":"77.2436"}},"phone":"+91-9333344444"}"
2026-01-03 22:55:06 DEBUG wire:73 -  << "HTTP/1.1 201 Created[\r][\n]"
2026-01-03 22:55:06 DEBUG wire:73 -  << "Date: Sat, 03 Jan 2026 17:25:07 GMT[\r][\n]"
2026-01-03 22:55:06 DEBUG wire:73 -  << "Content-Type: application/json; charset=utf-8[\r][\n]"
2026-01-03 22:55:06 DEBUG wire:73 -  << "Content-Length: 8[\r][\n]"
2026-01-03 22:55:06 DEBUG wire:73 -  << "Connection: keep-alive[\r][\n]"
2026-01-03 22:55:06 DEBUG wire:73 -  << "access-control-allow-origin: *[\r][\n]"
2026-01-03 22:55:06 DEBUG wire:73 -  << "etag: W/"8-h5EdGu1QmHe4OkjsU292jNzSLfE"[\r][\n]"
2026-01-03 22:55:06 DEBUG wire:73 -  << "x-powered-by: Express[\r][\n]"
2026-01-03 22:55:06 DEBUG wire:73 -  << "cf-cache-status: DYNAMIC[\r][\n]"
2026-01-03 22:55:06 DEBUG wire:73 -  << "Nel: {"report_to":"cf-nel","success_fraction":0.0,"max_age":604800}[\r][\n]"
2026-01-03 22:55:06 DEBUG wire:73 -  << "Report-To: {"group":"cf-nel","max_age":604800,"endpoints":[{"url":"https://a.nel.cloudflare.com/report/v4?s=qgul9HkRi4s4uXT1uuHBGp1WBkkR5BpIOSIdsK%2BTGsOT%2Bi6OaIh%2FHD5SdI%2B%2FcEEIWiFEI9UZW1IE6YS1KWNerzK8nw0qFoPN5GpULeDNEcA%3D"}]}[\r][\n]"
2026-01-03 22:55:06 DEBUG wire:73 -  << "Server: cloudflare[\r][\n]"
2026-01-03 22:55:06 DEBUG wire:73 -  << "CF-RAY: 9b84318b2d30b8bf-BOM[\r][\n]"
2026-01-03 22:55:06 DEBUG wire:73 -  << "alt-svc: h3=":443"; ma=86400[\r][\n]"
2026-01-03 22:55:06 DEBUG wire:73 -  << "[\r][\n]"
2026-01-03 22:55:06 DEBUG DefaultClientConnection:259 - Receiving response: HTTP/1.1 201 Created
2026-01-03 22:55:06 DEBUG headers:262 - << HTTP/1.1 201 Created
2026-01-03 22:55:06 DEBUG headers:265 - << Date: Sat, 03 Jan 2026 17:25:07 GMT
2026-01-03 22:55:06 DEBUG headers:265 - << Content-Type: application/json; charset=utf-8
2026-01-03 22:55:06 DEBUG headers:265 - << Content-Length: 8
2026-01-03 22:55:06 DEBUG headers:265 - << Connection: keep-alive
2026-01-03 22:55:06 DEBUG headers:265 - << access-control-allow-origin: *
2026-01-03 22:55:06 DEBUG headers:265 - << etag: W/"8-h5EdGu1QmHe4OkjsU292jNzSLfE"
2026-01-03 22:55:06 DEBUG headers:265 - << x-powered-by: Express
2026-01-03 22:55:06 DEBUG headers:265 - << cf-cache-status: DYNAMIC
2026-01-03 22:55:06 DEBUG headers:265 - << Nel: {"report_to":"cf-nel","success_fraction":0.0,"max_age":604800}
2026-01-03 22:55:06 DEBUG headers:265 - << Report-To: {"group":"cf-nel","max_age":604800,"endpoints":[{"url":"https://a.nel.cloudflare.com/report/v4?s=qgul9HkRi4s4uXT1uuHBGp1WBkkR5BpIOSIdsK%2BTGsOT%2Bi6OaIh%2FHD5SdI%2B%2FcEEIWiFEI9UZW1IE6YS1KWNerzK8nw0qFoPN5GpULeDNEcA%3D"}]}
2026-01-03 22:55:06 DEBUG headers:265 - << Server: cloudflare
2026-01-03 22:55:06 DEBUG headers:265 - << CF-RAY: 9b84318b2d30b8bf-BOM
2026-01-03 22:55:06 DEBUG headers:265 - << alt-svc: h3=":443"; ma=86400
2026-01-03 22:55:06 DEBUG DefaultHttpClient:504 - Connection can be kept alive indefinitely
2026-01-03 22:55:06 DEBUG RestAssuredHttpBuilder:553 - Parsing response as: application/json; charset=utf-8
2026-01-03 22:55:06 DEBUG RestAssuredHttpBuilder:556 - Parsed data to instance of: class org.apache.http.conn.EofSensorInputStream
2026-01-03 22:55:06 DEBUG wire:87 -  << "{"id":1}"
2026-01-03 22:55:06 DEBUG BasicClientConnectionManager:200 - Releasing connection org.apache.http.impl.conn.ManagedClientConnectionImpl@7f323b3a
2026-01-03 22:55:06 DEBUG BasicClientConnectionManager:225 - Connection can be kept alive indefinitely
2026-01-03 22:55:06 DEBUG BasicClientConnectionManager:161 - Get connection for route {s}->https://fakestoreapi.com:443
2026-01-03 22:55:06 DEBUG DefaultClientConnectionOperator:177 - Connecting to fakestoreapi.com:443
2026-01-03 22:55:06 DEBUG RequestAddCookies:123 - CookieSpec selected: ignoreCookies
2026-01-03 22:55:06 DEBUG RequestAuthCache:77 - Auth cache not set in the context
2026-01-03 22:55:06 DEBUG RequestTargetAuthentication:80 - Target auth state: UNCHALLENGED
2026-01-03 22:55:06 DEBUG RequestProxyAuthentication:89 - Proxy auth state: UNCHALLENGED
2026-01-03 22:55:06 DEBUG DefaultHttpClient:677 - Attempt 1 to execute request
2026-01-03 22:55:06 DEBUG DefaultClientConnection:274 - Sending request: POST /users HTTP/1.1
2026-01-03 22:55:06 DEBUG wire:73 -  >> "POST /users HTTP/1.1[\r][\n]"
2026-01-03 22:55:06 DEBUG wire:73 -  >> "Accept: */*[\r][\n]"
2026-01-03 22:55:06 DEBUG wire:73 -  >> "Content-Type: application/json[\r][\n]"
2026-01-03 22:55:06 DEBUG wire:73 -  >> "Content-Length: 279[\r][\n]"
2026-01-03 22:55:06 DEBUG wire:73 -  >> "Host: fakestoreapi.com[\r][\n]"
2026-01-03 22:55:06 DEBUG wire:73 -  >> "Connection: Keep-Alive[\r][\n]"
2026-01-03 22:55:06 DEBUG wire:73 -  >> "User-Agent: Apache-HttpClient/4.5.13 (Java/17.0.12)[\r][\n]"
2026-01-03 22:55:06 DEBUG wire:73 -  >> "Accept-Encoding: gzip,deflate[\r][\n]"
2026-01-03 22:55:06 DEBUG wire:73 -  >> "[\r][\n]"
2026-01-03 22:55:06 DEBUG headers:278 - >> POST /users HTTP/1.1
2026-01-03 22:55:06 DEBUG headers:281 - >> Accept: */*
2026-01-03 22:55:06 DEBUG headers:281 - >> Content-Type: application/json
2026-01-03 22:55:06 DEBUG headers:281 - >> Content-Length: 279
2026-01-03 22:55:06 DEBUG headers:281 - >> Host: fakestoreapi.com
2026-01-03 22:55:06 DEBUG headers:281 - >> Connection: Keep-Alive
2026-01-03 22:55:06 DEBUG headers:281 - >> User-Agent: Apache-HttpClient/4.5.13 (Java/17.0.12)
2026-01-03 22:55:06 DEBUG headers:281 - >> Accept-Encoding: gzip,deflate
2026-01-03 22:55:06 DEBUG wire:87 -  >> "{"email":"suresh.nair@example.com","username":"suresh_n","password":"Suresh@654","name":{"firstname":"Suresh","lastname":"Nair"},"address":{"city":"Kochi","street":"MG Road","number":305,"zipcode":"682016","geolocation":{"lat":"9.9312","lng":"76.2673"}},"phone":"+91-9444455555"}"
2026-01-03 22:55:07 DEBUG wire:73 -  << "HTTP/1.1 201 Created[\r][\n]"
2026-01-03 22:55:07 DEBUG wire:73 -  << "Date: Sat, 03 Jan 2026 17:25:07 GMT[\r][\n]"
2026-01-03 22:55:07 DEBUG wire:73 -  << "Content-Type: application/json; charset=utf-8[\r][\n]"
2026-01-03 22:55:07 DEBUG wire:73 -  << "Content-Length: 8[\r][\n]"
2026-01-03 22:55:07 DEBUG wire:73 -  << "Connection: keep-alive[\r][\n]"
2026-01-03 22:55:07 DEBUG wire:73 -  << "access-control-allow-origin: *[\r][\n]"
2026-01-03 22:55:07 DEBUG wire:73 -  << "etag: W/"8-h5EdGu1QmHe4OkjsU292jNzSLfE"[\r][\n]"
2026-01-03 22:55:07 DEBUG wire:73 -  << "x-powered-by: Express[\r][\n]"
2026-01-03 22:55:07 DEBUG wire:73 -  << "cf-cache-status: DYNAMIC[\r][\n]"
2026-01-03 22:55:07 DEBUG wire:73 -  << "Nel: {"report_to":"cf-nel","success_fraction":0.0,"max_age":604800}[\r][\n]"
2026-01-03 22:55:07 DEBUG wire:73 -  << "Report-To: {"group":"cf-nel","max_age":604800,"endpoints":[{"url":"https://a.nel.cloudflare.com/report/v4?s=8q%2BIBF4JzGASeRMMuM6OugYP1DIJ1BUY9URrsON1nrrDxqkyrU3gmD2XktY9%2BHZUTCGacmIdH%2FCRrE8hTTKeWC%2BV1Ksh5%2BiCdr0nY9gJCjk%3D"}]}[\r][\n]"
2026-01-03 22:55:07 DEBUG wire:73 -  << "Server: cloudflare[\r][\n]"
2026-01-03 22:55:07 DEBUG wire:73 -  << "CF-RAY: 9b84318f8a94e89d-BOM[\r][\n]"
2026-01-03 22:55:07 DEBUG wire:73 -  << "alt-svc: h3=":443"; ma=86400[\r][\n]"
2026-01-03 22:55:07 DEBUG wire:73 -  << "[\r][\n]"
2026-01-03 22:55:07 DEBUG DefaultClientConnection:259 - Receiving response: HTTP/1.1 201 Created
2026-01-03 22:55:07 DEBUG headers:262 - << HTTP/1.1 201 Created
2026-01-03 22:55:07 DEBUG headers:265 - << Date: Sat, 03 Jan 2026 17:25:07 GMT
2026-01-03 22:55:07 DEBUG headers:265 - << Content-Type: application/json; charset=utf-8
2026-01-03 22:55:07 DEBUG headers:265 - << Content-Length: 8
2026-01-03 22:55:07 DEBUG headers:265 - << Connection: keep-alive
2026-01-03 22:55:07 DEBUG headers:265 - << access-control-allow-origin: *
2026-01-03 22:55:07 DEBUG headers:265 - << etag: W/"8-h5EdGu1QmHe4OkjsU292jNzSLfE"
2026-01-03 22:55:07 DEBUG headers:265 - << x-powered-by: Express
2026-01-03 22:55:07 DEBUG headers:265 - << cf-cache-status: DYNAMIC
2026-01-03 22:55:07 DEBUG headers:265 - << Nel: {"report_to":"cf-nel","success_fraction":0.0,"max_age":604800}
2026-01-03 22:55:07 DEBUG headers:265 - << Report-To: {"group":"cf-nel","max_age":604800,"endpoints":[{"url":"https://a.nel.cloudflare.com/report/v4?s=8q%2BIBF4JzGASeRMMuM6OugYP1DIJ1BUY9URrsON1nrrDxqkyrU3gmD2XktY9%2BHZUTCGacmIdH%2FCRrE8hTTKeWC%2BV1Ksh5%2BiCdr0nY9gJCjk%3D"}]}
2026-01-03 22:55:07 DEBUG headers:265 - << Server: cloudflare
2026-01-03 22:55:07 DEBUG headers:265 - << CF-RAY: 9b84318f8a94e89d-BOM
2026-01-03 22:55:07 DEBUG headers:265 - << alt-svc: h3=":443"; ma=86400
2026-01-03 22:55:07 DEBUG DefaultHttpClient:504 - Connection can be kept alive indefinitely
2026-01-03 22:55:07 DEBUG RestAssuredHttpBuilder:553 - Parsing response as: application/json; charset=utf-8
2026-01-03 22:55:07 DEBUG RestAssuredHttpBuilder:556 - Parsed data to instance of: class org.apache.http.conn.EofSensorInputStream
2026-01-03 22:55:07 DEBUG wire:87 -  << "{"id":1}"
2026-01-03 22:55:07 DEBUG BasicClientConnectionManager:200 - Releasing connection org.apache.http.impl.conn.ManagedClientConnectionImpl@4684240f
2026-01-03 22:55:07 DEBUG BasicClientConnectionManager:225 - Connection can be kept alive indefinitely
