2026-01-01 19:52:43 INFO  ProductExcelTest:25 - Starting product creation test
2026-01-01 19:52:43 INFO  ProductExcelTest:26 - Payload received from Excel: {image=https://i.pravatar.cc/100, price=25.99, record=, description=Ergonomic wireless mouse with adjustable DPI., title=Wireless Mouse, category=electronic}
2026-01-01 19:52:45 DEBUG BasicClientConnectionManager:161 - Get connection for route {s}->https://fakestoreapi.com:443
2026-01-01 19:52:45 DEBUG DefaultClientConnectionOperator:177 - Connecting to fakestoreapi.com:443
2026-01-01 19:52:46 DEBUG RequestAddCookies:123 - CookieSpec selected: ignoreCookies
2026-01-01 19:52:46 DEBUG RequestAuthCache:77 - Auth cache not set in the context
2026-01-01 19:52:46 DEBUG RequestTargetAuthentication:80 - Target auth state: UNCHALLENGED
2026-01-01 19:52:46 DEBUG RequestProxyAuthentication:89 - Proxy auth state: UNCHALLENGED
2026-01-01 19:52:46 DEBUG DefaultHttpClient:677 - Attempt 1 to execute request
2026-01-01 19:52:46 DEBUG DefaultClientConnection:274 - Sending request: POST /products HTTP/1.1
2026-01-01 19:52:46 DEBUG wire:73 -  >> "POST /products HTTP/1.1[\r][\n]"
2026-01-01 19:52:46 DEBUG wire:73 -  >> "Accept: */*[\r][\n]"
2026-01-01 19:52:46 DEBUG wire:73 -  >> "Content-Type: application/json[\r][\n]"
2026-01-01 19:52:46 DEBUG wire:73 -  >> "Content-Length: 176[\r][\n]"
2026-01-01 19:52:46 DEBUG wire:73 -  >> "Host: fakestoreapi.com[\r][\n]"
2026-01-01 19:52:46 DEBUG wire:73 -  >> "Connection: Keep-Alive[\r][\n]"
2026-01-01 19:52:46 DEBUG wire:73 -  >> "User-Agent: Apache-HttpClient/4.5.13 (Java/17.0.12)[\r][\n]"
2026-01-01 19:52:46 DEBUG wire:73 -  >> "Accept-Encoding: gzip,deflate[\r][\n]"
2026-01-01 19:52:46 DEBUG wire:73 -  >> "[\r][\n]"
2026-01-01 19:52:46 DEBUG headers:278 - >> POST /products HTTP/1.1
2026-01-01 19:52:46 DEBUG headers:281 - >> Accept: */*
2026-01-01 19:52:46 DEBUG headers:281 - >> Content-Type: application/json
2026-01-01 19:52:46 DEBUG headers:281 - >> Content-Length: 176
2026-01-01 19:52:46 DEBUG headers:281 - >> Host: fakestoreapi.com
2026-01-01 19:52:46 DEBUG headers:281 - >> Connection: Keep-Alive
2026-01-01 19:52:46 DEBUG headers:281 - >> User-Agent: Apache-HttpClient/4.5.13 (Java/17.0.12)
2026-01-01 19:52:46 DEBUG headers:281 - >> Accept-Encoding: gzip,deflate
2026-01-01 19:52:46 DEBUG wire:87 -  >> "{"image":"https://i.pravatar.cc/100","price":"25.99","record":"","description":"Ergonomic wireless mouse with adjustable DPI.","title":"Wireless Mouse","category":"electronic"}"
2026-01-01 19:52:47 DEBUG wire:73 -  << "HTTP/1.1 201 Created[\r][\n]"
2026-01-01 19:52:47 DEBUG wire:73 -  << "Date: Thu, 01 Jan 2026 14:22:46 GMT[\r][\n]"
2026-01-01 19:52:47 DEBUG wire:73 -  << "Content-Type: application/json; charset=utf-8[\r][\n]"
2026-01-01 19:52:47 DEBUG wire:73 -  << "Content-Length: 172[\r][\n]"
2026-01-01 19:52:47 DEBUG wire:73 -  << "Connection: keep-alive[\r][\n]"
2026-01-01 19:52:47 DEBUG wire:73 -  << "access-control-allow-origin: *[\r][\n]"
2026-01-01 19:52:47 DEBUG wire:73 -  << "etag: W/"ac-Kmayslbjall3ZYGANk7NqQwSlsE"[\r][\n]"
2026-01-01 19:52:47 DEBUG wire:73 -  << "x-powered-by: Express[\r][\n]"
2026-01-01 19:52:47 DEBUG wire:73 -  << "cf-cache-status: DYNAMIC[\r][\n]"
2026-01-01 19:52:47 DEBUG wire:73 -  << "Nel: {"report_to":"cf-nel","success_fraction":0.0,"max_age":604800}[\r][\n]"
2026-01-01 19:52:47 DEBUG wire:73 -  << "Report-To: {"group":"cf-nel","max_age":604800,"endpoints":[{"url":"https://a.nel.cloudflare.com/report/v4?s=R5QrnbWVIO56f9B1VcVpMYlcWqL6%2Fd6zF6DnTTqtZdsjHEEVNh21X7VEdgPV0%2BufkpsVMht2jsGbuhhyrPgCD%2BW7%2FjGQI13hmF%2Bf2ZFX"}]}[\r][\n]"
2026-01-01 19:52:47 DEBUG wire:73 -  << "Server: cloudflare[\r][\n]"
2026-01-01 19:52:47 DEBUG wire:73 -  << "CF-RAY: 9b72abaebce2c08b-BOM[\r][\n]"
2026-01-01 19:52:47 DEBUG wire:73 -  << "alt-svc: h3=":443"; ma=86400[\r][\n]"
2026-01-01 19:52:47 DEBUG wire:73 -  << "[\r][\n]"
2026-01-01 19:52:47 DEBUG DefaultClientConnection:259 - Receiving response: HTTP/1.1 201 Created
2026-01-01 19:52:47 DEBUG headers:262 - << HTTP/1.1 201 Created
2026-01-01 19:52:47 DEBUG headers:265 - << Date: Thu, 01 Jan 2026 14:22:46 GMT
2026-01-01 19:52:47 DEBUG headers:265 - << Content-Type: application/json; charset=utf-8
2026-01-01 19:52:47 DEBUG headers:265 - << Content-Length: 172
2026-01-01 19:52:47 DEBUG headers:265 - << Connection: keep-alive
2026-01-01 19:52:47 DEBUG headers:265 - << access-control-allow-origin: *
2026-01-01 19:52:47 DEBUG headers:265 - << etag: W/"ac-Kmayslbjall3ZYGANk7NqQwSlsE"
2026-01-01 19:52:47 DEBUG headers:265 - << x-powered-by: Express
2026-01-01 19:52:47 DEBUG headers:265 - << cf-cache-status: DYNAMIC
2026-01-01 19:52:47 DEBUG headers:265 - << Nel: {"report_to":"cf-nel","success_fraction":0.0,"max_age":604800}
2026-01-01 19:52:47 DEBUG headers:265 - << Report-To: {"group":"cf-nel","max_age":604800,"endpoints":[{"url":"https://a.nel.cloudflare.com/report/v4?s=R5QrnbWVIO56f9B1VcVpMYlcWqL6%2Fd6zF6DnTTqtZdsjHEEVNh21X7VEdgPV0%2BufkpsVMht2jsGbuhhyrPgCD%2BW7%2FjGQI13hmF%2Bf2ZFX"}]}
2026-01-01 19:52:47 DEBUG headers:265 - << Server: cloudflare
2026-01-01 19:52:47 DEBUG headers:265 - << CF-RAY: 9b72abaebce2c08b-BOM
2026-01-01 19:52:47 DEBUG headers:265 - << alt-svc: h3=":443"; ma=86400
2026-01-01 19:52:47 DEBUG DefaultHttpClient:504 - Connection can be kept alive indefinitely
2026-01-01 19:52:47 DEBUG RestAssuredHttpBuilder:553 - Parsing response as: application/json; charset=utf-8
2026-01-01 19:52:47 DEBUG RestAssuredHttpBuilder:556 - Parsed data to instance of: class org.apache.http.conn.EofSensorInputStream
2026-01-01 19:52:47 DEBUG wire:87 -  << "{"id":21,"title":"Wireless Mouse","price":"25.99","description":"Ergonomic wireless mouse with adjustable DPI.","image":"https://i.pravatar.cc/100","category":"electronic"}"
2026-01-01 19:52:47 DEBUG BasicClientConnectionManager:200 - Releasing connection org.apache.http.impl.conn.ManagedClientConnectionImpl@3b4bd341
2026-01-01 19:52:47 DEBUG BasicClientConnectionManager:225 - Connection can be kept alive indefinitely
2026-01-01 19:52:47 INFO  ProductExcelTest:25 - Starting product creation test
2026-01-01 19:52:47 INFO  ProductExcelTest:26 - Payload received from Excel: {image=https://i.pravatar.cc/101, price=49.99, record=, description=Mechanical gaming keyboard with RGB backlight., title=Gaming Keyboard, category=electronic}
2026-01-01 19:52:47 DEBUG BasicClientConnectionManager:161 - Get connection for route {s}->https://fakestoreapi.com:443
2026-01-01 19:52:47 DEBUG DefaultClientConnectionOperator:177 - Connecting to fakestoreapi.com:443
2026-01-01 19:52:47 DEBUG RequestAddCookies:123 - CookieSpec selected: ignoreCookies
2026-01-01 19:52:47 DEBUG RequestAuthCache:77 - Auth cache not set in the context
2026-01-01 19:52:47 DEBUG RequestTargetAuthentication:80 - Target auth state: UNCHALLENGED
2026-01-01 19:52:47 DEBUG RequestProxyAuthentication:89 - Proxy auth state: UNCHALLENGED
2026-01-01 19:52:47 DEBUG DefaultHttpClient:677 - Attempt 1 to execute request
2026-01-01 19:52:47 DEBUG DefaultClientConnection:274 - Sending request: POST /products HTTP/1.1
2026-01-01 19:52:47 DEBUG wire:73 -  >> "POST /products HTTP/1.1[\r][\n]"
2026-01-01 19:52:47 DEBUG wire:73 -  >> "Accept: */*[\r][\n]"
2026-01-01 19:52:47 DEBUG wire:73 -  >> "Content-Type: application/json[\r][\n]"
2026-01-01 19:52:47 DEBUG wire:73 -  >> "Content-Length: 178[\r][\n]"
2026-01-01 19:52:47 DEBUG wire:73 -  >> "Host: fakestoreapi.com[\r][\n]"
2026-01-01 19:52:47 DEBUG wire:73 -  >> "Connection: Keep-Alive[\r][\n]"
2026-01-01 19:52:47 DEBUG wire:73 -  >> "User-Agent: Apache-HttpClient/4.5.13 (Java/17.0.12)[\r][\n]"
2026-01-01 19:52:47 DEBUG wire:73 -  >> "Accept-Encoding: gzip,deflate[\r][\n]"
2026-01-01 19:52:47 DEBUG wire:73 -  >> "[\r][\n]"
2026-01-01 19:52:47 DEBUG headers:278 - >> POST /products HTTP/1.1
2026-01-01 19:52:47 DEBUG headers:281 - >> Accept: */*
2026-01-01 19:52:47 DEBUG headers:281 - >> Content-Type: application/json
2026-01-01 19:52:47 DEBUG headers:281 - >> Content-Length: 178
2026-01-01 19:52:47 DEBUG headers:281 - >> Host: fakestoreapi.com
2026-01-01 19:52:47 DEBUG headers:281 - >> Connection: Keep-Alive
2026-01-01 19:52:47 DEBUG headers:281 - >> User-Agent: Apache-HttpClient/4.5.13 (Java/17.0.12)
2026-01-01 19:52:47 DEBUG headers:281 - >> Accept-Encoding: gzip,deflate
2026-01-01 19:52:47 DEBUG wire:87 -  >> "{"image":"https://i.pravatar.cc/101","price":"49.99","record":"","description":"Mechanical gaming keyboard with RGB backlight.","title":"Gaming Keyboard","category":"electronic"}"
2026-01-01 19:52:48 DEBUG wire:73 -  << "HTTP/1.1 201 Created[\r][\n]"
2026-01-01 19:52:48 DEBUG wire:73 -  << "Date: Thu, 01 Jan 2026 14:22:47 GMT[\r][\n]"
2026-01-01 19:52:48 DEBUG wire:73 -  << "Content-Type: application/json; charset=utf-8[\r][\n]"
2026-01-01 19:52:48 DEBUG wire:73 -  << "Content-Length: 174[\r][\n]"
2026-01-01 19:52:48 DEBUG wire:73 -  << "Connection: keep-alive[\r][\n]"
2026-01-01 19:52:48 DEBUG wire:73 -  << "access-control-allow-origin: *[\r][\n]"
2026-01-01 19:52:48 DEBUG wire:73 -  << "etag: W/"ae-MnIL2pgZduXtu0cl88UtExqjZ4U"[\r][\n]"
2026-01-01 19:52:48 DEBUG wire:73 -  << "x-powered-by: Express[\r][\n]"
2026-01-01 19:52:48 DEBUG wire:73 -  << "cf-cache-status: DYNAMIC[\r][\n]"
2026-01-01 19:52:48 DEBUG wire:73 -  << "Nel: {"report_to":"cf-nel","success_fraction":0.0,"max_age":604800}[\r][\n]"
2026-01-01 19:52:48 DEBUG wire:73 -  << "Report-To: {"group":"cf-nel","max_age":604800,"endpoints":[{"url":"https://a.nel.cloudflare.com/report/v4?s=y8Z%2BkQomxuFcZT0gneygQ5wyReEowNvyvEZG1yX%2BssB6lGtZfi370w2GE7uGrg9eXq%2FNbzLlW%2B%2B9s23a9bt7%2Bk9%2BP%2Bh21WDADLteBN4T%2FmA%3D"}]}[\r][\n]"
2026-01-01 19:52:48 DEBUG wire:73 -  << "Server: cloudflare[\r][\n]"
2026-01-01 19:52:48 DEBUG wire:73 -  << "CF-RAY: 9b72abb7eab2c03d-BOM[\r][\n]"
2026-01-01 19:52:48 DEBUG wire:73 -  << "alt-svc: h3=":443"; ma=86400[\r][\n]"
2026-01-01 19:52:48 DEBUG wire:73 -  << "[\r][\n]"
2026-01-01 19:52:48 DEBUG DefaultClientConnection:259 - Receiving response: HTTP/1.1 201 Created
2026-01-01 19:52:48 DEBUG headers:262 - << HTTP/1.1 201 Created
2026-01-01 19:52:48 DEBUG headers:265 - << Date: Thu, 01 Jan 2026 14:22:47 GMT
2026-01-01 19:52:48 DEBUG headers:265 - << Content-Type: application/json; charset=utf-8
2026-01-01 19:52:48 DEBUG headers:265 - << Content-Length: 174
2026-01-01 19:52:48 DEBUG headers:265 - << Connection: keep-alive
2026-01-01 19:52:48 DEBUG headers:265 - << access-control-allow-origin: *
2026-01-01 19:52:48 DEBUG headers:265 - << etag: W/"ae-MnIL2pgZduXtu0cl88UtExqjZ4U"
2026-01-01 19:52:48 DEBUG headers:265 - << x-powered-by: Express
2026-01-01 19:52:48 DEBUG headers:265 - << cf-cache-status: DYNAMIC
2026-01-01 19:52:48 DEBUG headers:265 - << Nel: {"report_to":"cf-nel","success_fraction":0.0,"max_age":604800}
2026-01-01 19:52:48 DEBUG headers:265 - << Report-To: {"group":"cf-nel","max_age":604800,"endpoints":[{"url":"https://a.nel.cloudflare.com/report/v4?s=y8Z%2BkQomxuFcZT0gneygQ5wyReEowNvyvEZG1yX%2BssB6lGtZfi370w2GE7uGrg9eXq%2FNbzLlW%2B%2B9s23a9bt7%2Bk9%2BP%2Bh21WDADLteBN4T%2FmA%3D"}]}
2026-01-01 19:52:48 DEBUG headers:265 - << Server: cloudflare
2026-01-01 19:52:48 DEBUG headers:265 - << CF-RAY: 9b72abb7eab2c03d-BOM
2026-01-01 19:52:48 DEBUG headers:265 - << alt-svc: h3=":443"; ma=86400
2026-01-01 19:52:48 DEBUG DefaultHttpClient:504 - Connection can be kept alive indefinitely
2026-01-01 19:52:48 DEBUG RestAssuredHttpBuilder:553 - Parsing response as: application/json; charset=utf-8
2026-01-01 19:52:48 DEBUG RestAssuredHttpBuilder:556 - Parsed data to instance of: class org.apache.http.conn.EofSensorInputStream
2026-01-01 19:52:48 DEBUG wire:87 -  << "{"id":21,"title":"Gaming Keyboard","price":"49.99","description":"Mechanical gaming keyboard with RGB backlight.","image":"https://i.pravatar.cc/101","category":"electronic"}"
2026-01-01 19:52:48 DEBUG BasicClientConnectionManager:200 - Releasing connection org.apache.http.impl.conn.ManagedClientConnectionImpl@77ff14ce
2026-01-01 19:52:48 DEBUG BasicClientConnectionManager:225 - Connection can be kept alive indefinitely
2026-01-01 19:52:48 INFO  ProductExcelTest:25 - Starting product creation test
2026-01-01 19:52:48 INFO  ProductExcelTest:26 - Payload received from Excel: {image=https://i.pravatar.cc/102, price=79.99, record=, description=Noise-canceling over-ear headphones with deep bass., title=Bluetooth Headphones, category=electronics}
2026-01-01 19:52:48 DEBUG BasicClientConnectionManager:161 - Get connection for route {s}->https://fakestoreapi.com:443
2026-01-01 19:52:48 DEBUG DefaultClientConnectionOperator:177 - Connecting to fakestoreapi.com:443
2026-01-01 19:52:48 DEBUG RequestAddCookies:123 - CookieSpec selected: ignoreCookies
2026-01-01 19:52:48 DEBUG RequestAuthCache:77 - Auth cache not set in the context
2026-01-01 19:52:48 DEBUG RequestTargetAuthentication:80 - Target auth state: UNCHALLENGED
2026-01-01 19:52:48 DEBUG RequestProxyAuthentication:89 - Proxy auth state: UNCHALLENGED
2026-01-01 19:52:48 DEBUG DefaultHttpClient:677 - Attempt 1 to execute request
2026-01-01 19:52:48 DEBUG DefaultClientConnection:274 - Sending request: POST /products HTTP/1.1
2026-01-01 19:52:48 DEBUG wire:73 -  >> "POST /products HTTP/1.1[\r][\n]"
2026-01-01 19:52:48 DEBUG wire:73 -  >> "Accept: */*[\r][\n]"
2026-01-01 19:52:48 DEBUG wire:73 -  >> "Content-Type: application/json[\r][\n]"
2026-01-01 19:52:48 DEBUG wire:73 -  >> "Content-Length: 189[\r][\n]"
2026-01-01 19:52:48 DEBUG wire:73 -  >> "Host: fakestoreapi.com[\r][\n]"
2026-01-01 19:52:48 DEBUG wire:73 -  >> "Connection: Keep-Alive[\r][\n]"
2026-01-01 19:52:48 DEBUG wire:73 -  >> "User-Agent: Apache-HttpClient/4.5.13 (Java/17.0.12)[\r][\n]"
2026-01-01 19:52:48 DEBUG wire:73 -  >> "Accept-Encoding: gzip,deflate[\r][\n]"
2026-01-01 19:52:48 DEBUG wire:73 -  >> "[\r][\n]"
2026-01-01 19:52:48 DEBUG headers:278 - >> POST /products HTTP/1.1
2026-01-01 19:52:48 DEBUG headers:281 - >> Accept: */*
2026-01-01 19:52:48 DEBUG headers:281 - >> Content-Type: application/json
2026-01-01 19:52:48 DEBUG headers:281 - >> Content-Length: 189
2026-01-01 19:52:48 DEBUG headers:281 - >> Host: fakestoreapi.com
2026-01-01 19:52:48 DEBUG headers:281 - >> Connection: Keep-Alive
2026-01-01 19:52:48 DEBUG headers:281 - >> User-Agent: Apache-HttpClient/4.5.13 (Java/17.0.12)
2026-01-01 19:52:48 DEBUG headers:281 - >> Accept-Encoding: gzip,deflate
2026-01-01 19:52:48 DEBUG wire:87 -  >> "{"image":"https://i.pravatar.cc/102","price":"79.99","record":"","description":"Noise-canceling over-ear headphones with deep bass.","title":"Bluetooth Headphones","category":"electronics"}"
2026-01-01 19:52:48 DEBUG wire:73 -  << "HTTP/1.1 201 Created[\r][\n]"
2026-01-01 19:52:48 DEBUG wire:73 -  << "Date: Thu, 01 Jan 2026 14:22:47 GMT[\r][\n]"
2026-01-01 19:52:48 DEBUG wire:73 -  << "Content-Type: application/json; charset=utf-8[\r][\n]"
2026-01-01 19:52:48 DEBUG wire:73 -  << "Content-Length: 185[\r][\n]"
2026-01-01 19:52:48 DEBUG wire:73 -  << "Connection: keep-alive[\r][\n]"
2026-01-01 19:52:48 DEBUG wire:73 -  << "access-control-allow-origin: *[\r][\n]"
2026-01-01 19:52:48 DEBUG wire:73 -  << "etag: W/"b9-W5dsA20/IJ8mbaOReUppHjOVjpM"[\r][\n]"
2026-01-01 19:52:48 DEBUG wire:73 -  << "x-powered-by: Express[\r][\n]"
2026-01-01 19:52:48 DEBUG wire:73 -  << "cf-cache-status: DYNAMIC[\r][\n]"
2026-01-01 19:52:48 DEBUG wire:73 -  << "Nel: {"report_to":"cf-nel","success_fraction":0.0,"max_age":604800}[\r][\n]"
2026-01-01 19:52:48 DEBUG wire:73 -  << "Report-To: {"group":"cf-nel","max_age":604800,"endpoints":[{"url":"https://a.nel.cloudflare.com/report/v4?s=m6wudy%2FTThMofUSI4riToFipQlHo7p4MK%2F%2F6psr2WC4jGlVMbX%2BkW4PK6oyF2i0iHw5gBnvJHrxUMt3rKQwCTQpLmUHn%2B%2FJ3acQT%2BREJips%3D"}]}[\r][\n]"
2026-01-01 19:52:48 DEBUG wire:73 -  << "Server: cloudflare[\r][\n]"
2026-01-01 19:52:48 DEBUG wire:73 -  << "CF-RAY: 9b72abbb7e334907-BOM[\r][\n]"
2026-01-01 19:52:48 DEBUG wire:73 -  << "alt-svc: h3=":443"; ma=86400[\r][\n]"
2026-01-01 19:52:48 DEBUG wire:73 -  << "[\r][\n]"
2026-01-01 19:52:48 DEBUG DefaultClientConnection:259 - Receiving response: HTTP/1.1 201 Created
2026-01-01 19:52:48 DEBUG headers:262 - << HTTP/1.1 201 Created
2026-01-01 19:52:48 DEBUG headers:265 - << Date: Thu, 01 Jan 2026 14:22:47 GMT
2026-01-01 19:52:48 DEBUG headers:265 - << Content-Type: application/json; charset=utf-8
2026-01-01 19:52:48 DEBUG headers:265 - << Content-Length: 185
2026-01-01 19:52:48 DEBUG headers:265 - << Connection: keep-alive
2026-01-01 19:52:48 DEBUG headers:265 - << access-control-allow-origin: *
2026-01-01 19:52:48 DEBUG headers:265 - << etag: W/"b9-W5dsA20/IJ8mbaOReUppHjOVjpM"
2026-01-01 19:52:48 DEBUG headers:265 - << x-powered-by: Express
2026-01-01 19:52:48 DEBUG headers:265 - << cf-cache-status: DYNAMIC
2026-01-01 19:52:48 DEBUG headers:265 - << Nel: {"report_to":"cf-nel","success_fraction":0.0,"max_age":604800}
2026-01-01 19:52:48 DEBUG headers:265 - << Report-To: {"group":"cf-nel","max_age":604800,"endpoints":[{"url":"https://a.nel.cloudflare.com/report/v4?s=m6wudy%2FTThMofUSI4riToFipQlHo7p4MK%2F%2F6psr2WC4jGlVMbX%2BkW4PK6oyF2i0iHw5gBnvJHrxUMt3rKQwCTQpLmUHn%2B%2FJ3acQT%2BREJips%3D"}]}
2026-01-01 19:52:48 DEBUG headers:265 - << Server: cloudflare
2026-01-01 19:52:48 DEBUG headers:265 - << CF-RAY: 9b72abbb7e334907-BOM
2026-01-01 19:52:48 DEBUG headers:265 - << alt-svc: h3=":443"; ma=86400
2026-01-01 19:52:48 DEBUG DefaultHttpClient:504 - Connection can be kept alive indefinitely
2026-01-01 19:52:48 DEBUG RestAssuredHttpBuilder:553 - Parsing response as: application/json; charset=utf-8
2026-01-01 19:52:48 DEBUG RestAssuredHttpBuilder:556 - Parsed data to instance of: class org.apache.http.conn.EofSensorInputStream
2026-01-01 19:52:48 DEBUG wire:87 -  << "{"id":21,"title":"Bluetooth Headphones","price":"79.99","description":"Noise-canceling over-ear headphones with deep bass.","image":"https://i.pravatar.cc/102","category":"electronics"}"
2026-01-01 19:52:48 DEBUG BasicClientConnectionManager:200 - Releasing connection org.apache.http.impl.conn.ManagedClientConnectionImpl@5f0d8937
2026-01-01 19:52:48 DEBUG BasicClientConnectionManager:225 - Connection can be kept alive indefinitely
2026-01-01 19:52:48 INFO  ProductExcelTest:25 - Starting product creation test
2026-01-01 19:52:48 INFO  ProductExcelTest:26 - Payload received from Excel: {image=https://i.pravatar.cc/103, price=129.99, record=, description=Fitness smartwatch with heart rate monitor and GPS., title=Smart Watch, category=wearables}
2026-01-01 19:52:48 DEBUG BasicClientConnectionManager:161 - Get connection for route {s}->https://fakestoreapi.com:443
2026-01-01 19:52:48 DEBUG DefaultClientConnectionOperator:177 - Connecting to fakestoreapi.com:443
2026-01-01 19:52:49 DEBUG RequestAddCookies:123 - CookieSpec selected: ignoreCookies
2026-01-01 19:52:49 DEBUG RequestAuthCache:77 - Auth cache not set in the context
2026-01-01 19:52:49 DEBUG RequestTargetAuthentication:80 - Target auth state: UNCHALLENGED
2026-01-01 19:52:49 DEBUG RequestProxyAuthentication:89 - Proxy auth state: UNCHALLENGED
2026-01-01 19:52:49 DEBUG DefaultHttpClient:677 - Attempt 1 to execute request
2026-01-01 19:52:49 DEBUG DefaultClientConnection:274 - Sending request: POST /products HTTP/1.1
2026-01-01 19:52:49 DEBUG wire:73 -  >> "POST /products HTTP/1.1[\r][\n]"
2026-01-01 19:52:49 DEBUG wire:73 -  >> "Accept: */*[\r][\n]"
2026-01-01 19:52:49 DEBUG wire:73 -  >> "Content-Type: application/json[\r][\n]"
2026-01-01 19:52:49 DEBUG wire:73 -  >> "Content-Length: 179[\r][\n]"
2026-01-01 19:52:49 DEBUG wire:73 -  >> "Host: fakestoreapi.com[\r][\n]"
2026-01-01 19:52:49 DEBUG wire:73 -  >> "Connection: Keep-Alive[\r][\n]"
2026-01-01 19:52:49 DEBUG wire:73 -  >> "User-Agent: Apache-HttpClient/4.5.13 (Java/17.0.12)[\r][\n]"
2026-01-01 19:52:49 DEBUG wire:73 -  >> "Accept-Encoding: gzip,deflate[\r][\n]"
2026-01-01 19:52:49 DEBUG wire:73 -  >> "[\r][\n]"
2026-01-01 19:52:49 DEBUG headers:278 - >> POST /products HTTP/1.1
2026-01-01 19:52:49 DEBUG headers:281 - >> Accept: */*
2026-01-01 19:52:49 DEBUG headers:281 - >> Content-Type: application/json
2026-01-01 19:52:49 DEBUG headers:281 - >> Content-Length: 179
2026-01-01 19:52:49 DEBUG headers:281 - >> Host: fakestoreapi.com
2026-01-01 19:52:49 DEBUG headers:281 - >> Connection: Keep-Alive
2026-01-01 19:52:49 DEBUG headers:281 - >> User-Agent: Apache-HttpClient/4.5.13 (Java/17.0.12)
2026-01-01 19:52:49 DEBUG headers:281 - >> Accept-Encoding: gzip,deflate
2026-01-01 19:52:49 DEBUG wire:87 -  >> "{"image":"https://i.pravatar.cc/103","price":"129.99","record":"","description":"Fitness smartwatch with heart rate monitor and GPS.","title":"Smart Watch","category":"wearables"}"
2026-01-01 19:52:49 DEBUG wire:73 -  << "HTTP/1.1 201 Created[\r][\n]"
2026-01-01 19:52:49 DEBUG wire:73 -  << "Date: Thu, 01 Jan 2026 14:22:48 GMT[\r][\n]"
2026-01-01 19:52:49 DEBUG wire:73 -  << "Content-Type: application/json; charset=utf-8[\r][\n]"
2026-01-01 19:52:49 DEBUG wire:73 -  << "Content-Length: 175[\r][\n]"
2026-01-01 19:52:49 DEBUG wire:73 -  << "Connection: keep-alive[\r][\n]"
2026-01-01 19:52:49 DEBUG wire:73 -  << "access-control-allow-origin: *[\r][\n]"
2026-01-01 19:52:49 DEBUG wire:73 -  << "etag: W/"af-yMXKJM5LuHpB4f2Y7VORjIbYrCw"[\r][\n]"
2026-01-01 19:52:49 DEBUG wire:73 -  << "x-powered-by: Express[\r][\n]"
2026-01-01 19:52:49 DEBUG wire:73 -  << "cf-cache-status: DYNAMIC[\r][\n]"
2026-01-01 19:52:49 DEBUG wire:73 -  << "Nel: {"report_to":"cf-nel","success_fraction":0.0,"max_age":604800}[\r][\n]"
2026-01-01 19:52:49 DEBUG wire:73 -  << "Report-To: {"group":"cf-nel","max_age":604800,"endpoints":[{"url":"https://a.nel.cloudflare.com/report/v4?s=9nwGftinMMXpaIdeDPNcPCyCGw%2BYruOt5ycuhNXvpENILFFr26WT6DuAHCwyATRh8gRzyGZUGIWsw6p1JG6FwXOT7IMgbZEbxF3u%2BsJ%2BRcw%3D"}]}[\r][\n]"
2026-01-01 19:52:49 DEBUG wire:73 -  << "Server: cloudflare[\r][\n]"
2026-01-01 19:52:49 DEBUG wire:73 -  << "CF-RAY: 9b72abbe8ee44738-BOM[\r][\n]"
2026-01-01 19:52:49 DEBUG wire:73 -  << "alt-svc: h3=":443"; ma=86400[\r][\n]"
2026-01-01 19:52:49 DEBUG wire:73 -  << "[\r][\n]"
2026-01-01 19:52:49 DEBUG DefaultClientConnection:259 - Receiving response: HTTP/1.1 201 Created
2026-01-01 19:52:49 DEBUG headers:262 - << HTTP/1.1 201 Created
2026-01-01 19:52:49 DEBUG headers:265 - << Date: Thu, 01 Jan 2026 14:22:48 GMT
2026-01-01 19:52:49 DEBUG headers:265 - << Content-Type: application/json; charset=utf-8
2026-01-01 19:52:49 DEBUG headers:265 - << Content-Length: 175
2026-01-01 19:52:49 DEBUG headers:265 - << Connection: keep-alive
2026-01-01 19:52:49 DEBUG headers:265 - << access-control-allow-origin: *
2026-01-01 19:52:49 DEBUG headers:265 - << etag: W/"af-yMXKJM5LuHpB4f2Y7VORjIbYrCw"
2026-01-01 19:52:49 DEBUG headers:265 - << x-powered-by: Express
2026-01-01 19:52:49 DEBUG headers:265 - << cf-cache-status: DYNAMIC
2026-01-01 19:52:49 DEBUG headers:265 - << Nel: {"report_to":"cf-nel","success_fraction":0.0,"max_age":604800}
2026-01-01 19:52:49 DEBUG headers:265 - << Report-To: {"group":"cf-nel","max_age":604800,"endpoints":[{"url":"https://a.nel.cloudflare.com/report/v4?s=9nwGftinMMXpaIdeDPNcPCyCGw%2BYruOt5ycuhNXvpENILFFr26WT6DuAHCwyATRh8gRzyGZUGIWsw6p1JG6FwXOT7IMgbZEbxF3u%2BsJ%2BRcw%3D"}]}
2026-01-01 19:52:49 DEBUG headers:265 - << Server: cloudflare
2026-01-01 19:52:49 DEBUG headers:265 - << CF-RAY: 9b72abbe8ee44738-BOM
2026-01-01 19:52:49 DEBUG headers:265 - << alt-svc: h3=":443"; ma=86400
2026-01-01 19:52:49 DEBUG DefaultHttpClient:504 - Connection can be kept alive indefinitely
2026-01-01 19:52:49 DEBUG RestAssuredHttpBuilder:553 - Parsing response as: application/json; charset=utf-8
2026-01-01 19:52:49 DEBUG RestAssuredHttpBuilder:556 - Parsed data to instance of: class org.apache.http.conn.EofSensorInputStream
2026-01-01 19:52:49 DEBUG wire:87 -  << "{"id":21,"title":"Smart Watch","price":"129.99","description":"Fitness smartwatch with heart rate monitor and GPS.","image":"https://i.pravatar.cc/103","category":"wearables"}"
2026-01-01 19:52:49 DEBUG BasicClientConnectionManager:200 - Releasing connection org.apache.http.impl.conn.ManagedClientConnectionImpl@a4df251
2026-01-01 19:52:49 DEBUG BasicClientConnectionManager:225 - Connection can be kept alive indefinitely
2026-01-01 19:52:49 INFO  ProductExcelTest:25 - Starting product creation test
2026-01-01 19:52:49 INFO  ProductExcelTest:26 - Payload received from Excel: {image=https://i.pravatar.cc/104, price=39.99, record=, description=Waterproof Bluetooth speaker with 12-hour battery life., title=Portable Speaker, category=audio}
2026-01-01 19:52:49 DEBUG BasicClientConnectionManager:161 - Get connection for route {s}->https://fakestoreapi.com:443
2026-01-01 19:52:49 DEBUG DefaultClientConnectionOperator:177 - Connecting to fakestoreapi.com:443
2026-01-01 19:52:49 DEBUG RequestAddCookies:123 - CookieSpec selected: ignoreCookies
2026-01-01 19:52:49 DEBUG RequestAuthCache:77 - Auth cache not set in the context
2026-01-01 19:52:49 DEBUG RequestTargetAuthentication:80 - Target auth state: UNCHALLENGED
2026-01-01 19:52:49 DEBUG RequestProxyAuthentication:89 - Proxy auth state: UNCHALLENGED
2026-01-01 19:52:49 DEBUG DefaultHttpClient:677 - Attempt 1 to execute request
2026-01-01 19:52:49 DEBUG DefaultClientConnection:274 - Sending request: POST /products HTTP/1.1
2026-01-01 19:52:49 DEBUG wire:73 -  >> "POST /products HTTP/1.1[\r][\n]"
2026-01-01 19:52:49 DEBUG wire:73 -  >> "Accept: */*[\r][\n]"
2026-01-01 19:52:49 DEBUG wire:73 -  >> "Content-Type: application/json[\r][\n]"
2026-01-01 19:52:49 DEBUG wire:73 -  >> "Content-Length: 183[\r][\n]"
2026-01-01 19:52:49 DEBUG wire:73 -  >> "Host: fakestoreapi.com[\r][\n]"
2026-01-01 19:52:49 DEBUG wire:73 -  >> "Connection: Keep-Alive[\r][\n]"
2026-01-01 19:52:49 DEBUG wire:73 -  >> "User-Agent: Apache-HttpClient/4.5.13 (Java/17.0.12)[\r][\n]"
2026-01-01 19:52:49 DEBUG wire:73 -  >> "Accept-Encoding: gzip,deflate[\r][\n]"
2026-01-01 19:52:49 DEBUG wire:73 -  >> "[\r][\n]"
2026-01-01 19:52:49 DEBUG headers:278 - >> POST /products HTTP/1.1
2026-01-01 19:52:49 DEBUG headers:281 - >> Accept: */*
2026-01-01 19:52:49 DEBUG headers:281 - >> Content-Type: application/json
2026-01-01 19:52:49 DEBUG headers:281 - >> Content-Length: 183
2026-01-01 19:52:49 DEBUG headers:281 - >> Host: fakestoreapi.com
2026-01-01 19:52:49 DEBUG headers:281 - >> Connection: Keep-Alive
2026-01-01 19:52:49 DEBUG headers:281 - >> User-Agent: Apache-HttpClient/4.5.13 (Java/17.0.12)
2026-01-01 19:52:49 DEBUG headers:281 - >> Accept-Encoding: gzip,deflate
2026-01-01 19:52:49 DEBUG wire:87 -  >> "{"image":"https://i.pravatar.cc/104","price":"39.99","record":"","description":"Waterproof Bluetooth speaker with 12-hour battery life.","title":"Portable Speaker","category":"audio"}"
2026-01-01 19:52:49 DEBUG wire:73 -  << "HTTP/1.1 201 Created[\r][\n]"
2026-01-01 19:52:49 DEBUG wire:73 -  << "Date: Thu, 01 Jan 2026 14:22:48 GMT[\r][\n]"
2026-01-01 19:52:49 DEBUG wire:73 -  << "Content-Type: application/json; charset=utf-8[\r][\n]"
2026-01-01 19:52:49 DEBUG wire:73 -  << "Content-Length: 179[\r][\n]"
2026-01-01 19:52:49 DEBUG wire:73 -  << "Connection: keep-alive[\r][\n]"
2026-01-01 19:52:49 DEBUG wire:73 -  << "access-control-allow-origin: *[\r][\n]"
2026-01-01 19:52:49 DEBUG wire:73 -  << "etag: W/"b3-zmnvbpBiQIgFaJfde7k8V4rmmQE"[\r][\n]"
2026-01-01 19:52:49 DEBUG wire:73 -  << "x-powered-by: Express[\r][\n]"
2026-01-01 19:52:49 DEBUG wire:73 -  << "cf-cache-status: DYNAMIC[\r][\n]"
2026-01-01 19:52:49 DEBUG wire:73 -  << "Nel: {"report_to":"cf-nel","success_fraction":0.0,"max_age":604800}[\r][\n]"
2026-01-01 19:52:49 DEBUG wire:73 -  << "Report-To: {"group":"cf-nel","max_age":604800,"endpoints":[{"url":"https://a.nel.cloudflare.com/report/v4?s=Nc36BrPyPxZOErCqB0wXZH1%2FZIz1iwPv%2FAUG%2BnjZzHfrpZgf06QXCd0qm0UcIm7rncu5lAvA1tumi7Y8IkrzJLgG5NPzHE%2BBTzHCNnMP9YU%3D"}]}[\r][\n]"
2026-01-01 19:52:49 DEBUG wire:73 -  << "Server: cloudflare[\r][\n]"
2026-01-01 19:52:49 DEBUG wire:73 -  << "CF-RAY: 9b72abc0be0540b1-BOM[\r][\n]"
2026-01-01 19:52:49 DEBUG wire:73 -  << "alt-svc: h3=":443"; ma=86400[\r][\n]"
2026-01-01 19:52:49 DEBUG wire:73 -  << "[\r][\n]"
2026-01-01 19:52:49 DEBUG DefaultClientConnection:259 - Receiving response: HTTP/1.1 201 Created
2026-01-01 19:52:49 DEBUG headers:262 - << HTTP/1.1 201 Created
2026-01-01 19:52:49 DEBUG headers:265 - << Date: Thu, 01 Jan 2026 14:22:48 GMT
2026-01-01 19:52:49 DEBUG headers:265 - << Content-Type: application/json; charset=utf-8
2026-01-01 19:52:49 DEBUG headers:265 - << Content-Length: 179
2026-01-01 19:52:49 DEBUG headers:265 - << Connection: keep-alive
2026-01-01 19:52:49 DEBUG headers:265 - << access-control-allow-origin: *
2026-01-01 19:52:49 DEBUG headers:265 - << etag: W/"b3-zmnvbpBiQIgFaJfde7k8V4rmmQE"
2026-01-01 19:52:49 DEBUG headers:265 - << x-powered-by: Express
2026-01-01 19:52:49 DEBUG headers:265 - << cf-cache-status: DYNAMIC
2026-01-01 19:52:49 DEBUG headers:265 - << Nel: {"report_to":"cf-nel","success_fraction":0.0,"max_age":604800}
2026-01-01 19:52:49 DEBUG headers:265 - << Report-To: {"group":"cf-nel","max_age":604800,"endpoints":[{"url":"https://a.nel.cloudflare.com/report/v4?s=Nc36BrPyPxZOErCqB0wXZH1%2FZIz1iwPv%2FAUG%2BnjZzHfrpZgf06QXCd0qm0UcIm7rncu5lAvA1tumi7Y8IkrzJLgG5NPzHE%2BBTzHCNnMP9YU%3D"}]}
2026-01-01 19:52:49 DEBUG headers:265 - << Server: cloudflare
2026-01-01 19:52:49 DEBUG headers:265 - << CF-RAY: 9b72abc0be0540b1-BOM
2026-01-01 19:52:49 DEBUG headers:265 - << alt-svc: h3=":443"; ma=86400
2026-01-01 19:52:49 DEBUG DefaultHttpClient:504 - Connection can be kept alive indefinitely
2026-01-01 19:52:49 DEBUG RestAssuredHttpBuilder:553 - Parsing response as: application/json; charset=utf-8
2026-01-01 19:52:49 DEBUG RestAssuredHttpBuilder:556 - Parsed data to instance of: class org.apache.http.conn.EofSensorInputStream
2026-01-01 19:52:49 DEBUG wire:87 -  << "{"id":21,"title":"Portable Speaker","price":"39.99","description":"Waterproof Bluetooth speaker with 12-hour battery life.","image":"https://i.pravatar.cc/104","category":"audio"}"
2026-01-01 19:52:49 DEBUG BasicClientConnectionManager:200 - Releasing connection org.apache.http.impl.conn.ManagedClientConnectionImpl@271e851e
2026-01-01 19:52:49 DEBUG BasicClientConnectionManager:225 - Connection can be kept alive indefinitely
